<?xml version="1.0" encoding="UTF-8" standalone="no"?>
<!DOCTYPE log SYSTEM "logger.dtd">
<log>
<record>
  <date>2018-07-09T15:16:52</date>
  <millis>1531129612293</millis>
  <sequence>0</sequence>
  <level>START</level>
  <class>com.kms.katalon.core.logging.KeywordLogger</class>
  <method>startSuite</method>
  <thread>1</thread>
  <message>Start Test Suite : Test Suites/Snapdeal Web Page</message>
  <nestedLevel>0</nestedLevel>
  <property name="name">Snapdeal Web Page</property>
  <property name="description"></property>
  <property name="id">Test Suites/Snapdeal Web Page</property>
</record>
<record>
  <date>2018-07-09T15:16:52</date>
  <millis>1531129612312</millis>
  <sequence>1</sequence>
  <level>RUN_DATA</level>
  <class>com.kms.katalon.core.logging.KeywordLogger</class>
  <method>logMessage</method>
  <thread>1</thread>
  <message>Logging run data &amp;apos;hostName&amp;apos; with value &amp;apos;kartik.sehgal.in - L-15S7152.jasperindia.local&amp;apos;</message>
  <nestedLevel>0</nestedLevel>
  <property name="hostName">kartik.sehgal.in - L-15S7152.jasperindia.local</property>
</record>
<record>
  <date>2018-07-09T15:16:52</date>
  <millis>1531129612313</millis>
  <sequence>2</sequence>
  <level>RUN_DATA</level>
  <class>com.kms.katalon.core.logging.KeywordLogger</class>
  <method>logMessage</method>
  <thread>1</thread>
  <message>Logging run data &amp;apos;os&amp;apos; with value &amp;apos;Windows 7 64bit&amp;apos;</message>
  <nestedLevel>0</nestedLevel>
  <property name="os">Windows 7 64bit</property>
</record>
<record>
  <date>2018-07-09T15:16:52</date>
  <millis>1531129612314</millis>
  <sequence>3</sequence>
  <level>RUN_DATA</level>
  <class>com.kms.katalon.core.logging.KeywordLogger</class>
  <method>logMessage</method>
  <thread>1</thread>
  <message>Logging run data &amp;apos;hostAddress&amp;apos; with value &amp;apos;10.20.86.19&amp;apos;</message>
  <nestedLevel>0</nestedLevel>
  <property name="hostAddress">10.20.86.19</property>
</record>
<record>
  <date>2018-07-09T15:16:52</date>
  <millis>1531129612316</millis>
  <sequence>4</sequence>
  <level>RUN_DATA</level>
  <class>com.kms.katalon.core.logging.KeywordLogger</class>
  <method>logMessage</method>
  <thread>1</thread>
  <message>Logging run data &amp;apos;katalonVersion&amp;apos; with value &amp;apos;5.4.2.1&amp;apos;</message>
  <nestedLevel>0</nestedLevel>
  <property name="katalonVersion">5.4.2.1</property>
</record>
<record>
  <date>2018-07-09T15:16:52</date>
  <millis>1531129612681</millis>
  <sequence>5</sequence>
  <level>START</level>
  <class>com.kms.katalon.core.logging.KeywordLogger</class>
  <method>startTest</method>
  <thread>1</thread>
  <message>Start Test Case : Test Cases/Snapdeal Web Page</message>
  <nestedLevel>1</nestedLevel>
  <property name="name">Test Cases/Snapdeal Web Page</property>
  <property name="description"></property>
  <property name="id">Test Cases/Snapdeal Web Page</property>
  <property name="source">C:\\Users\\kartik.sehgal.in\\Katalon Studio\\SD\\Test Cases\\Snapdeal Web Page.tc</property>
  <property name="isOptional">false</property>
</record>
<record>
  <date>2018-07-09T15:16:52</date>
  <millis>1531129612723</millis>
  <sequence>6</sequence>
  <level>INFO</level>
  <class>com.kms.katalon.core.logging.KeywordLogger</class>
  <method>logMessage</method>
  <thread>1</thread>
  <message>Evaluating variables for test case</message>
  <nestedLevel>1</nestedLevel>
</record>
<record>
  <date>2018-07-09T15:16:52</date>
  <millis>1531129612725</millis>
  <sequence>7</sequence>
  <level>INFO</level>
  <class>com.kms.katalon.core.logging.KeywordLogger</class>
  <method>logMessage</method>
  <thread>1</thread>
  <message>Variable &amp;apos;username&amp;apos; is set to null</message>
  <nestedLevel>1</nestedLevel>
</record>
<record>
  <date>2018-07-09T15:16:53</date>
  <millis>1531129613067</millis>
  <sequence>8</sequence>
  <level>START</level>
  <class>com.kms.katalon.core.logging.KeywordLogger</class>
  <method>startKeyword</method>
  <thread>1</thread>
  <message>Start action : openBrowser</message>
  <nestedLevel>1</nestedLevel>
  <property name="startLine">23</property>
  <property name="stepIndex">1</property>
</record>
<record>
  <date>2018-07-09T15:16:53</date>
  <millis>1531129613428</millis>
  <sequence>9</sequence>
  <level>INFO</level>
  <class>com.kms.katalon.core.logging.KeywordLogger</class>
  <method>logMessage</method>
  <thread>1</thread>
  <message>Opening browser</message>
  <nestedLevel>1</nestedLevel>
</record>
<record>
  <date>2018-07-09T15:16:53</date>
  <millis>1531129613436</millis>
  <sequence>10</sequence>
  <level>INFO</level>
  <class>com.kms.katalon.core.logging.KeywordLogger</class>
  <method>logMessage</method>
  <thread>1</thread>
  <message>Starting &amp;apos;Firefox&amp;apos; driver</message>
  <nestedLevel>1</nestedLevel>
</record>
<record>
  <date>2018-07-09T15:16:53</date>
  <millis>1531129613495</millis>
  <sequence>11</sequence>
  <level>INFO</level>
  <class>com.kms.katalon.core.logging.KeywordLogger</class>
  <method>logMessage</method>
  <thread>1</thread>
  <message>Action delay is set to 0 seconds</message>
  <nestedLevel>1</nestedLevel>
</record>
<record>
  <date>2018-07-09T15:17:05</date>
  <millis>1531129625603</millis>
  <sequence>13</sequence>
  <level>RUN_DATA</level>
  <class>com.kms.katalon.core.logging.KeywordLogger</class>
  <method>logMessage</method>
  <thread>1</thread>
  <message>Logging run data &amp;apos;sessionId&amp;apos; with value &amp;apos;f9a163e5-a2da-45db-b0ef-61b5953a1a5e&amp;apos;</message>
  <nestedLevel>1</nestedLevel>
  <property name="sessionId">f9a163e5-a2da-45db-b0ef-61b5953a1a5e</property>
</record>
<record>
  <date>2018-07-09T15:17:05</date>
  <millis>1531129625628</millis>
  <sequence>14</sequence>
  <level>RUN_DATA</level>
  <class>com.kms.katalon.core.logging.KeywordLogger</class>
  <method>logMessage</method>
  <thread>1</thread>
  <message>Logging run data &amp;apos;browser&amp;apos; with value &amp;apos;Firefox 62.0&amp;apos;</message>
  <nestedLevel>1</nestedLevel>
  <property name="browser">Firefox 62.0</property>
</record>
<record>
  <date>2018-07-09T15:17:05</date>
  <millis>1531129625629</millis>
  <sequence>15</sequence>
  <level>RUN_DATA</level>
  <class>com.kms.katalon.core.logging.KeywordLogger</class>
  <method>logMessage</method>
  <thread>1</thread>
  <message>Logging run data &amp;apos;platform&amp;apos; with value &amp;apos;Windows 7&amp;apos;</message>
  <nestedLevel>1</nestedLevel>
  <property name="platform">Windows 7</property>
</record>
<record>
  <date>2018-07-09T15:17:05</date>
  <millis>1531129625632</millis>
  <sequence>16</sequence>
  <level>RUN_DATA</level>
  <class>com.kms.katalon.core.logging.KeywordLogger</class>
  <method>logMessage</method>
  <thread>1</thread>
  <message>Logging run data &amp;apos;seleniumVersion&amp;apos; with value &amp;apos;3.7.1&amp;apos;</message>
  <nestedLevel>1</nestedLevel>
  <property name="seleniumVersion">3.7.1</property>
</record>
<record>
  <date>2018-07-09T15:17:05</date>
  <millis>1531129625633</millis>
  <sequence>17</sequence>
  <level>RUN_DATA</level>
  <class>com.kms.katalon.core.logging.KeywordLogger</class>
  <method>logMessage</method>
  <thread>1</thread>
  <message>Logging run data &amp;apos;proxyInformation&amp;apos; with value &amp;apos;ProxyInformation{proxyOption=NO_PROXY, proxyServerType=HTTP, password=, proxyServerAddress=, proxyServerPort=0}&amp;apos;</message>
  <nestedLevel>1</nestedLevel>
  <property name="proxyInformation">ProxyInformation{proxyOption=NO_PROXY, proxyServerType=HTTP, password=, proxyServerAddress=, proxyServerPort=0}</property>
</record>
<record>
  <date>2018-07-09T15:17:05</date>
  <millis>1531129625634</millis>
  <sequence>18</sequence>
  <level>PASSED</level>
  <class>com.kms.katalon.core.logging.KeywordLogger</class>
  <method>logMessage</method>
  <thread>1</thread>
  <message>Browser is opened with url: &amp;apos;&amp;apos;</message>
  <nestedLevel>1</nestedLevel>
</record>
<record>
  <date>2018-07-09T15:17:05</date>
  <millis>1531129625648</millis>
  <sequence>19</sequence>
  <level>END</level>
  <class>com.kms.katalon.core.logging.KeywordLogger</class>
  <method>endKeyword</method>
  <thread>1</thread>
  <message>End action : openBrowser</message>
  <nestedLevel>1</nestedLevel>
</record>
<record>
  <date>2018-07-09T15:17:05</date>
  <millis>1531129625648</millis>
  <sequence>20</sequence>
  <level>START</level>
  <class>com.kms.katalon.core.logging.KeywordLogger</class>
  <method>startKeyword</method>
  <thread>1</thread>
  <message>Start action : navigateToUrl</message>
  <nestedLevel>1</nestedLevel>
  <property name="startLine">25</property>
  <property name="stepIndex">2</property>
</record>
<record>
  <date>2018-07-09T15:17:05</date>
  <millis>1531129625671</millis>
  <sequence>21</sequence>
  <level>INFO</level>
  <class>com.kms.katalon.core.logging.KeywordLogger</class>
  <method>logMessage</method>
  <thread>1</thread>
  <message>Checking url</message>
  <nestedLevel>1</nestedLevel>
</record>
<record>
  <date>2018-07-09T15:17:05</date>
  <millis>1531129625673</millis>
  <sequence>22</sequence>
  <level>INFO</level>
  <class>com.kms.katalon.core.logging.KeywordLogger</class>
  <method>logMessage</method>
  <thread>1</thread>
  <message>Navigating to &amp;apos;https://www.snapdeal.com/&amp;apos;</message>
  <nestedLevel>1</nestedLevel>
</record>
<record>
  <date>2018-07-09T15:17:07</date>
  <millis>1531129627446</millis>
  <sequence>23</sequence>
  <level>PASSED</level>
  <class>com.kms.katalon.core.logging.KeywordLogger</class>
  <method>logMessage</method>
  <thread>1</thread>
  <message>Navigate to &amp;apos;https://www.snapdeal.com/&amp;apos; successfully</message>
  <nestedLevel>1</nestedLevel>
</record>
<record>
  <date>2018-07-09T15:17:07</date>
  <millis>1531129627447</millis>
  <sequence>24</sequence>
  <level>END</level>
  <class>com.kms.katalon.core.logging.KeywordLogger</class>
  <method>endKeyword</method>
  <thread>1</thread>
  <message>End action : navigateToUrl</message>
  <nestedLevel>1</nestedLevel>
</record>
<record>
  <date>2018-07-09T15:17:07</date>
  <millis>1531129627448</millis>
  <sequence>25</sequence>
  <level>START</level>
  <class>com.kms.katalon.core.logging.KeywordLogger</class>
  <method>startKeyword</method>
  <thread>1</thread>
  <message>Start action : waitForElementPresent</message>
  <nestedLevel>1</nestedLevel>
  <property name="startLine">27</property>
  <property name="stepIndex">3</property>
</record>
<record>
  <date>2018-07-09T15:17:07</date>
  <millis>1531129627457</millis>
  <sequence>26</sequence>
  <level>INFO</level>
  <class>com.kms.katalon.core.logging.KeywordLogger</class>
  <method>logMessage</method>
  <thread>1</thread>
  <message>Finding Test Object with id &amp;apos;Object Repository/SD_Login_OR/Page_Online Shopping Site in India/Page_Online Shopping Site in India/div_Sign In&amp;apos;</message>
  <nestedLevel>1</nestedLevel>
</record>
<record>
  <date>2018-07-09T15:17:07</date>
  <millis>1531129627532</millis>
  <sequence>27</sequence>
  <level>INFO</level>
  <class>com.kms.katalon.core.logging.KeywordLogger</class>
  <method>logMessage</method>
  <thread>1</thread>
  <message>Checking object</message>
  <nestedLevel>1</nestedLevel>
</record>
<record>
  <date>2018-07-09T15:17:07</date>
  <millis>1531129627532</millis>
  <sequence>28</sequence>
  <level>INFO</level>
  <class>com.kms.katalon.core.logging.KeywordLogger</class>
  <method>logMessage</method>
  <thread>1</thread>
  <message>Checking timeout</message>
  <nestedLevel>1</nestedLevel>
</record>
<record>
  <date>2018-07-09T15:17:07</date>
  <millis>1531129627565</millis>
  <sequence>29</sequence>
  <level>INFO</level>
  <class>com.kms.katalon.core.logging.KeywordLogger</class>
  <method>logMessage</method>
  <thread>1</thread>
  <message>Finding web element with id: &amp;apos;Object Repository/SD_Login_OR/Page_Online Shopping Site in India/Page_Online Shopping Site in India/div_Sign In&amp;apos; located by &amp;apos;By.xpath: //div[(text() = &amp;apos;\n\t\t\t  \t\tSign In\n\t\t\t\t\t  \n\t\t\t\t\t  \t\t\n\t\t\t\t\t  \t\t\n\t\t\t\t\t  \n\t\t\t\t\t  \n\t\t\t\t\t  \n\t\t\t      \t\t\t\n\t\t\t      \t\t\t\t\n\t\t\t\t\t\t\t\t\t\t\n\t\t\t\t\t\t\t\t\t\tOrders\n\t\t\t\t\t\t\t\t\t\tShortlist\n\t\t\t\t\t\t\t\t\t\tSD Cash\n\t\t\t\t\t\t\t\t\t\tE-Gift Voucher\n\t\t\t\t\t\t\t\t\t\t\n\t\t\t\t\t\t\t\t\t\t\tLogout\n\t\t\t\t\t\t\t\t\t\t\n\t\t\t\t\t\t\t\t\t\t\n\t\t\t\t\t\t\t\t\t\n\n\t\t\t\t\t\t\t\n\t\t\t\t\t\t\t\n\t\t\t\t\t\t\t\t\n\t\t\t\t\t\t\t\t\t\n\t\t\t\t\t\t\t\t\t\tYour Account\n\t\t\t\t\t\t\t\t\t\tYour Orders\n\t\t\t\t\t\t\t\t\t\tShortlist\n\t\t\t\t\t\t\t\t\t\tSD Cash\n\t\t\t\t\t\t\t\t\t\n\t\t\t\t\t\t\t\t\n\t\t\t\t\t\t\t\t\n\t\t\t\t\t\t \t\t\tIf you are a new user\n\t\t\t\t\t\t \t\t\tRegister\n\t\t\t\t\t\t \t\t\tlogin\n\t\t\t\t\t\t \t\t\n\n\t\t\t\t\t\t\t\n\t\t\t\t\t\n\t\t\t    &amp;apos; or . = &amp;apos;\n\t\t\t  \t\tSign In\n\t\t\t\t\t  \n\t\t\t\t\t  \t\t\n\t\t\t\t\t  \t\t\n\t\t\t\t\t  \n\t\t\t\t\t  \n\t\t\t\t\t  \n\t\t\t      \t\t\t\n\t\t\t      \t\t\t\t\n\t\t\t\t\t\t\t\t\t\t\n\t\t\t\t\t\t\t\t\t\tOrders\n\t\t\t\t\t\t\t\t\t\tShortlist\n\t\t\t\t\t\t\t\t\t\tSD Cash\n\t\t\t\t\t\t\t\t\t\tE-Gift Voucher\n\t\t\t\t\t\t\t\t\t\t\n\t\t\t\t\t\t\t\t\t\t\tLogout\n\t\t\t\t\t\t\t\t\t\t\n\t\t\t\t\t\t\t\t\t\t\n\t\t\t\t\t\t\t\t\t\n\n\t\t\t\t\t\t\t\n\t\t\t\t\t\t\t\n\t\t\t\t\t\t\t\t\n\t\t\t\t\t\t\t\t\t\n\t\t\t\t\t\t\t\t\t\tYour Account\n\t\t\t\t\t\t\t\t\t\tYour Orders\n\t\t\t\t\t\t\t\t\t\tShortlist\n\t\t\t\t\t\t\t\t\t\tSD Cash\n\t\t\t\t\t\t\t\t\t\n\t\t\t\t\t\t\t\t\n\t\t\t\t\t\t\t\t\n\t\t\t\t\t\t \t\t\tIf you are a new user\n\t\t\t\t\t\t \t\t\tRegister\n\t\t\t\t\t\t \t\t\tlogin\n\t\t\t\t\t\t \t\t\n\n\t\t\t\t\t\t\t\n\t\t\t\t\t\n\t\t\t    &amp;apos;)]&amp;apos; in &amp;apos;10&amp;apos; second(s)</message>
  <nestedLevel>1</nestedLevel>
</record>
<record>
  <date>2018-07-09T15:17:08</date>
  <millis>1531129628099</millis>
  <sequence>30</sequence>
  <level>INFO</level>
  <class>com.kms.katalon.core.logging.KeywordLogger</class>
  <method>logMessage</method>
  <thread>1</thread>
  <message>Found 1 web elements with id: &amp;apos;Object Repository/SD_Login_OR/Page_Online Shopping Site in India/Page_Online Shopping Site in India/div_Sign In&amp;apos; located by &amp;apos;By.xpath: //div[(text() = &amp;apos;\n\t\t\t  \t\tSign In\n\t\t\t\t\t  \n\t\t\t\t\t  \t\t\n\t\t\t\t\t  \t\t\n\t\t\t\t\t  \n\t\t\t\t\t  \n\t\t\t\t\t  \n\t\t\t      \t\t\t\n\t\t\t      \t\t\t\t\n\t\t\t\t\t\t\t\t\t\t\n\t\t\t\t\t\t\t\t\t\tOrders\n\t\t\t\t\t\t\t\t\t\tShortlist\n\t\t\t\t\t\t\t\t\t\tSD Cash\n\t\t\t\t\t\t\t\t\t\tE-Gift Voucher\n\t\t\t\t\t\t\t\t\t\t\n\t\t\t\t\t\t\t\t\t\t\tLogout\n\t\t\t\t\t\t\t\t\t\t\n\t\t\t\t\t\t\t\t\t\t\n\t\t\t\t\t\t\t\t\t\n\n\t\t\t\t\t\t\t\n\t\t\t\t\t\t\t\n\t\t\t\t\t\t\t\t\n\t\t\t\t\t\t\t\t\t\n\t\t\t\t\t\t\t\t\t\tYour Account\n\t\t\t\t\t\t\t\t\t\tYour Orders\n\t\t\t\t\t\t\t\t\t\tShortlist\n\t\t\t\t\t\t\t\t\t\tSD Cash\n\t\t\t\t\t\t\t\t\t\n\t\t\t\t\t\t\t\t\n\t\t\t\t\t\t\t\t\n\t\t\t\t\t\t \t\t\tIf you are a new user\n\t\t\t\t\t\t \t\t\tRegister\n\t\t\t\t\t\t \t\t\tlogin\n\t\t\t\t\t\t \t\t\n\n\t\t\t\t\t\t\t\n\t\t\t\t\t\n\t\t\t    &amp;apos; or . = &amp;apos;\n\t\t\t  \t\tSign In\n\t\t\t\t\t  \n\t\t\t\t\t  \t\t\n\t\t\t\t\t  \t\t\n\t\t\t\t\t  \n\t\t\t\t\t  \n\t\t\t\t\t  \n\t\t\t      \t\t\t\n\t\t\t      \t\t\t\t\n\t\t\t\t\t\t\t\t\t\t\n\t\t\t\t\t\t\t\t\t\tOrders\n\t\t\t\t\t\t\t\t\t\tShortlist\n\t\t\t\t\t\t\t\t\t\tSD Cash\n\t\t\t\t\t\t\t\t\t\tE-Gift Voucher\n\t\t\t\t\t\t\t\t\t\t\n\t\t\t\t\t\t\t\t\t\t\tLogout\n\t\t\t\t\t\t\t\t\t\t\n\t\t\t\t\t\t\t\t\t\t\n\t\t\t\t\t\t\t\t\t\n\n\t\t\t\t\t\t\t\n\t\t\t\t\t\t\t\n\t\t\t\t\t\t\t\t\n\t\t\t\t\t\t\t\t\t\n\t\t\t\t\t\t\t\t\t\tYour Account\n\t\t\t\t\t\t\t\t\t\tYour Orders\n\t\t\t\t\t\t\t\t\t\tShortlist\n\t\t\t\t\t\t\t\t\t\tSD Cash\n\t\t\t\t\t\t\t\t\t\n\t\t\t\t\t\t\t\t\n\t\t\t\t\t\t\t\t\n\t\t\t\t\t\t \t\t\tIf you are a new user\n\t\t\t\t\t\t \t\t\tRegister\n\t\t\t\t\t\t \t\t\tlogin\n\t\t\t\t\t\t \t\t\n\n\t\t\t\t\t\t\t\n\t\t\t\t\t\n\t\t\t    &amp;apos;)]&amp;apos; in &amp;apos;10&amp;apos; second(s)</message>
  <nestedLevel>1</nestedLevel>
</record>
<record>
  <date>2018-07-09T15:17:08</date>
  <millis>1531129628104</millis>
  <sequence>31</sequence>
  <level>PASSED</level>
  <class>com.kms.katalon.core.logging.KeywordLogger</class>
  <method>logMessage</method>
  <thread>1</thread>
  <message>Object &amp;apos;Object Repository/SD_Login_OR/Page_Online Shopping Site in India/Page_Online Shopping Site in India/div_Sign In&amp;apos; is present</message>
  <nestedLevel>1</nestedLevel>
</record>
<record>
  <date>2018-07-09T15:17:08</date>
  <millis>1531129628105</millis>
  <sequence>32</sequence>
  <level>END</level>
  <class>com.kms.katalon.core.logging.KeywordLogger</class>
  <method>endKeyword</method>
  <thread>1</thread>
  <message>End action : waitForElementPresent</message>
  <nestedLevel>1</nestedLevel>
</record>
<record>
  <date>2018-07-09T15:17:08</date>
  <millis>1531129628105</millis>
  <sequence>33</sequence>
  <level>START</level>
  <class>com.kms.katalon.core.logging.KeywordLogger</class>
  <method>startKeyword</method>
  <thread>1</thread>
  <message>Start action : verifyElementPresent</message>
  <nestedLevel>1</nestedLevel>
  <property name="startLine">30</property>
  <property name="stepIndex">4</property>
</record>
<record>
  <date>2018-07-09T15:17:08</date>
  <millis>1531129628106</millis>
  <sequence>34</sequence>
  <level>INFO</level>
  <class>com.kms.katalon.core.logging.KeywordLogger</class>
  <method>logMessage</method>
  <thread>1</thread>
  <message>Finding Test Object with id &amp;apos;Object Repository/SD_Login_OR/Page_Online Shopping Site in India/Page_Online Shopping Site in India/div_Sign In&amp;apos;</message>
  <nestedLevel>1</nestedLevel>
</record>
<record>
  <date>2018-07-09T15:17:08</date>
  <millis>1531129628139</millis>
  <sequence>35</sequence>
  <level>INFO</level>
  <class>com.kms.katalon.core.logging.KeywordLogger</class>
  <method>logMessage</method>
  <thread>1</thread>
  <message>Checking object</message>
  <nestedLevel>1</nestedLevel>
</record>
<record>
  <date>2018-07-09T15:17:08</date>
  <millis>1531129628142</millis>
  <sequence>36</sequence>
  <level>INFO</level>
  <class>com.kms.katalon.core.logging.KeywordLogger</class>
  <method>logMessage</method>
  <thread>1</thread>
  <message>Checking timeout</message>
  <nestedLevel>1</nestedLevel>
</record>
<record>
  <date>2018-07-09T15:17:08</date>
  <millis>1531129628142</millis>
  <sequence>37</sequence>
  <level>WARNING</level>
  <class>com.kms.katalon.core.logging.KeywordLogger</class>
  <method>logMessage</method>
  <thread>1</thread>
  <message>Timeout &amp;apos;0&amp;apos; is invalid. Using default page load timeout: &amp;apos;30&amp;apos;</message>
  <nestedLevel>1</nestedLevel>
</record>
<record>
  <date>2018-07-09T15:17:08</date>
  <millis>1531129628142</millis>
  <sequence>38</sequence>
  <level>INFO</level>
  <class>com.kms.katalon.core.logging.KeywordLogger</class>
  <method>logMessage</method>
  <thread>1</thread>
  <message>Finding web element with id: &amp;apos;Object Repository/SD_Login_OR/Page_Online Shopping Site in India/Page_Online Shopping Site in India/div_Sign In&amp;apos; located by &amp;apos;By.xpath: //div[(text() = &amp;apos;\n\t\t\t  \t\tSign In\n\t\t\t\t\t  \n\t\t\t\t\t  \t\t\n\t\t\t\t\t  \t\t\n\t\t\t\t\t  \n\t\t\t\t\t  \n\t\t\t\t\t  \n\t\t\t      \t\t\t\n\t\t\t      \t\t\t\t\n\t\t\t\t\t\t\t\t\t\t\n\t\t\t\t\t\t\t\t\t\tOrders\n\t\t\t\t\t\t\t\t\t\tShortlist\n\t\t\t\t\t\t\t\t\t\tSD Cash\n\t\t\t\t\t\t\t\t\t\tE-Gift Voucher\n\t\t\t\t\t\t\t\t\t\t\n\t\t\t\t\t\t\t\t\t\t\tLogout\n\t\t\t\t\t\t\t\t\t\t\n\t\t\t\t\t\t\t\t\t\t\n\t\t\t\t\t\t\t\t\t\n\n\t\t\t\t\t\t\t\n\t\t\t\t\t\t\t\n\t\t\t\t\t\t\t\t\n\t\t\t\t\t\t\t\t\t\n\t\t\t\t\t\t\t\t\t\tYour Account\n\t\t\t\t\t\t\t\t\t\tYour Orders\n\t\t\t\t\t\t\t\t\t\tShortlist\n\t\t\t\t\t\t\t\t\t\tSD Cash\n\t\t\t\t\t\t\t\t\t\n\t\t\t\t\t\t\t\t\n\t\t\t\t\t\t\t\t\n\t\t\t\t\t\t \t\t\tIf you are a new user\n\t\t\t\t\t\t \t\t\tRegister\n\t\t\t\t\t\t \t\t\tlogin\n\t\t\t\t\t\t \t\t\n\n\t\t\t\t\t\t\t\n\t\t\t\t\t\n\t\t\t    &amp;apos; or . = &amp;apos;\n\t\t\t  \t\tSign In\n\t\t\t\t\t  \n\t\t\t\t\t  \t\t\n\t\t\t\t\t  \t\t\n\t\t\t\t\t  \n\t\t\t\t\t  \n\t\t\t\t\t  \n\t\t\t      \t\t\t\n\t\t\t      \t\t\t\t\n\t\t\t\t\t\t\t\t\t\t\n\t\t\t\t\t\t\t\t\t\tOrders\n\t\t\t\t\t\t\t\t\t\tShortlist\n\t\t\t\t\t\t\t\t\t\tSD Cash\n\t\t\t\t\t\t\t\t\t\tE-Gift Voucher\n\t\t\t\t\t\t\t\t\t\t\n\t\t\t\t\t\t\t\t\t\t\tLogout\n\t\t\t\t\t\t\t\t\t\t\n\t\t\t\t\t\t\t\t\t\t\n\t\t\t\t\t\t\t\t\t\n\n\t\t\t\t\t\t\t\n\t\t\t\t\t\t\t\n\t\t\t\t\t\t\t\t\n\t\t\t\t\t\t\t\t\t\n\t\t\t\t\t\t\t\t\t\tYour Account\n\t\t\t\t\t\t\t\t\t\tYour Orders\n\t\t\t\t\t\t\t\t\t\tShortlist\n\t\t\t\t\t\t\t\t\t\tSD Cash\n\t\t\t\t\t\t\t\t\t\n\t\t\t\t\t\t\t\t\n\t\t\t\t\t\t\t\t\n\t\t\t\t\t\t \t\t\tIf you are a new user\n\t\t\t\t\t\t \t\t\tRegister\n\t\t\t\t\t\t \t\t\tlogin\n\t\t\t\t\t\t \t\t\n\n\t\t\t\t\t\t\t\n\t\t\t\t\t\n\t\t\t    &amp;apos;)]&amp;apos; in &amp;apos;30&amp;apos; second(s)</message>
  <nestedLevel>1</nestedLevel>
</record>
<record>
  <date>2018-07-09T15:17:08</date>
  <millis>1531129628661</millis>
  <sequence>39</sequence>
  <level>INFO</level>
  <class>com.kms.katalon.core.logging.KeywordLogger</class>
  <method>logMessage</method>
  <thread>1</thread>
  <message>Found 1 web elements with id: &amp;apos;Object Repository/SD_Login_OR/Page_Online Shopping Site in India/Page_Online Shopping Site in India/div_Sign In&amp;apos; located by &amp;apos;By.xpath: //div[(text() = &amp;apos;\n\t\t\t  \t\tSign In\n\t\t\t\t\t  \n\t\t\t\t\t  \t\t\n\t\t\t\t\t  \t\t\n\t\t\t\t\t  \n\t\t\t\t\t  \n\t\t\t\t\t  \n\t\t\t      \t\t\t\n\t\t\t      \t\t\t\t\n\t\t\t\t\t\t\t\t\t\t\n\t\t\t\t\t\t\t\t\t\tOrders\n\t\t\t\t\t\t\t\t\t\tShortlist\n\t\t\t\t\t\t\t\t\t\tSD Cash\n\t\t\t\t\t\t\t\t\t\tE-Gift Voucher\n\t\t\t\t\t\t\t\t\t\t\n\t\t\t\t\t\t\t\t\t\t\tLogout\n\t\t\t\t\t\t\t\t\t\t\n\t\t\t\t\t\t\t\t\t\t\n\t\t\t\t\t\t\t\t\t\n\n\t\t\t\t\t\t\t\n\t\t\t\t\t\t\t\n\t\t\t\t\t\t\t\t\n\t\t\t\t\t\t\t\t\t\n\t\t\t\t\t\t\t\t\t\tYour Account\n\t\t\t\t\t\t\t\t\t\tYour Orders\n\t\t\t\t\t\t\t\t\t\tShortlist\n\t\t\t\t\t\t\t\t\t\tSD Cash\n\t\t\t\t\t\t\t\t\t\n\t\t\t\t\t\t\t\t\n\t\t\t\t\t\t\t\t\n\t\t\t\t\t\t \t\t\tIf you are a new user\n\t\t\t\t\t\t \t\t\tRegister\n\t\t\t\t\t\t \t\t\tlogin\n\t\t\t\t\t\t \t\t\n\n\t\t\t\t\t\t\t\n\t\t\t\t\t\n\t\t\t    &amp;apos; or . = &amp;apos;\n\t\t\t  \t\tSign In\n\t\t\t\t\t  \n\t\t\t\t\t  \t\t\n\t\t\t\t\t  \t\t\n\t\t\t\t\t  \n\t\t\t\t\t  \n\t\t\t\t\t  \n\t\t\t      \t\t\t\n\t\t\t      \t\t\t\t\n\t\t\t\t\t\t\t\t\t\t\n\t\t\t\t\t\t\t\t\t\tOrders\n\t\t\t\t\t\t\t\t\t\tShortlist\n\t\t\t\t\t\t\t\t\t\tSD Cash\n\t\t\t\t\t\t\t\t\t\tE-Gift Voucher\n\t\t\t\t\t\t\t\t\t\t\n\t\t\t\t\t\t\t\t\t\t\tLogout\n\t\t\t\t\t\t\t\t\t\t\n\t\t\t\t\t\t\t\t\t\t\n\t\t\t\t\t\t\t\t\t\n\n\t\t\t\t\t\t\t\n\t\t\t\t\t\t\t\n\t\t\t\t\t\t\t\t\n\t\t\t\t\t\t\t\t\t\n\t\t\t\t\t\t\t\t\t\tYour Account\n\t\t\t\t\t\t\t\t\t\tYour Orders\n\t\t\t\t\t\t\t\t\t\tShortlist\n\t\t\t\t\t\t\t\t\t\tSD Cash\n\t\t\t\t\t\t\t\t\t\n\t\t\t\t\t\t\t\t\n\t\t\t\t\t\t\t\t\n\t\t\t\t\t\t \t\t\tIf you are a new user\n\t\t\t\t\t\t \t\t\tRegister\n\t\t\t\t\t\t \t\t\tlogin\n\t\t\t\t\t\t \t\t\n\n\t\t\t\t\t\t\t\n\t\t\t\t\t\n\t\t\t    &amp;apos;)]&amp;apos; in &amp;apos;30&amp;apos; second(s)</message>
  <nestedLevel>1</nestedLevel>
</record>
<record>
  <date>2018-07-09T15:17:08</date>
  <millis>1531129628662</millis>
  <sequence>40</sequence>
  <level>PASSED</level>
  <class>com.kms.katalon.core.logging.KeywordLogger</class>
  <method>logMessage</method>
  <thread>1</thread>
  <message>Object &amp;apos;Object Repository/SD_Login_OR/Page_Online Shopping Site in India/Page_Online Shopping Site in India/div_Sign In&amp;apos; is present</message>
  <nestedLevel>1</nestedLevel>
</record>
<record>
  <date>2018-07-09T15:17:08</date>
  <millis>1531129628663</millis>
  <sequence>41</sequence>
  <level>END</level>
  <class>com.kms.katalon.core.logging.KeywordLogger</class>
  <method>endKeyword</method>
  <thread>1</thread>
  <message>End action : verifyElementPresent</message>
  <nestedLevel>1</nestedLevel>
</record>
<record>
  <date>2018-07-09T15:17:08</date>
  <millis>1531129628664</millis>
  <sequence>42</sequence>
  <level>START</level>
  <class>com.kms.katalon.core.logging.KeywordLogger</class>
  <method>startKeyword</method>
  <thread>1</thread>
  <message>Start action : click</message>
  <nestedLevel>1</nestedLevel>
  <property name="startLine">33</property>
  <property name="stepIndex">5</property>
</record>
<record>
  <date>2018-07-09T15:17:08</date>
  <millis>1531129628665</millis>
  <sequence>43</sequence>
  <level>INFO</level>
  <class>com.kms.katalon.core.logging.KeywordLogger</class>
  <method>logMessage</method>
  <thread>1</thread>
  <message>Finding Test Object with id &amp;apos;Object Repository/SD_Login_OR/Page_Online Shopping Site in India/Page_Online Shopping Site in India/div_Sign In&amp;apos;</message>
  <nestedLevel>1</nestedLevel>
</record>
<record>
  <date>2018-07-09T15:17:08</date>
  <millis>1531129628701</millis>
  <sequence>44</sequence>
  <level>INFO</level>
  <class>com.kms.katalon.core.logging.KeywordLogger</class>
  <method>logMessage</method>
  <thread>1</thread>
  <message>Checking object</message>
  <nestedLevel>1</nestedLevel>
</record>
<record>
  <date>2018-07-09T15:17:08</date>
  <millis>1531129628704</millis>
  <sequence>45</sequence>
  <level>INFO</level>
  <class>com.kms.katalon.core.logging.KeywordLogger</class>
  <method>logMessage</method>
  <thread>1</thread>
  <message>Checking timeout</message>
  <nestedLevel>1</nestedLevel>
</record>
<record>
  <date>2018-07-09T15:17:08</date>
  <millis>1531129628704</millis>
  <sequence>46</sequence>
  <level>INFO</level>
  <class>com.kms.katalon.core.logging.KeywordLogger</class>
  <method>logMessage</method>
  <thread>1</thread>
  <message>Finding web element with id: &amp;apos;Object Repository/SD_Login_OR/Page_Online Shopping Site in India/Page_Online Shopping Site in India/div_Sign In&amp;apos; located by &amp;apos;By.xpath: //div[(text() = &amp;apos;\n\t\t\t  \t\tSign In\n\t\t\t\t\t  \n\t\t\t\t\t  \t\t\n\t\t\t\t\t  \t\t\n\t\t\t\t\t  \n\t\t\t\t\t  \n\t\t\t\t\t  \n\t\t\t      \t\t\t\n\t\t\t      \t\t\t\t\n\t\t\t\t\t\t\t\t\t\t\n\t\t\t\t\t\t\t\t\t\tOrders\n\t\t\t\t\t\t\t\t\t\tShortlist\n\t\t\t\t\t\t\t\t\t\tSD Cash\n\t\t\t\t\t\t\t\t\t\tE-Gift Voucher\n\t\t\t\t\t\t\t\t\t\t\n\t\t\t\t\t\t\t\t\t\t\tLogout\n\t\t\t\t\t\t\t\t\t\t\n\t\t\t\t\t\t\t\t\t\t\n\t\t\t\t\t\t\t\t\t\n\n\t\t\t\t\t\t\t\n\t\t\t\t\t\t\t\n\t\t\t\t\t\t\t\t\n\t\t\t\t\t\t\t\t\t\n\t\t\t\t\t\t\t\t\t\tYour Account\n\t\t\t\t\t\t\t\t\t\tYour Orders\n\t\t\t\t\t\t\t\t\t\tShortlist\n\t\t\t\t\t\t\t\t\t\tSD Cash\n\t\t\t\t\t\t\t\t\t\n\t\t\t\t\t\t\t\t\n\t\t\t\t\t\t\t\t\n\t\t\t\t\t\t \t\t\tIf you are a new user\n\t\t\t\t\t\t \t\t\tRegister\n\t\t\t\t\t\t \t\t\tlogin\n\t\t\t\t\t\t \t\t\n\n\t\t\t\t\t\t\t\n\t\t\t\t\t\n\t\t\t    &amp;apos; or . = &amp;apos;\n\t\t\t  \t\tSign In\n\t\t\t\t\t  \n\t\t\t\t\t  \t\t\n\t\t\t\t\t  \t\t\n\t\t\t\t\t  \n\t\t\t\t\t  \n\t\t\t\t\t  \n\t\t\t      \t\t\t\n\t\t\t      \t\t\t\t\n\t\t\t\t\t\t\t\t\t\t\n\t\t\t\t\t\t\t\t\t\tOrders\n\t\t\t\t\t\t\t\t\t\tShortlist\n\t\t\t\t\t\t\t\t\t\tSD Cash\n\t\t\t\t\t\t\t\t\t\tE-Gift Voucher\n\t\t\t\t\t\t\t\t\t\t\n\t\t\t\t\t\t\t\t\t\t\tLogout\n\t\t\t\t\t\t\t\t\t\t\n\t\t\t\t\t\t\t\t\t\t\n\t\t\t\t\t\t\t\t\t\n\n\t\t\t\t\t\t\t\n\t\t\t\t\t\t\t\n\t\t\t\t\t\t\t\t\n\t\t\t\t\t\t\t\t\t\n\t\t\t\t\t\t\t\t\t\tYour Account\n\t\t\t\t\t\t\t\t\t\tYour Orders\n\t\t\t\t\t\t\t\t\t\tShortlist\n\t\t\t\t\t\t\t\t\t\tSD Cash\n\t\t\t\t\t\t\t\t\t\n\t\t\t\t\t\t\t\t\n\t\t\t\t\t\t\t\t\n\t\t\t\t\t\t \t\t\tIf you are a new user\n\t\t\t\t\t\t \t\t\tRegister\n\t\t\t\t\t\t \t\t\tlogin\n\t\t\t\t\t\t \t\t\n\n\t\t\t\t\t\t\t\n\t\t\t\t\t\n\t\t\t    &amp;apos;)]&amp;apos; in &amp;apos;30&amp;apos; second(s)</message>
  <nestedLevel>1</nestedLevel>
</record>
<record>
  <date>2018-07-09T15:17:09</date>
  <millis>1531129629060</millis>
  <sequence>47</sequence>
  <level>INFO</level>
  <class>com.kms.katalon.core.logging.KeywordLogger</class>
  <method>logMessage</method>
  <thread>1</thread>
  <message>Found 1 web elements with id: &amp;apos;Object Repository/SD_Login_OR/Page_Online Shopping Site in India/Page_Online Shopping Site in India/div_Sign In&amp;apos; located by &amp;apos;By.xpath: //div[(text() = &amp;apos;\n\t\t\t  \t\tSign In\n\t\t\t\t\t  \n\t\t\t\t\t  \t\t\n\t\t\t\t\t  \t\t\n\t\t\t\t\t  \n\t\t\t\t\t  \n\t\t\t\t\t  \n\t\t\t      \t\t\t\n\t\t\t      \t\t\t\t\n\t\t\t\t\t\t\t\t\t\t\n\t\t\t\t\t\t\t\t\t\tOrders\n\t\t\t\t\t\t\t\t\t\tShortlist\n\t\t\t\t\t\t\t\t\t\tSD Cash\n\t\t\t\t\t\t\t\t\t\tE-Gift Voucher\n\t\t\t\t\t\t\t\t\t\t\n\t\t\t\t\t\t\t\t\t\t\tLogout\n\t\t\t\t\t\t\t\t\t\t\n\t\t\t\t\t\t\t\t\t\t\n\t\t\t\t\t\t\t\t\t\n\n\t\t\t\t\t\t\t\n\t\t\t\t\t\t\t\n\t\t\t\t\t\t\t\t\n\t\t\t\t\t\t\t\t\t\n\t\t\t\t\t\t\t\t\t\tYour Account\n\t\t\t\t\t\t\t\t\t\tYour Orders\n\t\t\t\t\t\t\t\t\t\tShortlist\n\t\t\t\t\t\t\t\t\t\tSD Cash\n\t\t\t\t\t\t\t\t\t\n\t\t\t\t\t\t\t\t\n\t\t\t\t\t\t\t\t\n\t\t\t\t\t\t \t\t\tIf you are a new user\n\t\t\t\t\t\t \t\t\tRegister\n\t\t\t\t\t\t \t\t\tlogin\n\t\t\t\t\t\t \t\t\n\n\t\t\t\t\t\t\t\n\t\t\t\t\t\n\t\t\t    &amp;apos; or . = &amp;apos;\n\t\t\t  \t\tSign In\n\t\t\t\t\t  \n\t\t\t\t\t  \t\t\n\t\t\t\t\t  \t\t\n\t\t\t\t\t  \n\t\t\t\t\t  \n\t\t\t\t\t  \n\t\t\t      \t\t\t\n\t\t\t      \t\t\t\t\n\t\t\t\t\t\t\t\t\t\t\n\t\t\t\t\t\t\t\t\t\tOrders\n\t\t\t\t\t\t\t\t\t\tShortlist\n\t\t\t\t\t\t\t\t\t\tSD Cash\n\t\t\t\t\t\t\t\t\t\tE-Gift Voucher\n\t\t\t\t\t\t\t\t\t\t\n\t\t\t\t\t\t\t\t\t\t\tLogout\n\t\t\t\t\t\t\t\t\t\t\n\t\t\t\t\t\t\t\t\t\t\n\t\t\t\t\t\t\t\t\t\n\n\t\t\t\t\t\t\t\n\t\t\t\t\t\t\t\n\t\t\t\t\t\t\t\t\n\t\t\t\t\t\t\t\t\t\n\t\t\t\t\t\t\t\t\t\tYour Account\n\t\t\t\t\t\t\t\t\t\tYour Orders\n\t\t\t\t\t\t\t\t\t\tShortlist\n\t\t\t\t\t\t\t\t\t\tSD Cash\n\t\t\t\t\t\t\t\t\t\n\t\t\t\t\t\t\t\t\n\t\t\t\t\t\t\t\t\n\t\t\t\t\t\t \t\t\tIf you are a new user\n\t\t\t\t\t\t \t\t\tRegister\n\t\t\t\t\t\t \t\t\tlogin\n\t\t\t\t\t\t \t\t\n\n\t\t\t\t\t\t\t\n\t\t\t\t\t\n\t\t\t    &amp;apos;)]&amp;apos; in &amp;apos;30&amp;apos; second(s)</message>
  <nestedLevel>1</nestedLevel>
</record>
<record>
  <date>2018-07-09T15:17:09</date>
  <millis>1531129629061</millis>
  <sequence>48</sequence>
  <level>INFO</level>
  <class>com.kms.katalon.core.logging.KeywordLogger</class>
  <method>logMessage</method>
  <thread>1</thread>
  <message>Clicking on object: &amp;apos;Object Repository/SD_Login_OR/Page_Online Shopping Site in India/Page_Online Shopping Site in India/div_Sign In&amp;apos;</message>
  <nestedLevel>1</nestedLevel>
</record>
<record>
  <date>2018-07-09T15:17:09</date>
  <millis>1531129629399</millis>
  <sequence>49</sequence>
  <level>PASSED</level>
  <class>com.kms.katalon.core.logging.KeywordLogger</class>
  <method>logMessage</method>
  <thread>1</thread>
  <message>Object: &amp;apos;Object Repository/SD_Login_OR/Page_Online Shopping Site in India/Page_Online Shopping Site in India/div_Sign In&amp;apos; is clicked on</message>
  <nestedLevel>1</nestedLevel>
</record>
<record>
  <date>2018-07-09T15:17:09</date>
  <millis>1531129629400</millis>
  <sequence>50</sequence>
  <level>END</level>
  <class>com.kms.katalon.core.logging.KeywordLogger</class>
  <method>endKeyword</method>
  <thread>1</thread>
  <message>End action : click</message>
  <nestedLevel>1</nestedLevel>
</record>
<record>
  <date>2018-07-09T15:17:09</date>
  <millis>1531129629400</millis>
  <sequence>51</sequence>
  <level>START</level>
  <class>com.kms.katalon.core.logging.KeywordLogger</class>
  <method>startKeyword</method>
  <thread>1</thread>
  <message>Start action : waitForElementPresent</message>
  <nestedLevel>1</nestedLevel>
  <property name="startLine">35</property>
  <property name="stepIndex">6</property>
</record>
<record>
  <date>2018-07-09T15:17:09</date>
  <millis>1531129629401</millis>
  <sequence>52</sequence>
  <level>INFO</level>
  <class>com.kms.katalon.core.logging.KeywordLogger</class>
  <method>logMessage</method>
  <thread>1</thread>
  <message>Finding Test Object with id &amp;apos;Object Repository/SD_Login_OR/Page_Online Shopping Site in India (1)/span_login&amp;apos;</message>
  <nestedLevel>1</nestedLevel>
</record>
<record>
  <date>2018-07-09T15:17:09</date>
  <millis>1531129629418</millis>
  <sequence>53</sequence>
  <level>INFO</level>
  <class>com.kms.katalon.core.logging.KeywordLogger</class>
  <method>logMessage</method>
  <thread>1</thread>
  <message>Checking object</message>
  <nestedLevel>1</nestedLevel>
</record>
<record>
  <date>2018-07-09T15:17:09</date>
  <millis>1531129629418</millis>
  <sequence>54</sequence>
  <level>INFO</level>
  <class>com.kms.katalon.core.logging.KeywordLogger</class>
  <method>logMessage</method>
  <thread>1</thread>
  <message>Checking timeout</message>
  <nestedLevel>1</nestedLevel>
</record>
<record>
  <date>2018-07-09T15:17:09</date>
  <millis>1531129629418</millis>
  <sequence>55</sequence>
  <level>INFO</level>
  <class>com.kms.katalon.core.logging.KeywordLogger</class>
  <method>logMessage</method>
  <thread>1</thread>
  <message>Finding web element with id: &amp;apos;Object Repository/SD_Login_OR/Page_Online Shopping Site in India (1)/span_login&amp;apos; located by &amp;apos;By.xpath: id(\&amp;quot;sdHeader\&amp;quot;)/div[@class=\&amp;quot;headerBar reset-padding\&amp;quot;]/div[@class=\&amp;quot;topBar  top-bar-homepage  top-freeze-reference-point\&amp;quot;]/div[@class=\&amp;quot;header_wrapper\&amp;quot;]/div[@class=\&amp;quot;col-xs-5 reset-padding header-right rfloat\&amp;quot;]/div[@class=\&amp;quot;myAccountTab accountHeaderClass col-xs-13 reset-padding\&amp;quot;]/div[@class=\&amp;quot;accountInner accountHeadColor\&amp;quot;]/div[@class=\&amp;quot;dropdownWrapper\&amp;quot;]/div[@class=\&amp;quot;dropdownAccountNonLoggedIn\&amp;quot;]/div[@class=\&amp;quot;accountInfoNonLoggedIn\&amp;quot;]/span[@class=\&amp;quot;accountBtn btn rippleWhite\&amp;quot;][count(. | //span[(text() = &amp;apos;login&amp;apos; or . = &amp;apos;login&amp;apos;)]) = count(//span[(text() = &amp;apos;login&amp;apos; or . = &amp;apos;login&amp;apos;)])]&amp;apos; in &amp;apos;10&amp;apos; second(s)</message>
  <nestedLevel>1</nestedLevel>
</record>
<record>
  <date>2018-07-09T15:17:09</date>
  <millis>1531129629451</millis>
  <sequence>56</sequence>
  <level>INFO</level>
  <class>com.kms.katalon.core.logging.KeywordLogger</class>
  <method>logMessage</method>
  <thread>1</thread>
  <message>Found 1 web elements with id: &amp;apos;Object Repository/SD_Login_OR/Page_Online Shopping Site in India (1)/span_login&amp;apos; located by &amp;apos;By.xpath: id(\&amp;quot;sdHeader\&amp;quot;)/div[@class=\&amp;quot;headerBar reset-padding\&amp;quot;]/div[@class=\&amp;quot;topBar  top-bar-homepage  top-freeze-reference-point\&amp;quot;]/div[@class=\&amp;quot;header_wrapper\&amp;quot;]/div[@class=\&amp;quot;col-xs-5 reset-padding header-right rfloat\&amp;quot;]/div[@class=\&amp;quot;myAccountTab accountHeaderClass col-xs-13 reset-padding\&amp;quot;]/div[@class=\&amp;quot;accountInner accountHeadColor\&amp;quot;]/div[@class=\&amp;quot;dropdownWrapper\&amp;quot;]/div[@class=\&amp;quot;dropdownAccountNonLoggedIn\&amp;quot;]/div[@class=\&amp;quot;accountInfoNonLoggedIn\&amp;quot;]/span[@class=\&amp;quot;accountBtn btn rippleWhite\&amp;quot;][count(. | //span[(text() = &amp;apos;login&amp;apos; or . = &amp;apos;login&amp;apos;)]) = count(//span[(text() = &amp;apos;login&amp;apos; or . = &amp;apos;login&amp;apos;)])]&amp;apos; in &amp;apos;10&amp;apos; second(s)</message>
  <nestedLevel>1</nestedLevel>
</record>
<record>
  <date>2018-07-09T15:17:09</date>
  <millis>1531129629451</millis>
  <sequence>57</sequence>
  <level>PASSED</level>
  <class>com.kms.katalon.core.logging.KeywordLogger</class>
  <method>logMessage</method>
  <thread>1</thread>
  <message>Object &amp;apos;Object Repository/SD_Login_OR/Page_Online Shopping Site in India (1)/span_login&amp;apos; is present</message>
  <nestedLevel>1</nestedLevel>
</record>
<record>
  <date>2018-07-09T15:17:09</date>
  <millis>1531129629451</millis>
  <sequence>58</sequence>
  <level>END</level>
  <class>com.kms.katalon.core.logging.KeywordLogger</class>
  <method>endKeyword</method>
  <thread>1</thread>
  <message>End action : waitForElementPresent</message>
  <nestedLevel>1</nestedLevel>
</record>
<record>
  <date>2018-07-09T15:17:09</date>
  <millis>1531129629451</millis>
  <sequence>59</sequence>
  <level>START</level>
  <class>com.kms.katalon.core.logging.KeywordLogger</class>
  <method>startKeyword</method>
  <thread>1</thread>
  <message>Start action : verifyElementPresent</message>
  <nestedLevel>1</nestedLevel>
  <property name="startLine">37</property>
  <property name="stepIndex">7</property>
</record>
<record>
  <date>2018-07-09T15:17:09</date>
  <millis>1531129629453</millis>
  <sequence>60</sequence>
  <level>INFO</level>
  <class>com.kms.katalon.core.logging.KeywordLogger</class>
  <method>logMessage</method>
  <thread>1</thread>
  <message>Finding Test Object with id &amp;apos;Object Repository/SD_Login_OR/Page_Online Shopping Site in India (1)/span_login&amp;apos;</message>
  <nestedLevel>1</nestedLevel>
</record>
<record>
  <date>2018-07-09T15:17:09</date>
  <millis>1531129629456</millis>
  <sequence>61</sequence>
  <level>INFO</level>
  <class>com.kms.katalon.core.logging.KeywordLogger</class>
  <method>logMessage</method>
  <thread>1</thread>
  <message>Checking object</message>
  <nestedLevel>1</nestedLevel>
</record>
<record>
  <date>2018-07-09T15:17:09</date>
  <millis>1531129629456</millis>
  <sequence>62</sequence>
  <level>INFO</level>
  <class>com.kms.katalon.core.logging.KeywordLogger</class>
  <method>logMessage</method>
  <thread>1</thread>
  <message>Checking timeout</message>
  <nestedLevel>1</nestedLevel>
</record>
<record>
  <date>2018-07-09T15:17:09</date>
  <millis>1531129629456</millis>
  <sequence>63</sequence>
  <level>WARNING</level>
  <class>com.kms.katalon.core.logging.KeywordLogger</class>
  <method>logMessage</method>
  <thread>1</thread>
  <message>Timeout &amp;apos;0&amp;apos; is invalid. Using default page load timeout: &amp;apos;30&amp;apos;</message>
  <nestedLevel>1</nestedLevel>
</record>
<record>
  <date>2018-07-09T15:17:09</date>
  <millis>1531129629456</millis>
  <sequence>64</sequence>
  <level>INFO</level>
  <class>com.kms.katalon.core.logging.KeywordLogger</class>
  <method>logMessage</method>
  <thread>1</thread>
  <message>Finding web element with id: &amp;apos;Object Repository/SD_Login_OR/Page_Online Shopping Site in India (1)/span_login&amp;apos; located by &amp;apos;By.xpath: id(\&amp;quot;sdHeader\&amp;quot;)/div[@class=\&amp;quot;headerBar reset-padding\&amp;quot;]/div[@class=\&amp;quot;topBar  top-bar-homepage  top-freeze-reference-point\&amp;quot;]/div[@class=\&amp;quot;header_wrapper\&amp;quot;]/div[@class=\&amp;quot;col-xs-5 reset-padding header-right rfloat\&amp;quot;]/div[@class=\&amp;quot;myAccountTab accountHeaderClass col-xs-13 reset-padding\&amp;quot;]/div[@class=\&amp;quot;accountInner accountHeadColor\&amp;quot;]/div[@class=\&amp;quot;dropdownWrapper\&amp;quot;]/div[@class=\&amp;quot;dropdownAccountNonLoggedIn\&amp;quot;]/div[@class=\&amp;quot;accountInfoNonLoggedIn\&amp;quot;]/span[@class=\&amp;quot;accountBtn btn rippleWhite\&amp;quot;][count(. | //span[(text() = &amp;apos;login&amp;apos; or . = &amp;apos;login&amp;apos;)]) = count(//span[(text() = &amp;apos;login&amp;apos; or . = &amp;apos;login&amp;apos;)])]&amp;apos; in &amp;apos;30&amp;apos; second(s)</message>
  <nestedLevel>1</nestedLevel>
</record>
<record>
  <date>2018-07-09T15:17:09</date>
  <millis>1531129629481</millis>
  <sequence>65</sequence>
  <level>INFO</level>
  <class>com.kms.katalon.core.logging.KeywordLogger</class>
  <method>logMessage</method>
  <thread>1</thread>
  <message>Found 1 web elements with id: &amp;apos;Object Repository/SD_Login_OR/Page_Online Shopping Site in India (1)/span_login&amp;apos; located by &amp;apos;By.xpath: id(\&amp;quot;sdHeader\&amp;quot;)/div[@class=\&amp;quot;headerBar reset-padding\&amp;quot;]/div[@class=\&amp;quot;topBar  top-bar-homepage  top-freeze-reference-point\&amp;quot;]/div[@class=\&amp;quot;header_wrapper\&amp;quot;]/div[@class=\&amp;quot;col-xs-5 reset-padding header-right rfloat\&amp;quot;]/div[@class=\&amp;quot;myAccountTab accountHeaderClass col-xs-13 reset-padding\&amp;quot;]/div[@class=\&amp;quot;accountInner accountHeadColor\&amp;quot;]/div[@class=\&amp;quot;dropdownWrapper\&amp;quot;]/div[@class=\&amp;quot;dropdownAccountNonLoggedIn\&amp;quot;]/div[@class=\&amp;quot;accountInfoNonLoggedIn\&amp;quot;]/span[@class=\&amp;quot;accountBtn btn rippleWhite\&amp;quot;][count(. | //span[(text() = &amp;apos;login&amp;apos; or . = &amp;apos;login&amp;apos;)]) = count(//span[(text() = &amp;apos;login&amp;apos; or . = &amp;apos;login&amp;apos;)])]&amp;apos; in &amp;apos;30&amp;apos; second(s)</message>
  <nestedLevel>1</nestedLevel>
</record>
<record>
  <date>2018-07-09T15:17:09</date>
  <millis>1531129629481</millis>
  <sequence>66</sequence>
  <level>PASSED</level>
  <class>com.kms.katalon.core.logging.KeywordLogger</class>
  <method>logMessage</method>
  <thread>1</thread>
  <message>Object &amp;apos;Object Repository/SD_Login_OR/Page_Online Shopping Site in India (1)/span_login&amp;apos; is present</message>
  <nestedLevel>1</nestedLevel>
</record>
<record>
  <date>2018-07-09T15:17:09</date>
  <millis>1531129629486</millis>
  <sequence>67</sequence>
  <level>END</level>
  <class>com.kms.katalon.core.logging.KeywordLogger</class>
  <method>endKeyword</method>
  <thread>1</thread>
  <message>End action : verifyElementPresent</message>
  <nestedLevel>1</nestedLevel>
</record>
<record>
  <date>2018-07-09T15:17:09</date>
  <millis>1531129629488</millis>
  <sequence>68</sequence>
  <level>START</level>
  <class>com.kms.katalon.core.logging.KeywordLogger</class>
  <method>startKeyword</method>
  <thread>1</thread>
  <message>Start action : click</message>
  <nestedLevel>1</nestedLevel>
  <property name="startLine">39</property>
  <property name="stepIndex">8</property>
</record>
<record>
  <date>2018-07-09T15:17:09</date>
  <millis>1531129629491</millis>
  <sequence>69</sequence>
  <level>INFO</level>
  <class>com.kms.katalon.core.logging.KeywordLogger</class>
  <method>logMessage</method>
  <thread>1</thread>
  <message>Finding Test Object with id &amp;apos;Object Repository/SD_Login_OR/Page_Online Shopping Site in India (1)/span_login&amp;apos;</message>
  <nestedLevel>1</nestedLevel>
</record>
<record>
  <date>2018-07-09T15:17:09</date>
  <millis>1531129629498</millis>
  <sequence>70</sequence>
  <level>INFO</level>
  <class>com.kms.katalon.core.logging.KeywordLogger</class>
  <method>logMessage</method>
  <thread>1</thread>
  <message>Checking object</message>
  <nestedLevel>1</nestedLevel>
</record>
<record>
  <date>2018-07-09T15:17:09</date>
  <millis>1531129629498</millis>
  <sequence>71</sequence>
  <level>INFO</level>
  <class>com.kms.katalon.core.logging.KeywordLogger</class>
  <method>logMessage</method>
  <thread>1</thread>
  <message>Checking timeout</message>
  <nestedLevel>1</nestedLevel>
</record>
<record>
  <date>2018-07-09T15:17:09</date>
  <millis>1531129629498</millis>
  <sequence>72</sequence>
  <level>INFO</level>
  <class>com.kms.katalon.core.logging.KeywordLogger</class>
  <method>logMessage</method>
  <thread>1</thread>
  <message>Finding web element with id: &amp;apos;Object Repository/SD_Login_OR/Page_Online Shopping Site in India (1)/span_login&amp;apos; located by &amp;apos;By.xpath: id(\&amp;quot;sdHeader\&amp;quot;)/div[@class=\&amp;quot;headerBar reset-padding\&amp;quot;]/div[@class=\&amp;quot;topBar  top-bar-homepage  top-freeze-reference-point\&amp;quot;]/div[@class=\&amp;quot;header_wrapper\&amp;quot;]/div[@class=\&amp;quot;col-xs-5 reset-padding header-right rfloat\&amp;quot;]/div[@class=\&amp;quot;myAccountTab accountHeaderClass col-xs-13 reset-padding\&amp;quot;]/div[@class=\&amp;quot;accountInner accountHeadColor\&amp;quot;]/div[@class=\&amp;quot;dropdownWrapper\&amp;quot;]/div[@class=\&amp;quot;dropdownAccountNonLoggedIn\&amp;quot;]/div[@class=\&amp;quot;accountInfoNonLoggedIn\&amp;quot;]/span[@class=\&amp;quot;accountBtn btn rippleWhite\&amp;quot;][count(. | //span[(text() = &amp;apos;login&amp;apos; or . = &amp;apos;login&amp;apos;)]) = count(//span[(text() = &amp;apos;login&amp;apos; or . = &amp;apos;login&amp;apos;)])]&amp;apos; in &amp;apos;30&amp;apos; second(s)</message>
  <nestedLevel>1</nestedLevel>
</record>
<record>
  <date>2018-07-09T15:17:09</date>
  <millis>1531129629520</millis>
  <sequence>73</sequence>
  <level>INFO</level>
  <class>com.kms.katalon.core.logging.KeywordLogger</class>
  <method>logMessage</method>
  <thread>1</thread>
  <message>Found 1 web elements with id: &amp;apos;Object Repository/SD_Login_OR/Page_Online Shopping Site in India (1)/span_login&amp;apos; located by &amp;apos;By.xpath: id(\&amp;quot;sdHeader\&amp;quot;)/div[@class=\&amp;quot;headerBar reset-padding\&amp;quot;]/div[@class=\&amp;quot;topBar  top-bar-homepage  top-freeze-reference-point\&amp;quot;]/div[@class=\&amp;quot;header_wrapper\&amp;quot;]/div[@class=\&amp;quot;col-xs-5 reset-padding header-right rfloat\&amp;quot;]/div[@class=\&amp;quot;myAccountTab accountHeaderClass col-xs-13 reset-padding\&amp;quot;]/div[@class=\&amp;quot;accountInner accountHeadColor\&amp;quot;]/div[@class=\&amp;quot;dropdownWrapper\&amp;quot;]/div[@class=\&amp;quot;dropdownAccountNonLoggedIn\&amp;quot;]/div[@class=\&amp;quot;accountInfoNonLoggedIn\&amp;quot;]/span[@class=\&amp;quot;accountBtn btn rippleWhite\&amp;quot;][count(. | //span[(text() = &amp;apos;login&amp;apos; or . = &amp;apos;login&amp;apos;)]) = count(//span[(text() = &amp;apos;login&amp;apos; or . = &amp;apos;login&amp;apos;)])]&amp;apos; in &amp;apos;30&amp;apos; second(s)</message>
  <nestedLevel>1</nestedLevel>
</record>
<record>
  <date>2018-07-09T15:17:09</date>
  <millis>1531129629521</millis>
  <sequence>74</sequence>
  <level>INFO</level>
  <class>com.kms.katalon.core.logging.KeywordLogger</class>
  <method>logMessage</method>
  <thread>1</thread>
  <message>Clicking on object: &amp;apos;Object Repository/SD_Login_OR/Page_Online Shopping Site in India (1)/span_login&amp;apos;</message>
  <nestedLevel>1</nestedLevel>
</record>
<record>
  <date>2018-07-09T15:17:09</date>
  <millis>1531129629763</millis>
  <sequence>75</sequence>
  <level>PASSED</level>
  <class>com.kms.katalon.core.logging.KeywordLogger</class>
  <method>logMessage</method>
  <thread>1</thread>
  <message>Object: &amp;apos;Object Repository/SD_Login_OR/Page_Online Shopping Site in India (1)/span_login&amp;apos; is clicked on</message>
  <nestedLevel>1</nestedLevel>
</record>
<record>
  <date>2018-07-09T15:17:09</date>
  <millis>1531129629763</millis>
  <sequence>76</sequence>
  <level>END</level>
  <class>com.kms.katalon.core.logging.KeywordLogger</class>
  <method>endKeyword</method>
  <thread>1</thread>
  <message>End action : click</message>
  <nestedLevel>1</nestedLevel>
</record>
<record>
  <date>2018-07-09T15:17:09</date>
  <millis>1531129629764</millis>
  <sequence>77</sequence>
  <level>START</level>
  <class>com.kms.katalon.core.logging.KeywordLogger</class>
  <method>startKeyword</method>
  <thread>1</thread>
  <message>Start action : setText</message>
  <nestedLevel>1</nestedLevel>
  <property name="startLine">41</property>
  <property name="stepIndex">9</property>
</record>
<record>
  <date>2018-07-09T15:17:09</date>
  <millis>1531129629765</millis>
  <sequence>78</sequence>
  <level>INFO</level>
  <class>com.kms.katalon.core.logging.KeywordLogger</class>
  <method>logMessage</method>
  <thread>1</thread>
  <message>Finding Test Object with id &amp;apos;Object Repository/SD_Login_OR/Page_Online Shopping Site in India/Page_Online Shopping Site in India/Page_Online Shopping Site in India/input_username&amp;apos;</message>
  <nestedLevel>1</nestedLevel>
</record>
<record>
  <date>2018-07-09T15:17:09</date>
  <millis>1531129629772</millis>
  <sequence>79</sequence>
  <level>INFO</level>
  <class>com.kms.katalon.core.logging.KeywordLogger</class>
  <method>logMessage</method>
  <thread>1</thread>
  <message>Finding Test Object with id &amp;apos;Object Repository/SD_Login_OR/Page_Online Shopping Site in India/Page_Online Shopping Site in India/Page_Online Shopping Site in India/iframe_iframeLogin&amp;apos;</message>
  <nestedLevel>1</nestedLevel>
</record>
<record>
  <date>2018-07-09T15:17:09</date>
  <millis>1531129629796</millis>
  <sequence>80</sequence>
  <level>INFO</level>
  <class>com.kms.katalon.core.logging.KeywordLogger</class>
  <method>logMessage</method>
  <thread>1</thread>
  <message>Checking object</message>
  <nestedLevel>1</nestedLevel>
</record>
<record>
  <date>2018-07-09T15:17:09</date>
  <millis>1531129629796</millis>
  <sequence>81</sequence>
  <level>INFO</level>
  <class>com.kms.katalon.core.logging.KeywordLogger</class>
  <method>logMessage</method>
  <thread>1</thread>
  <message>Checking text</message>
  <nestedLevel>1</nestedLevel>
</record>
<record>
  <date>2018-07-09T15:17:10</date>
  <millis>1531129630161</millis>
  <sequence>82</sequence>
  <level>FAILED</level>
  <class>com.kms.katalon.core.logging.KeywordLogger</class>
  <method>logMessage</method>
  <thread>1</thread>
  <message>Unable to set text &amp;apos;null&amp;apos; of object &amp;apos;Object Repository/SD_Login_OR/Page_Online Shopping Site in India/Page_Online Shopping Site in India/Page_Online Shopping Site in India/input_username&amp;apos; (Root cause: java.lang.IllegalArgumentException: Text is null)</message>
  <nestedLevel>1</nestedLevel>
  <property name="attachment">1531129629799.png</property>
</record>
<record>
  <date>2018-07-09T15:17:10</date>
  <millis>1531129630162</millis>
  <sequence>83</sequence>
  <level>END</level>
  <class>com.kms.katalon.core.logging.KeywordLogger</class>
  <method>endKeyword</method>
  <thread>1</thread>
  <message>End action : setText</message>
  <nestedLevel>1</nestedLevel>
</record>
<record>
  <date>2018-07-09T15:17:10</date>
  <millis>1531129630164</millis>
  <sequence>84</sequence>
  <logger>com.kms.katalon.core.logging.KeywordLogger</logger>
  <level>FAILED</level>
  <class>com.kms.katalon.core.logging.KeywordLogger</class>
  <method>logMessage</method>
  <thread>1</thread>
  <message>Test Cases/Snapdeal Web Page FAILED because (of) Unable to set text &amp;apos;null&amp;apos; of object &amp;apos;Object Repository/SD_Login_OR/Page_Online Shopping Site in India/Page_Online Shopping Site in India/Page_Online Shopping Site in India/input_username&amp;apos; (Root cause: java.lang.IllegalArgumentException: Text is null)</message>
  <exception>
    <message>com.kms.katalon.core.exception.StepFailedException: Unable to set text 'null' of object 'Object Repository/SD_Login_OR/Page_Online Shopping Site in India/Page_Online Shopping Site in India/Page_Online Shopping Site in India/input_username' (Root cause: java.lang.IllegalArgumentException: Text is null)</message>
    <frame>
      <class>com.kms.katalon.core.keyword.internal.KeywordMain</class>
      <method>stepFailed</method>
      <line>36</line>
    </frame>
    <frame>
      <class>com.kms.katalon.core.webui.keyword.internal.WebUIKeywordMain</class>
      <method>stepFailed</method>
      <line>65</line>
    </frame>
    <frame>
      <class>com.kms.katalon.core.webui.keyword.internal.WebUIKeywordMain</class>
      <method>runKeyword</method>
      <line>27</line>
    </frame>
    <frame>
      <class>com.kms.katalon.core.webui.keyword.builtin.SetTextKeyword</class>
      <method>setText</method>
      <line>65</line>
    </frame>
    <frame>
      <class>com.kms.katalon.core.webui.keyword.builtin.SetTextKeyword</class>
      <method>execute</method>
      <line>37</line>
    </frame>
    <frame>
      <class>com.kms.katalon.core.keyword.internal.KeywordExecutor</class>
      <method>executeKeywordForPlatform</method>
      <line>53</line>
    </frame>
    <frame>
      <class>com.kms.katalon.core.webui.keyword.WebUiBuiltInKeywords</class>
      <method>setText</method>
      <line>950</line>
    </frame>
    <frame>
      <class>com.kms.katalon.core.webui.keyword.WebUiBuiltInKeywords$setText$4</class>
      <method>call</method>
    </frame>
    <frame>
      <class>org.codehaus.groovy.runtime.callsite.CallSiteArray</class>
      <method>defaultCall</method>
      <line>48</line>
    </frame>
    <frame>
      <class>org.codehaus.groovy.runtime.callsite.AbstractCallSite</class>
      <method>call</method>
      <line>113</line>
    </frame>
    <frame>
      <class>org.codehaus.groovy.runtime.callsite.AbstractCallSite</class>
      <method>call</method>
      <line>133</line>
    </frame>
    <frame>
      <class>Script1531114267591</class>
      <method>run</method>
      <line>41</line>
    </frame>
    <frame>
      <class>com.kms.katalon.core.main.ScriptEngine</class>
      <method>run</method>
      <line>183</line>
    </frame>
    <frame>
      <class>com.kms.katalon.core.main.ScriptEngine</class>
      <method>runScriptAsRawText</method>
      <line>108</line>
    </frame>
    <frame>
      <class>com.kms.katalon.core.main.TestCaseExecutor</class>
      <method>runScript</method>
      <line>295</line>
    </frame>
    <frame>
      <class>com.kms.katalon.core.main.TestCaseExecutor</class>
      <method>doExecute</method>
      <line>286</line>
    </frame>
    <frame>
      <class>com.kms.katalon.core.main.TestCaseExecutor</class>
      <method>processExecutionPhase</method>
      <line>265</line>
    </frame>
    <frame>
      <class>com.kms.katalon.core.main.TestCaseExecutor</class>
      <method>accessMainPhase</method>
      <line>257</line>
    </frame>
    <frame>
      <class>com.kms.katalon.core.main.TestCaseExecutor</class>
      <method>execute</method>
      <line>201</line>
    </frame>
    <frame>
      <class>com.kms.katalon.core.main.TestSuiteExecutor</class>
      <method>accessTestCaseMainPhase</method>
      <line>129</line>
    </frame>
    <frame>
      <class>com.kms.katalon.core.main.TestSuiteExecutor</class>
      <method>accessTestSuiteMainPhase</method>
      <line>112</line>
    </frame>
    <frame>
      <class>com.kms.katalon.core.main.TestSuiteExecutor</class>
      <method>execute</method>
      <line>81</line>
    </frame>
    <frame>
      <class>com.kms.katalon.core.main.TestCaseMain</class>
      <method>startTestSuite</method>
      <line>106</line>
    </frame>
    <frame>
      <class>com.kms.katalon.core.main.TestCaseMain$startTestSuite$0</class>
      <method>call</method>
    </frame>
    <frame>
      <class>org.codehaus.groovy.runtime.callsite.CallSiteArray</class>
      <method>defaultCall</method>
      <line>48</line>
    </frame>
    <frame>
      <class>org.codehaus.groovy.runtime.callsite.AbstractCallSite</class>
      <method>call</method>
      <line>113</line>
    </frame>
    <frame>
      <class>org.codehaus.groovy.runtime.callsite.AbstractCallSite</class>
      <method>call</method>
      <line>141</line>
    </frame>
    <frame>
      <class>TempTestSuite1531129610354</class>
      <method>run</method>
      <line>35</line>
    </frame>
    <frame>
      <class>groovy.lang.GroovyShell</class>
      <method>runScriptOrMainOrTestOrRunnable</method>
      <line>263</line>
    </frame>
    <frame>
      <class>groovy.lang.GroovyShell</class>
      <method>run</method>
      <line>518</line>
    </frame>
    <frame>
      <class>groovy.lang.GroovyShell</class>
      <method>run</method>
      <line>507</line>
    </frame>
    <frame>
      <class>groovy.ui.GroovyMain</class>
      <method>processOnce</method>
      <line>653</line>
    </frame>
    <frame>
      <class>groovy.ui.GroovyMain</class>
      <method>run</method>
      <line>384</line>
    </frame>
    <frame>
      <class>groovy.ui.GroovyMain</class>
      <method>process</method>
      <line>370</line>
    </frame>
    <frame>
      <class>groovy.ui.GroovyMain</class>
      <method>processArgs</method>
      <line>129</line>
    </frame>
    <frame>
      <class>groovy.ui.GroovyMain</class>
      <method>main</method>
      <line>109</line>
    </frame>
    <frame>
      <class>sun.reflect.NativeMethodAccessorImpl</class>
      <method>invoke0</method>
    </frame>
    <frame>
      <class>sun.reflect.NativeMethodAccessorImpl</class>
      <method>invoke</method>
      <line>62</line>
    </frame>
    <frame>
      <class>sun.reflect.DelegatingMethodAccessorImpl</class>
      <method>invoke</method>
      <line>43</line>
    </frame>
    <frame>
      <class>java.lang.reflect.Method</class>
      <method>invoke</method>
      <line>498</line>
    </frame>
    <frame>
      <class>org.codehaus.groovy.tools.GroovyStarter</class>
      <method>rootLoader</method>
      <line>109</line>
    </frame>
    <frame>
      <class>org.codehaus.groovy.tools.GroovyStarter</class>
      <method>main</method>
      <line>131</line>
    </frame>
  </exception>
  <nestedLevel>0</nestedLevel>
</record>
<record>
  <date>2018-07-09T15:17:10</date>
  <millis>1531129630166</millis>
  <sequence>85</sequence>
  <level>END</level>
  <class>com.kms.katalon.core.logging.KeywordLogger</class>
  <method>endTest</method>
  <thread>1</thread>
  <message>End Test Case : Test Cases/Snapdeal Web Page</message>
  <nestedLevel>0</nestedLevel>
</record>
<record>
  <date>2018-07-09T15:17:10</date>
  <millis>1531129630625</millis>
  <sequence>86</sequence>
  <level>END</level>
  <class>com.kms.katalon.core.logging.KeywordLogger</class>
  <method>endSuite</method>
  <thread>1</thread>
  <message>End Test Suite : Test Suites/Snapdeal Web Page</message>
  <nestedLevel>0</nestedLevel>
</record>
</log>
