<?xml version="1.0" encoding="UTF-8" standalone="no"?>
<!DOCTYPE log SYSTEM "logger.dtd">
<log>
<record>
  <date>2018-07-09T15:19:29</date>
  <millis>1531129769006</millis>
  <sequence>0</sequence>
  <level>START</level>
  <class>com.kms.katalon.core.logging.KeywordLogger</class>
  <method>startSuite</method>
  <thread>1</thread>
  <message>Start Test Suite : Test Suites/Snapdeal Web Page</message>
  <nestedLevel>0</nestedLevel>
  <property name="name">Snapdeal Web Page</property>
  <property name="description"></property>
  <property name="id">Test Suites/Snapdeal Web Page</property>
</record>
<record>
  <date>2018-07-09T15:19:29</date>
  <millis>1531129769023</millis>
  <sequence>1</sequence>
  <level>RUN_DATA</level>
  <class>com.kms.katalon.core.logging.KeywordLogger</class>
  <method>logMessage</method>
  <thread>1</thread>
  <message>Logging run data &amp;apos;hostName&amp;apos; with value &amp;apos;kartik.sehgal.in - L-15S7152.jasperindia.local&amp;apos;</message>
  <nestedLevel>0</nestedLevel>
  <property name="hostName">kartik.sehgal.in - L-15S7152.jasperindia.local</property>
</record>
<record>
  <date>2018-07-09T15:19:29</date>
  <millis>1531129769024</millis>
  <sequence>2</sequence>
  <level>RUN_DATA</level>
  <class>com.kms.katalon.core.logging.KeywordLogger</class>
  <method>logMessage</method>
  <thread>1</thread>
  <message>Logging run data &amp;apos;os&amp;apos; with value &amp;apos;Windows 7 64bit&amp;apos;</message>
  <nestedLevel>0</nestedLevel>
  <property name="os">Windows 7 64bit</property>
</record>
<record>
  <date>2018-07-09T15:19:29</date>
  <millis>1531129769024</millis>
  <sequence>3</sequence>
  <level>RUN_DATA</level>
  <class>com.kms.katalon.core.logging.KeywordLogger</class>
  <method>logMessage</method>
  <thread>1</thread>
  <message>Logging run data &amp;apos;hostAddress&amp;apos; with value &amp;apos;10.20.86.19&amp;apos;</message>
  <nestedLevel>0</nestedLevel>
  <property name="hostAddress">10.20.86.19</property>
</record>
<record>
  <date>2018-07-09T15:19:29</date>
  <millis>1531129769026</millis>
  <sequence>4</sequence>
  <level>RUN_DATA</level>
  <class>com.kms.katalon.core.logging.KeywordLogger</class>
  <method>logMessage</method>
  <thread>1</thread>
  <message>Logging run data &amp;apos;katalonVersion&amp;apos; with value &amp;apos;5.4.2.1&amp;apos;</message>
  <nestedLevel>0</nestedLevel>
  <property name="katalonVersion">5.4.2.1</property>
</record>
<record>
  <date>2018-07-09T15:19:29</date>
  <millis>1531129769342</millis>
  <sequence>5</sequence>
  <level>START</level>
  <class>com.kms.katalon.core.logging.KeywordLogger</class>
  <method>startTest</method>
  <thread>1</thread>
  <message>Start Test Case : Test Cases/Snapdeal Web Page</message>
  <nestedLevel>1</nestedLevel>
  <property name="name">Test Cases/Snapdeal Web Page</property>
  <property name="description"></property>
  <property name="id">Test Cases/Snapdeal Web Page</property>
  <property name="source">C:\\Users\\kartik.sehgal.in\\Katalon Studio\\SD\\Test Cases\\Snapdeal Web Page.tc</property>
  <property name="isOptional">false</property>
</record>
<record>
  <date>2018-07-09T15:19:29</date>
  <millis>1531129769378</millis>
  <sequence>6</sequence>
  <level>INFO</level>
  <class>com.kms.katalon.core.logging.KeywordLogger</class>
  <method>logMessage</method>
  <thread>1</thread>
  <message>Evaluating variables for test case</message>
  <nestedLevel>1</nestedLevel>
</record>
<record>
  <date>2018-07-09T15:19:29</date>
  <millis>1531129769380</millis>
  <sequence>7</sequence>
  <level>INFO</level>
  <class>com.kms.katalon.core.logging.KeywordLogger</class>
  <method>logMessage</method>
  <thread>1</thread>
  <message>Variable &amp;apos;username&amp;apos; is set to 9654421103</message>
  <nestedLevel>1</nestedLevel>
</record>
<record>
  <date>2018-07-09T15:19:29</date>
  <millis>1531129769654</millis>
  <sequence>8</sequence>
  <level>START</level>
  <class>com.kms.katalon.core.logging.KeywordLogger</class>
  <method>startKeyword</method>
  <thread>1</thread>
  <message>Start action : openBrowser</message>
  <nestedLevel>1</nestedLevel>
  <property name="startLine">23</property>
  <property name="stepIndex">1</property>
</record>
<record>
  <date>2018-07-09T15:19:30</date>
  <millis>1531129770050</millis>
  <sequence>9</sequence>
  <level>INFO</level>
  <class>com.kms.katalon.core.logging.KeywordLogger</class>
  <method>logMessage</method>
  <thread>1</thread>
  <message>Opening browser</message>
  <nestedLevel>1</nestedLevel>
</record>
<record>
  <date>2018-07-09T15:19:30</date>
  <millis>1531129770058</millis>
  <sequence>10</sequence>
  <level>INFO</level>
  <class>com.kms.katalon.core.logging.KeywordLogger</class>
  <method>logMessage</method>
  <thread>1</thread>
  <message>Starting &amp;apos;Firefox&amp;apos; driver</message>
  <nestedLevel>1</nestedLevel>
</record>
<record>
  <date>2018-07-09T15:19:30</date>
  <millis>1531129770113</millis>
  <sequence>11</sequence>
  <level>INFO</level>
  <class>com.kms.katalon.core.logging.KeywordLogger</class>
  <method>logMessage</method>
  <thread>1</thread>
  <message>Action delay is set to 0 seconds</message>
  <nestedLevel>1</nestedLevel>
</record>
<record>
  <date>2018-07-09T15:19:36</date>
  <millis>1531129776401</millis>
  <sequence>13</sequence>
  <level>RUN_DATA</level>
  <class>com.kms.katalon.core.logging.KeywordLogger</class>
  <method>logMessage</method>
  <thread>1</thread>
  <message>Logging run data &amp;apos;sessionId&amp;apos; with value &amp;apos;49f1f0bd-b08a-469b-aca8-cf707743be8d&amp;apos;</message>
  <nestedLevel>1</nestedLevel>
  <property name="sessionId">49f1f0bd-b08a-469b-aca8-cf707743be8d</property>
</record>
<record>
  <date>2018-07-09T15:19:36</date>
  <millis>1531129776439</millis>
  <sequence>14</sequence>
  <level>RUN_DATA</level>
  <class>com.kms.katalon.core.logging.KeywordLogger</class>
  <method>logMessage</method>
  <thread>1</thread>
  <message>Logging run data &amp;apos;browser&amp;apos; with value &amp;apos;Firefox 62.0&amp;apos;</message>
  <nestedLevel>1</nestedLevel>
  <property name="browser">Firefox 62.0</property>
</record>
<record>
  <date>2018-07-09T15:19:36</date>
  <millis>1531129776441</millis>
  <sequence>15</sequence>
  <level>RUN_DATA</level>
  <class>com.kms.katalon.core.logging.KeywordLogger</class>
  <method>logMessage</method>
  <thread>1</thread>
  <message>Logging run data &amp;apos;platform&amp;apos; with value &amp;apos;Windows 7&amp;apos;</message>
  <nestedLevel>1</nestedLevel>
  <property name="platform">Windows 7</property>
</record>
<record>
  <date>2018-07-09T15:19:36</date>
  <millis>1531129776443</millis>
  <sequence>16</sequence>
  <level>RUN_DATA</level>
  <class>com.kms.katalon.core.logging.KeywordLogger</class>
  <method>logMessage</method>
  <thread>1</thread>
  <message>Logging run data &amp;apos;seleniumVersion&amp;apos; with value &amp;apos;3.7.1&amp;apos;</message>
  <nestedLevel>1</nestedLevel>
  <property name="seleniumVersion">3.7.1</property>
</record>
<record>
  <date>2018-07-09T15:19:36</date>
  <millis>1531129776444</millis>
  <sequence>17</sequence>
  <level>RUN_DATA</level>
  <class>com.kms.katalon.core.logging.KeywordLogger</class>
  <method>logMessage</method>
  <thread>1</thread>
  <message>Logging run data &amp;apos;proxyInformation&amp;apos; with value &amp;apos;ProxyInformation{proxyOption=NO_PROXY, proxyServerType=HTTP, password=, proxyServerAddress=, proxyServerPort=0}&amp;apos;</message>
  <nestedLevel>1</nestedLevel>
  <property name="proxyInformation">ProxyInformation{proxyOption=NO_PROXY, proxyServerType=HTTP, password=, proxyServerAddress=, proxyServerPort=0}</property>
</record>
<record>
  <date>2018-07-09T15:19:36</date>
  <millis>1531129776445</millis>
  <sequence>18</sequence>
  <level>PASSED</level>
  <class>com.kms.katalon.core.logging.KeywordLogger</class>
  <method>logMessage</method>
  <thread>1</thread>
  <message>Browser is opened with url: &amp;apos;&amp;apos;</message>
  <nestedLevel>1</nestedLevel>
</record>
<record>
  <date>2018-07-09T15:19:36</date>
  <millis>1531129776446</millis>
  <sequence>19</sequence>
  <level>END</level>
  <class>com.kms.katalon.core.logging.KeywordLogger</class>
  <method>endKeyword</method>
  <thread>1</thread>
  <message>End action : openBrowser</message>
  <nestedLevel>1</nestedLevel>
</record>
<record>
  <date>2018-07-09T15:19:36</date>
  <millis>1531129776446</millis>
  <sequence>20</sequence>
  <level>START</level>
  <class>com.kms.katalon.core.logging.KeywordLogger</class>
  <method>startKeyword</method>
  <thread>1</thread>
  <message>Start action : navigateToUrl</message>
  <nestedLevel>1</nestedLevel>
  <property name="startLine">25</property>
  <property name="stepIndex">2</property>
</record>
<record>
  <date>2018-07-09T15:19:36</date>
  <millis>1531129776475</millis>
  <sequence>21</sequence>
  <level>INFO</level>
  <class>com.kms.katalon.core.logging.KeywordLogger</class>
  <method>logMessage</method>
  <thread>1</thread>
  <message>Checking url</message>
  <nestedLevel>1</nestedLevel>
</record>
<record>
  <date>2018-07-09T15:19:36</date>
  <millis>1531129776477</millis>
  <sequence>22</sequence>
  <level>INFO</level>
  <class>com.kms.katalon.core.logging.KeywordLogger</class>
  <method>logMessage</method>
  <thread>1</thread>
  <message>Navigating to &amp;apos;https://www.snapdeal.com/&amp;apos;</message>
  <nestedLevel>1</nestedLevel>
</record>
<record>
  <date>2018-07-09T15:19:40</date>
  <millis>1531129780080</millis>
  <sequence>23</sequence>
  <level>PASSED</level>
  <class>com.kms.katalon.core.logging.KeywordLogger</class>
  <method>logMessage</method>
  <thread>1</thread>
  <message>Navigate to &amp;apos;https://www.snapdeal.com/&amp;apos; successfully</message>
  <nestedLevel>1</nestedLevel>
</record>
<record>
  <date>2018-07-09T15:19:40</date>
  <millis>1531129780082</millis>
  <sequence>24</sequence>
  <level>END</level>
  <class>com.kms.katalon.core.logging.KeywordLogger</class>
  <method>endKeyword</method>
  <thread>1</thread>
  <message>End action : navigateToUrl</message>
  <nestedLevel>1</nestedLevel>
</record>
<record>
  <date>2018-07-09T15:19:40</date>
  <millis>1531129780082</millis>
  <sequence>25</sequence>
  <level>START</level>
  <class>com.kms.katalon.core.logging.KeywordLogger</class>
  <method>startKeyword</method>
  <thread>1</thread>
  <message>Start action : waitForElementPresent</message>
  <nestedLevel>1</nestedLevel>
  <property name="startLine">27</property>
  <property name="stepIndex">3</property>
</record>
<record>
  <date>2018-07-09T15:19:40</date>
  <millis>1531129780092</millis>
  <sequence>26</sequence>
  <level>INFO</level>
  <class>com.kms.katalon.core.logging.KeywordLogger</class>
  <method>logMessage</method>
  <thread>1</thread>
  <message>Finding Test Object with id &amp;apos;Object Repository/SD_Login_OR/Page_Online Shopping Site in India/Page_Online Shopping Site in India/div_Sign In&amp;apos;</message>
  <nestedLevel>1</nestedLevel>
</record>
<record>
  <date>2018-07-09T15:19:40</date>
  <millis>1531129780125</millis>
  <sequence>27</sequence>
  <level>INFO</level>
  <class>com.kms.katalon.core.logging.KeywordLogger</class>
  <method>logMessage</method>
  <thread>1</thread>
  <message>Checking object</message>
  <nestedLevel>1</nestedLevel>
</record>
<record>
  <date>2018-07-09T15:19:40</date>
  <millis>1531129780126</millis>
  <sequence>28</sequence>
  <level>INFO</level>
  <class>com.kms.katalon.core.logging.KeywordLogger</class>
  <method>logMessage</method>
  <thread>1</thread>
  <message>Checking timeout</message>
  <nestedLevel>1</nestedLevel>
</record>
<record>
  <date>2018-07-09T15:19:40</date>
  <millis>1531129780145</millis>
  <sequence>29</sequence>
  <level>INFO</level>
  <class>com.kms.katalon.core.logging.KeywordLogger</class>
  <method>logMessage</method>
  <thread>1</thread>
  <message>Finding web element with id: &amp;apos;Object Repository/SD_Login_OR/Page_Online Shopping Site in India/Page_Online Shopping Site in India/div_Sign In&amp;apos; located by &amp;apos;By.xpath: //div[(text() = &amp;apos;\n\t\t\t  \t\tSign In\n\t\t\t\t\t  \n\t\t\t\t\t  \t\t\n\t\t\t\t\t  \t\t\n\t\t\t\t\t  \n\t\t\t\t\t  \n\t\t\t\t\t  \n\t\t\t      \t\t\t\n\t\t\t      \t\t\t\t\n\t\t\t\t\t\t\t\t\t\t\n\t\t\t\t\t\t\t\t\t\tOrders\n\t\t\t\t\t\t\t\t\t\tShortlist\n\t\t\t\t\t\t\t\t\t\tSD Cash\n\t\t\t\t\t\t\t\t\t\tE-Gift Voucher\n\t\t\t\t\t\t\t\t\t\t\n\t\t\t\t\t\t\t\t\t\t\tLogout\n\t\t\t\t\t\t\t\t\t\t\n\t\t\t\t\t\t\t\t\t\t\n\t\t\t\t\t\t\t\t\t\n\n\t\t\t\t\t\t\t\n\t\t\t\t\t\t\t\n\t\t\t\t\t\t\t\t\n\t\t\t\t\t\t\t\t\t\n\t\t\t\t\t\t\t\t\t\tYour Account\n\t\t\t\t\t\t\t\t\t\tYour Orders\n\t\t\t\t\t\t\t\t\t\tShortlist\n\t\t\t\t\t\t\t\t\t\tSD Cash\n\t\t\t\t\t\t\t\t\t\n\t\t\t\t\t\t\t\t\n\t\t\t\t\t\t\t\t\n\t\t\t\t\t\t \t\t\tIf you are a new user\n\t\t\t\t\t\t \t\t\tRegister\n\t\t\t\t\t\t \t\t\tlogin\n\t\t\t\t\t\t \t\t\n\n\t\t\t\t\t\t\t\n\t\t\t\t\t\n\t\t\t    &amp;apos; or . = &amp;apos;\n\t\t\t  \t\tSign In\n\t\t\t\t\t  \n\t\t\t\t\t  \t\t\n\t\t\t\t\t  \t\t\n\t\t\t\t\t  \n\t\t\t\t\t  \n\t\t\t\t\t  \n\t\t\t      \t\t\t\n\t\t\t      \t\t\t\t\n\t\t\t\t\t\t\t\t\t\t\n\t\t\t\t\t\t\t\t\t\tOrders\n\t\t\t\t\t\t\t\t\t\tShortlist\n\t\t\t\t\t\t\t\t\t\tSD Cash\n\t\t\t\t\t\t\t\t\t\tE-Gift Voucher\n\t\t\t\t\t\t\t\t\t\t\n\t\t\t\t\t\t\t\t\t\t\tLogout\n\t\t\t\t\t\t\t\t\t\t\n\t\t\t\t\t\t\t\t\t\t\n\t\t\t\t\t\t\t\t\t\n\n\t\t\t\t\t\t\t\n\t\t\t\t\t\t\t\n\t\t\t\t\t\t\t\t\n\t\t\t\t\t\t\t\t\t\n\t\t\t\t\t\t\t\t\t\tYour Account\n\t\t\t\t\t\t\t\t\t\tYour Orders\n\t\t\t\t\t\t\t\t\t\tShortlist\n\t\t\t\t\t\t\t\t\t\tSD Cash\n\t\t\t\t\t\t\t\t\t\n\t\t\t\t\t\t\t\t\n\t\t\t\t\t\t\t\t\n\t\t\t\t\t\t \t\t\tIf you are a new user\n\t\t\t\t\t\t \t\t\tRegister\n\t\t\t\t\t\t \t\t\tlogin\n\t\t\t\t\t\t \t\t\n\n\t\t\t\t\t\t\t\n\t\t\t\t\t\n\t\t\t    &amp;apos;)]&amp;apos; in &amp;apos;10&amp;apos; second(s)</message>
  <nestedLevel>1</nestedLevel>
</record>
<record>
  <date>2018-07-09T15:19:40</date>
  <millis>1531129780330</millis>
  <sequence>30</sequence>
  <level>INFO</level>
  <class>com.kms.katalon.core.logging.KeywordLogger</class>
  <method>logMessage</method>
  <thread>1</thread>
  <message>Found 1 web elements with id: &amp;apos;Object Repository/SD_Login_OR/Page_Online Shopping Site in India/Page_Online Shopping Site in India/div_Sign In&amp;apos; located by &amp;apos;By.xpath: //div[(text() = &amp;apos;\n\t\t\t  \t\tSign In\n\t\t\t\t\t  \n\t\t\t\t\t  \t\t\n\t\t\t\t\t  \t\t\n\t\t\t\t\t  \n\t\t\t\t\t  \n\t\t\t\t\t  \n\t\t\t      \t\t\t\n\t\t\t      \t\t\t\t\n\t\t\t\t\t\t\t\t\t\t\n\t\t\t\t\t\t\t\t\t\tOrders\n\t\t\t\t\t\t\t\t\t\tShortlist\n\t\t\t\t\t\t\t\t\t\tSD Cash\n\t\t\t\t\t\t\t\t\t\tE-Gift Voucher\n\t\t\t\t\t\t\t\t\t\t\n\t\t\t\t\t\t\t\t\t\t\tLogout\n\t\t\t\t\t\t\t\t\t\t\n\t\t\t\t\t\t\t\t\t\t\n\t\t\t\t\t\t\t\t\t\n\n\t\t\t\t\t\t\t\n\t\t\t\t\t\t\t\n\t\t\t\t\t\t\t\t\n\t\t\t\t\t\t\t\t\t\n\t\t\t\t\t\t\t\t\t\tYour Account\n\t\t\t\t\t\t\t\t\t\tYour Orders\n\t\t\t\t\t\t\t\t\t\tShortlist\n\t\t\t\t\t\t\t\t\t\tSD Cash\n\t\t\t\t\t\t\t\t\t\n\t\t\t\t\t\t\t\t\n\t\t\t\t\t\t\t\t\n\t\t\t\t\t\t \t\t\tIf you are a new user\n\t\t\t\t\t\t \t\t\tRegister\n\t\t\t\t\t\t \t\t\tlogin\n\t\t\t\t\t\t \t\t\n\n\t\t\t\t\t\t\t\n\t\t\t\t\t\n\t\t\t    &amp;apos; or . = &amp;apos;\n\t\t\t  \t\tSign In\n\t\t\t\t\t  \n\t\t\t\t\t  \t\t\n\t\t\t\t\t  \t\t\n\t\t\t\t\t  \n\t\t\t\t\t  \n\t\t\t\t\t  \n\t\t\t      \t\t\t\n\t\t\t      \t\t\t\t\n\t\t\t\t\t\t\t\t\t\t\n\t\t\t\t\t\t\t\t\t\tOrders\n\t\t\t\t\t\t\t\t\t\tShortlist\n\t\t\t\t\t\t\t\t\t\tSD Cash\n\t\t\t\t\t\t\t\t\t\tE-Gift Voucher\n\t\t\t\t\t\t\t\t\t\t\n\t\t\t\t\t\t\t\t\t\t\tLogout\n\t\t\t\t\t\t\t\t\t\t\n\t\t\t\t\t\t\t\t\t\t\n\t\t\t\t\t\t\t\t\t\n\n\t\t\t\t\t\t\t\n\t\t\t\t\t\t\t\n\t\t\t\t\t\t\t\t\n\t\t\t\t\t\t\t\t\t\n\t\t\t\t\t\t\t\t\t\tYour Account\n\t\t\t\t\t\t\t\t\t\tYour Orders\n\t\t\t\t\t\t\t\t\t\tShortlist\n\t\t\t\t\t\t\t\t\t\tSD Cash\n\t\t\t\t\t\t\t\t\t\n\t\t\t\t\t\t\t\t\n\t\t\t\t\t\t\t\t\n\t\t\t\t\t\t \t\t\tIf you are a new user\n\t\t\t\t\t\t \t\t\tRegister\n\t\t\t\t\t\t \t\t\tlogin\n\t\t\t\t\t\t \t\t\n\n\t\t\t\t\t\t\t\n\t\t\t\t\t\n\t\t\t    &amp;apos;)]&amp;apos; in &amp;apos;10&amp;apos; second(s)</message>
  <nestedLevel>1</nestedLevel>
</record>
<record>
  <date>2018-07-09T15:19:40</date>
  <millis>1531129780332</millis>
  <sequence>31</sequence>
  <level>PASSED</level>
  <class>com.kms.katalon.core.logging.KeywordLogger</class>
  <method>logMessage</method>
  <thread>1</thread>
  <message>Object &amp;apos;Object Repository/SD_Login_OR/Page_Online Shopping Site in India/Page_Online Shopping Site in India/div_Sign In&amp;apos; is present</message>
  <nestedLevel>1</nestedLevel>
</record>
<record>
  <date>2018-07-09T15:19:40</date>
  <millis>1531129780336</millis>
  <sequence>32</sequence>
  <level>END</level>
  <class>com.kms.katalon.core.logging.KeywordLogger</class>
  <method>endKeyword</method>
  <thread>1</thread>
  <message>End action : waitForElementPresent</message>
  <nestedLevel>1</nestedLevel>
</record>
<record>
  <date>2018-07-09T15:19:40</date>
  <millis>1531129780337</millis>
  <sequence>33</sequence>
  <level>START</level>
  <class>com.kms.katalon.core.logging.KeywordLogger</class>
  <method>startKeyword</method>
  <thread>1</thread>
  <message>Start action : verifyElementPresent</message>
  <nestedLevel>1</nestedLevel>
  <property name="startLine">30</property>
  <property name="stepIndex">4</property>
</record>
<record>
  <date>2018-07-09T15:19:40</date>
  <millis>1531129780339</millis>
  <sequence>34</sequence>
  <level>INFO</level>
  <class>com.kms.katalon.core.logging.KeywordLogger</class>
  <method>logMessage</method>
  <thread>1</thread>
  <message>Finding Test Object with id &amp;apos;Object Repository/SD_Login_OR/Page_Online Shopping Site in India/Page_Online Shopping Site in India/div_Sign In&amp;apos;</message>
  <nestedLevel>1</nestedLevel>
</record>
<record>
  <date>2018-07-09T15:19:40</date>
  <millis>1531129780386</millis>
  <sequence>35</sequence>
  <level>INFO</level>
  <class>com.kms.katalon.core.logging.KeywordLogger</class>
  <method>logMessage</method>
  <thread>1</thread>
  <message>Checking object</message>
  <nestedLevel>1</nestedLevel>
</record>
<record>
  <date>2018-07-09T15:19:40</date>
  <millis>1531129780387</millis>
  <sequence>36</sequence>
  <level>INFO</level>
  <class>com.kms.katalon.core.logging.KeywordLogger</class>
  <method>logMessage</method>
  <thread>1</thread>
  <message>Checking timeout</message>
  <nestedLevel>1</nestedLevel>
</record>
<record>
  <date>2018-07-09T15:19:40</date>
  <millis>1531129780387</millis>
  <sequence>37</sequence>
  <level>WARNING</level>
  <class>com.kms.katalon.core.logging.KeywordLogger</class>
  <method>logMessage</method>
  <thread>1</thread>
  <message>Timeout &amp;apos;0&amp;apos; is invalid. Using default page load timeout: &amp;apos;30&amp;apos;</message>
  <nestedLevel>1</nestedLevel>
</record>
<record>
  <date>2018-07-09T15:19:40</date>
  <millis>1531129780388</millis>
  <sequence>38</sequence>
  <level>INFO</level>
  <class>com.kms.katalon.core.logging.KeywordLogger</class>
  <method>logMessage</method>
  <thread>1</thread>
  <message>Finding web element with id: &amp;apos;Object Repository/SD_Login_OR/Page_Online Shopping Site in India/Page_Online Shopping Site in India/div_Sign In&amp;apos; located by &amp;apos;By.xpath: //div[(text() = &amp;apos;\n\t\t\t  \t\tSign In\n\t\t\t\t\t  \n\t\t\t\t\t  \t\t\n\t\t\t\t\t  \t\t\n\t\t\t\t\t  \n\t\t\t\t\t  \n\t\t\t\t\t  \n\t\t\t      \t\t\t\n\t\t\t      \t\t\t\t\n\t\t\t\t\t\t\t\t\t\t\n\t\t\t\t\t\t\t\t\t\tOrders\n\t\t\t\t\t\t\t\t\t\tShortlist\n\t\t\t\t\t\t\t\t\t\tSD Cash\n\t\t\t\t\t\t\t\t\t\tE-Gift Voucher\n\t\t\t\t\t\t\t\t\t\t\n\t\t\t\t\t\t\t\t\t\t\tLogout\n\t\t\t\t\t\t\t\t\t\t\n\t\t\t\t\t\t\t\t\t\t\n\t\t\t\t\t\t\t\t\t\n\n\t\t\t\t\t\t\t\n\t\t\t\t\t\t\t\n\t\t\t\t\t\t\t\t\n\t\t\t\t\t\t\t\t\t\n\t\t\t\t\t\t\t\t\t\tYour Account\n\t\t\t\t\t\t\t\t\t\tYour Orders\n\t\t\t\t\t\t\t\t\t\tShortlist\n\t\t\t\t\t\t\t\t\t\tSD Cash\n\t\t\t\t\t\t\t\t\t\n\t\t\t\t\t\t\t\t\n\t\t\t\t\t\t\t\t\n\t\t\t\t\t\t \t\t\tIf you are a new user\n\t\t\t\t\t\t \t\t\tRegister\n\t\t\t\t\t\t \t\t\tlogin\n\t\t\t\t\t\t \t\t\n\n\t\t\t\t\t\t\t\n\t\t\t\t\t\n\t\t\t    &amp;apos; or . = &amp;apos;\n\t\t\t  \t\tSign In\n\t\t\t\t\t  \n\t\t\t\t\t  \t\t\n\t\t\t\t\t  \t\t\n\t\t\t\t\t  \n\t\t\t\t\t  \n\t\t\t\t\t  \n\t\t\t      \t\t\t\n\t\t\t      \t\t\t\t\n\t\t\t\t\t\t\t\t\t\t\n\t\t\t\t\t\t\t\t\t\tOrders\n\t\t\t\t\t\t\t\t\t\tShortlist\n\t\t\t\t\t\t\t\t\t\tSD Cash\n\t\t\t\t\t\t\t\t\t\tE-Gift Voucher\n\t\t\t\t\t\t\t\t\t\t\n\t\t\t\t\t\t\t\t\t\t\tLogout\n\t\t\t\t\t\t\t\t\t\t\n\t\t\t\t\t\t\t\t\t\t\n\t\t\t\t\t\t\t\t\t\n\n\t\t\t\t\t\t\t\n\t\t\t\t\t\t\t\n\t\t\t\t\t\t\t\t\n\t\t\t\t\t\t\t\t\t\n\t\t\t\t\t\t\t\t\t\tYour Account\n\t\t\t\t\t\t\t\t\t\tYour Orders\n\t\t\t\t\t\t\t\t\t\tShortlist\n\t\t\t\t\t\t\t\t\t\tSD Cash\n\t\t\t\t\t\t\t\t\t\n\t\t\t\t\t\t\t\t\n\t\t\t\t\t\t\t\t\n\t\t\t\t\t\t \t\t\tIf you are a new user\n\t\t\t\t\t\t \t\t\tRegister\n\t\t\t\t\t\t \t\t\tlogin\n\t\t\t\t\t\t \t\t\n\n\t\t\t\t\t\t\t\n\t\t\t\t\t\n\t\t\t    &amp;apos;)]&amp;apos; in &amp;apos;30&amp;apos; second(s)</message>
  <nestedLevel>1</nestedLevel>
</record>
<record>
  <date>2018-07-09T15:19:40</date>
  <millis>1531129780731</millis>
  <sequence>39</sequence>
  <level>INFO</level>
  <class>com.kms.katalon.core.logging.KeywordLogger</class>
  <method>logMessage</method>
  <thread>1</thread>
  <message>Found 1 web elements with id: &amp;apos;Object Repository/SD_Login_OR/Page_Online Shopping Site in India/Page_Online Shopping Site in India/div_Sign In&amp;apos; located by &amp;apos;By.xpath: //div[(text() = &amp;apos;\n\t\t\t  \t\tSign In\n\t\t\t\t\t  \n\t\t\t\t\t  \t\t\n\t\t\t\t\t  \t\t\n\t\t\t\t\t  \n\t\t\t\t\t  \n\t\t\t\t\t  \n\t\t\t      \t\t\t\n\t\t\t      \t\t\t\t\n\t\t\t\t\t\t\t\t\t\t\n\t\t\t\t\t\t\t\t\t\tOrders\n\t\t\t\t\t\t\t\t\t\tShortlist\n\t\t\t\t\t\t\t\t\t\tSD Cash\n\t\t\t\t\t\t\t\t\t\tE-Gift Voucher\n\t\t\t\t\t\t\t\t\t\t\n\t\t\t\t\t\t\t\t\t\t\tLogout\n\t\t\t\t\t\t\t\t\t\t\n\t\t\t\t\t\t\t\t\t\t\n\t\t\t\t\t\t\t\t\t\n\n\t\t\t\t\t\t\t\n\t\t\t\t\t\t\t\n\t\t\t\t\t\t\t\t\n\t\t\t\t\t\t\t\t\t\n\t\t\t\t\t\t\t\t\t\tYour Account\n\t\t\t\t\t\t\t\t\t\tYour Orders\n\t\t\t\t\t\t\t\t\t\tShortlist\n\t\t\t\t\t\t\t\t\t\tSD Cash\n\t\t\t\t\t\t\t\t\t\n\t\t\t\t\t\t\t\t\n\t\t\t\t\t\t\t\t\n\t\t\t\t\t\t \t\t\tIf you are a new user\n\t\t\t\t\t\t \t\t\tRegister\n\t\t\t\t\t\t \t\t\tlogin\n\t\t\t\t\t\t \t\t\n\n\t\t\t\t\t\t\t\n\t\t\t\t\t\n\t\t\t    &amp;apos; or . = &amp;apos;\n\t\t\t  \t\tSign In\n\t\t\t\t\t  \n\t\t\t\t\t  \t\t\n\t\t\t\t\t  \t\t\n\t\t\t\t\t  \n\t\t\t\t\t  \n\t\t\t\t\t  \n\t\t\t      \t\t\t\n\t\t\t      \t\t\t\t\n\t\t\t\t\t\t\t\t\t\t\n\t\t\t\t\t\t\t\t\t\tOrders\n\t\t\t\t\t\t\t\t\t\tShortlist\n\t\t\t\t\t\t\t\t\t\tSD Cash\n\t\t\t\t\t\t\t\t\t\tE-Gift Voucher\n\t\t\t\t\t\t\t\t\t\t\n\t\t\t\t\t\t\t\t\t\t\tLogout\n\t\t\t\t\t\t\t\t\t\t\n\t\t\t\t\t\t\t\t\t\t\n\t\t\t\t\t\t\t\t\t\n\n\t\t\t\t\t\t\t\n\t\t\t\t\t\t\t\n\t\t\t\t\t\t\t\t\n\t\t\t\t\t\t\t\t\t\n\t\t\t\t\t\t\t\t\t\tYour Account\n\t\t\t\t\t\t\t\t\t\tYour Orders\n\t\t\t\t\t\t\t\t\t\tShortlist\n\t\t\t\t\t\t\t\t\t\tSD Cash\n\t\t\t\t\t\t\t\t\t\n\t\t\t\t\t\t\t\t\n\t\t\t\t\t\t\t\t\n\t\t\t\t\t\t \t\t\tIf you are a new user\n\t\t\t\t\t\t \t\t\tRegister\n\t\t\t\t\t\t \t\t\tlogin\n\t\t\t\t\t\t \t\t\n\n\t\t\t\t\t\t\t\n\t\t\t\t\t\n\t\t\t    &amp;apos;)]&amp;apos; in &amp;apos;30&amp;apos; second(s)</message>
  <nestedLevel>1</nestedLevel>
</record>
<record>
  <date>2018-07-09T15:19:40</date>
  <millis>1531129780732</millis>
  <sequence>40</sequence>
  <level>PASSED</level>
  <class>com.kms.katalon.core.logging.KeywordLogger</class>
  <method>logMessage</method>
  <thread>1</thread>
  <message>Object &amp;apos;Object Repository/SD_Login_OR/Page_Online Shopping Site in India/Page_Online Shopping Site in India/div_Sign In&amp;apos; is present</message>
  <nestedLevel>1</nestedLevel>
</record>
<record>
  <date>2018-07-09T15:19:40</date>
  <millis>1531129780734</millis>
  <sequence>41</sequence>
  <level>END</level>
  <class>com.kms.katalon.core.logging.KeywordLogger</class>
  <method>endKeyword</method>
  <thread>1</thread>
  <message>End action : verifyElementPresent</message>
  <nestedLevel>1</nestedLevel>
</record>
<record>
  <date>2018-07-09T15:19:40</date>
  <millis>1531129780734</millis>
  <sequence>42</sequence>
  <level>START</level>
  <class>com.kms.katalon.core.logging.KeywordLogger</class>
  <method>startKeyword</method>
  <thread>1</thread>
  <message>Start action : click</message>
  <nestedLevel>1</nestedLevel>
  <property name="startLine">33</property>
  <property name="stepIndex">5</property>
</record>
<record>
  <date>2018-07-09T15:19:40</date>
  <millis>1531129780735</millis>
  <sequence>43</sequence>
  <level>INFO</level>
  <class>com.kms.katalon.core.logging.KeywordLogger</class>
  <method>logMessage</method>
  <thread>1</thread>
  <message>Finding Test Object with id &amp;apos;Object Repository/SD_Login_OR/Page_Online Shopping Site in India/Page_Online Shopping Site in India/div_Sign In&amp;apos;</message>
  <nestedLevel>1</nestedLevel>
</record>
<record>
  <date>2018-07-09T15:19:40</date>
  <millis>1531129780755</millis>
  <sequence>44</sequence>
  <level>INFO</level>
  <class>com.kms.katalon.core.logging.KeywordLogger</class>
  <method>logMessage</method>
  <thread>1</thread>
  <message>Checking object</message>
  <nestedLevel>1</nestedLevel>
</record>
<record>
  <date>2018-07-09T15:19:40</date>
  <millis>1531129780756</millis>
  <sequence>45</sequence>
  <level>INFO</level>
  <class>com.kms.katalon.core.logging.KeywordLogger</class>
  <method>logMessage</method>
  <thread>1</thread>
  <message>Checking timeout</message>
  <nestedLevel>1</nestedLevel>
</record>
<record>
  <date>2018-07-09T15:19:40</date>
  <millis>1531129780756</millis>
  <sequence>46</sequence>
  <level>INFO</level>
  <class>com.kms.katalon.core.logging.KeywordLogger</class>
  <method>logMessage</method>
  <thread>1</thread>
  <message>Finding web element with id: &amp;apos;Object Repository/SD_Login_OR/Page_Online Shopping Site in India/Page_Online Shopping Site in India/div_Sign In&amp;apos; located by &amp;apos;By.xpath: //div[(text() = &amp;apos;\n\t\t\t  \t\tSign In\n\t\t\t\t\t  \n\t\t\t\t\t  \t\t\n\t\t\t\t\t  \t\t\n\t\t\t\t\t  \n\t\t\t\t\t  \n\t\t\t\t\t  \n\t\t\t      \t\t\t\n\t\t\t      \t\t\t\t\n\t\t\t\t\t\t\t\t\t\t\n\t\t\t\t\t\t\t\t\t\tOrders\n\t\t\t\t\t\t\t\t\t\tShortlist\n\t\t\t\t\t\t\t\t\t\tSD Cash\n\t\t\t\t\t\t\t\t\t\tE-Gift Voucher\n\t\t\t\t\t\t\t\t\t\t\n\t\t\t\t\t\t\t\t\t\t\tLogout\n\t\t\t\t\t\t\t\t\t\t\n\t\t\t\t\t\t\t\t\t\t\n\t\t\t\t\t\t\t\t\t\n\n\t\t\t\t\t\t\t\n\t\t\t\t\t\t\t\n\t\t\t\t\t\t\t\t\n\t\t\t\t\t\t\t\t\t\n\t\t\t\t\t\t\t\t\t\tYour Account\n\t\t\t\t\t\t\t\t\t\tYour Orders\n\t\t\t\t\t\t\t\t\t\tShortlist\n\t\t\t\t\t\t\t\t\t\tSD Cash\n\t\t\t\t\t\t\t\t\t\n\t\t\t\t\t\t\t\t\n\t\t\t\t\t\t\t\t\n\t\t\t\t\t\t \t\t\tIf you are a new user\n\t\t\t\t\t\t \t\t\tRegister\n\t\t\t\t\t\t \t\t\tlogin\n\t\t\t\t\t\t \t\t\n\n\t\t\t\t\t\t\t\n\t\t\t\t\t\n\t\t\t    &amp;apos; or . = &amp;apos;\n\t\t\t  \t\tSign In\n\t\t\t\t\t  \n\t\t\t\t\t  \t\t\n\t\t\t\t\t  \t\t\n\t\t\t\t\t  \n\t\t\t\t\t  \n\t\t\t\t\t  \n\t\t\t      \t\t\t\n\t\t\t      \t\t\t\t\n\t\t\t\t\t\t\t\t\t\t\n\t\t\t\t\t\t\t\t\t\tOrders\n\t\t\t\t\t\t\t\t\t\tShortlist\n\t\t\t\t\t\t\t\t\t\tSD Cash\n\t\t\t\t\t\t\t\t\t\tE-Gift Voucher\n\t\t\t\t\t\t\t\t\t\t\n\t\t\t\t\t\t\t\t\t\t\tLogout\n\t\t\t\t\t\t\t\t\t\t\n\t\t\t\t\t\t\t\t\t\t\n\t\t\t\t\t\t\t\t\t\n\n\t\t\t\t\t\t\t\n\t\t\t\t\t\t\t\n\t\t\t\t\t\t\t\t\n\t\t\t\t\t\t\t\t\t\n\t\t\t\t\t\t\t\t\t\tYour Account\n\t\t\t\t\t\t\t\t\t\tYour Orders\n\t\t\t\t\t\t\t\t\t\tShortlist\n\t\t\t\t\t\t\t\t\t\tSD Cash\n\t\t\t\t\t\t\t\t\t\n\t\t\t\t\t\t\t\t\n\t\t\t\t\t\t\t\t\n\t\t\t\t\t\t \t\t\tIf you are a new user\n\t\t\t\t\t\t \t\t\tRegister\n\t\t\t\t\t\t \t\t\tlogin\n\t\t\t\t\t\t \t\t\n\n\t\t\t\t\t\t\t\n\t\t\t\t\t\n\t\t\t    &amp;apos;)]&amp;apos; in &amp;apos;30&amp;apos; second(s)</message>
  <nestedLevel>1</nestedLevel>
</record>
<record>
  <date>2018-07-09T15:19:40</date>
  <millis>1531129780922</millis>
  <sequence>47</sequence>
  <level>INFO</level>
  <class>com.kms.katalon.core.logging.KeywordLogger</class>
  <method>logMessage</method>
  <thread>1</thread>
  <message>Found 1 web elements with id: &amp;apos;Object Repository/SD_Login_OR/Page_Online Shopping Site in India/Page_Online Shopping Site in India/div_Sign In&amp;apos; located by &amp;apos;By.xpath: //div[(text() = &amp;apos;\n\t\t\t  \t\tSign In\n\t\t\t\t\t  \n\t\t\t\t\t  \t\t\n\t\t\t\t\t  \t\t\n\t\t\t\t\t  \n\t\t\t\t\t  \n\t\t\t\t\t  \n\t\t\t      \t\t\t\n\t\t\t      \t\t\t\t\n\t\t\t\t\t\t\t\t\t\t\n\t\t\t\t\t\t\t\t\t\tOrders\n\t\t\t\t\t\t\t\t\t\tShortlist\n\t\t\t\t\t\t\t\t\t\tSD Cash\n\t\t\t\t\t\t\t\t\t\tE-Gift Voucher\n\t\t\t\t\t\t\t\t\t\t\n\t\t\t\t\t\t\t\t\t\t\tLogout\n\t\t\t\t\t\t\t\t\t\t\n\t\t\t\t\t\t\t\t\t\t\n\t\t\t\t\t\t\t\t\t\n\n\t\t\t\t\t\t\t\n\t\t\t\t\t\t\t\n\t\t\t\t\t\t\t\t\n\t\t\t\t\t\t\t\t\t\n\t\t\t\t\t\t\t\t\t\tYour Account\n\t\t\t\t\t\t\t\t\t\tYour Orders\n\t\t\t\t\t\t\t\t\t\tShortlist\n\t\t\t\t\t\t\t\t\t\tSD Cash\n\t\t\t\t\t\t\t\t\t\n\t\t\t\t\t\t\t\t\n\t\t\t\t\t\t\t\t\n\t\t\t\t\t\t \t\t\tIf you are a new user\n\t\t\t\t\t\t \t\t\tRegister\n\t\t\t\t\t\t \t\t\tlogin\n\t\t\t\t\t\t \t\t\n\n\t\t\t\t\t\t\t\n\t\t\t\t\t\n\t\t\t    &amp;apos; or . = &amp;apos;\n\t\t\t  \t\tSign In\n\t\t\t\t\t  \n\t\t\t\t\t  \t\t\n\t\t\t\t\t  \t\t\n\t\t\t\t\t  \n\t\t\t\t\t  \n\t\t\t\t\t  \n\t\t\t      \t\t\t\n\t\t\t      \t\t\t\t\n\t\t\t\t\t\t\t\t\t\t\n\t\t\t\t\t\t\t\t\t\tOrders\n\t\t\t\t\t\t\t\t\t\tShortlist\n\t\t\t\t\t\t\t\t\t\tSD Cash\n\t\t\t\t\t\t\t\t\t\tE-Gift Voucher\n\t\t\t\t\t\t\t\t\t\t\n\t\t\t\t\t\t\t\t\t\t\tLogout\n\t\t\t\t\t\t\t\t\t\t\n\t\t\t\t\t\t\t\t\t\t\n\t\t\t\t\t\t\t\t\t\n\n\t\t\t\t\t\t\t\n\t\t\t\t\t\t\t\n\t\t\t\t\t\t\t\t\n\t\t\t\t\t\t\t\t\t\n\t\t\t\t\t\t\t\t\t\tYour Account\n\t\t\t\t\t\t\t\t\t\tYour Orders\n\t\t\t\t\t\t\t\t\t\tShortlist\n\t\t\t\t\t\t\t\t\t\tSD Cash\n\t\t\t\t\t\t\t\t\t\n\t\t\t\t\t\t\t\t\n\t\t\t\t\t\t\t\t\n\t\t\t\t\t\t \t\t\tIf you are a new user\n\t\t\t\t\t\t \t\t\tRegister\n\t\t\t\t\t\t \t\t\tlogin\n\t\t\t\t\t\t \t\t\n\n\t\t\t\t\t\t\t\n\t\t\t\t\t\n\t\t\t    &amp;apos;)]&amp;apos; in &amp;apos;30&amp;apos; second(s)</message>
  <nestedLevel>1</nestedLevel>
</record>
<record>
  <date>2018-07-09T15:19:40</date>
  <millis>1531129780927</millis>
  <sequence>48</sequence>
  <level>INFO</level>
  <class>com.kms.katalon.core.logging.KeywordLogger</class>
  <method>logMessage</method>
  <thread>1</thread>
  <message>Clicking on object: &amp;apos;Object Repository/SD_Login_OR/Page_Online Shopping Site in India/Page_Online Shopping Site in India/div_Sign In&amp;apos;</message>
  <nestedLevel>1</nestedLevel>
</record>
<record>
  <date>2018-07-09T15:19:41</date>
  <millis>1531129781657</millis>
  <sequence>49</sequence>
  <level>PASSED</level>
  <class>com.kms.katalon.core.logging.KeywordLogger</class>
  <method>logMessage</method>
  <thread>1</thread>
  <message>Object: &amp;apos;Object Repository/SD_Login_OR/Page_Online Shopping Site in India/Page_Online Shopping Site in India/div_Sign In&amp;apos; is clicked on</message>
  <nestedLevel>1</nestedLevel>
</record>
<record>
  <date>2018-07-09T15:19:41</date>
  <millis>1531129781658</millis>
  <sequence>50</sequence>
  <level>END</level>
  <class>com.kms.katalon.core.logging.KeywordLogger</class>
  <method>endKeyword</method>
  <thread>1</thread>
  <message>End action : click</message>
  <nestedLevel>1</nestedLevel>
</record>
<record>
  <date>2018-07-09T15:19:41</date>
  <millis>1531129781659</millis>
  <sequence>51</sequence>
  <level>START</level>
  <class>com.kms.katalon.core.logging.KeywordLogger</class>
  <method>startKeyword</method>
  <thread>1</thread>
  <message>Start action : waitForElementPresent</message>
  <nestedLevel>1</nestedLevel>
  <property name="startLine">35</property>
  <property name="stepIndex">6</property>
</record>
<record>
  <date>2018-07-09T15:19:41</date>
  <millis>1531129781660</millis>
  <sequence>52</sequence>
  <level>INFO</level>
  <class>com.kms.katalon.core.logging.KeywordLogger</class>
  <method>logMessage</method>
  <thread>1</thread>
  <message>Finding Test Object with id &amp;apos;Object Repository/SD_Login_OR/Page_Online Shopping Site in India (1)/span_login&amp;apos;</message>
  <nestedLevel>1</nestedLevel>
</record>
<record>
  <date>2018-07-09T15:19:41</date>
  <millis>1531129781673</millis>
  <sequence>53</sequence>
  <level>INFO</level>
  <class>com.kms.katalon.core.logging.KeywordLogger</class>
  <method>logMessage</method>
  <thread>1</thread>
  <message>Checking object</message>
  <nestedLevel>1</nestedLevel>
</record>
<record>
  <date>2018-07-09T15:19:41</date>
  <millis>1531129781676</millis>
  <sequence>54</sequence>
  <level>INFO</level>
  <class>com.kms.katalon.core.logging.KeywordLogger</class>
  <method>logMessage</method>
  <thread>1</thread>
  <message>Checking timeout</message>
  <nestedLevel>1</nestedLevel>
</record>
<record>
  <date>2018-07-09T15:19:41</date>
  <millis>1531129781677</millis>
  <sequence>55</sequence>
  <level>INFO</level>
  <class>com.kms.katalon.core.logging.KeywordLogger</class>
  <method>logMessage</method>
  <thread>1</thread>
  <message>Finding web element with id: &amp;apos;Object Repository/SD_Login_OR/Page_Online Shopping Site in India (1)/span_login&amp;apos; located by &amp;apos;By.xpath: id(\&amp;quot;sdHeader\&amp;quot;)/div[@class=\&amp;quot;headerBar reset-padding\&amp;quot;]/div[@class=\&amp;quot;topBar  top-bar-homepage  top-freeze-reference-point\&amp;quot;]/div[@class=\&amp;quot;header_wrapper\&amp;quot;]/div[@class=\&amp;quot;col-xs-5 reset-padding header-right rfloat\&amp;quot;]/div[@class=\&amp;quot;myAccountTab accountHeaderClass col-xs-13 reset-padding\&amp;quot;]/div[@class=\&amp;quot;accountInner accountHeadColor\&amp;quot;]/div[@class=\&amp;quot;dropdownWrapper\&amp;quot;]/div[@class=\&amp;quot;dropdownAccountNonLoggedIn\&amp;quot;]/div[@class=\&amp;quot;accountInfoNonLoggedIn\&amp;quot;]/span[@class=\&amp;quot;accountBtn btn rippleWhite\&amp;quot;][count(. | //span[(text() = &amp;apos;login&amp;apos; or . = &amp;apos;login&amp;apos;)]) = count(//span[(text() = &amp;apos;login&amp;apos; or . = &amp;apos;login&amp;apos;)])]&amp;apos; in &amp;apos;10&amp;apos; second(s)</message>
  <nestedLevel>1</nestedLevel>
</record>
<record>
  <date>2018-07-09T15:19:42</date>
  <millis>1531129782298</millis>
  <sequence>56</sequence>
  <level>INFO</level>
  <class>com.kms.katalon.core.logging.KeywordLogger</class>
  <method>logMessage</method>
  <thread>1</thread>
  <message>Found 1 web elements with id: &amp;apos;Object Repository/SD_Login_OR/Page_Online Shopping Site in India (1)/span_login&amp;apos; located by &amp;apos;By.xpath: id(\&amp;quot;sdHeader\&amp;quot;)/div[@class=\&amp;quot;headerBar reset-padding\&amp;quot;]/div[@class=\&amp;quot;topBar  top-bar-homepage  top-freeze-reference-point\&amp;quot;]/div[@class=\&amp;quot;header_wrapper\&amp;quot;]/div[@class=\&amp;quot;col-xs-5 reset-padding header-right rfloat\&amp;quot;]/div[@class=\&amp;quot;myAccountTab accountHeaderClass col-xs-13 reset-padding\&amp;quot;]/div[@class=\&amp;quot;accountInner accountHeadColor\&amp;quot;]/div[@class=\&amp;quot;dropdownWrapper\&amp;quot;]/div[@class=\&amp;quot;dropdownAccountNonLoggedIn\&amp;quot;]/div[@class=\&amp;quot;accountInfoNonLoggedIn\&amp;quot;]/span[@class=\&amp;quot;accountBtn btn rippleWhite\&amp;quot;][count(. | //span[(text() = &amp;apos;login&amp;apos; or . = &amp;apos;login&amp;apos;)]) = count(//span[(text() = &amp;apos;login&amp;apos; or . = &amp;apos;login&amp;apos;)])]&amp;apos; in &amp;apos;10&amp;apos; second(s)</message>
  <nestedLevel>1</nestedLevel>
</record>
<record>
  <date>2018-07-09T15:19:42</date>
  <millis>1531129782300</millis>
  <sequence>57</sequence>
  <level>PASSED</level>
  <class>com.kms.katalon.core.logging.KeywordLogger</class>
  <method>logMessage</method>
  <thread>1</thread>
  <message>Object &amp;apos;Object Repository/SD_Login_OR/Page_Online Shopping Site in India (1)/span_login&amp;apos; is present</message>
  <nestedLevel>1</nestedLevel>
</record>
<record>
  <date>2018-07-09T15:19:42</date>
  <millis>1531129782301</millis>
  <sequence>58</sequence>
  <level>END</level>
  <class>com.kms.katalon.core.logging.KeywordLogger</class>
  <method>endKeyword</method>
  <thread>1</thread>
  <message>End action : waitForElementPresent</message>
  <nestedLevel>1</nestedLevel>
</record>
<record>
  <date>2018-07-09T15:19:42</date>
  <millis>1531129782301</millis>
  <sequence>59</sequence>
  <level>START</level>
  <class>com.kms.katalon.core.logging.KeywordLogger</class>
  <method>startKeyword</method>
  <thread>1</thread>
  <message>Start action : verifyElementPresent</message>
  <nestedLevel>1</nestedLevel>
  <property name="startLine">37</property>
  <property name="stepIndex">7</property>
</record>
<record>
  <date>2018-07-09T15:19:42</date>
  <millis>1531129782302</millis>
  <sequence>60</sequence>
  <level>INFO</level>
  <class>com.kms.katalon.core.logging.KeywordLogger</class>
  <method>logMessage</method>
  <thread>1</thread>
  <message>Finding Test Object with id &amp;apos;Object Repository/SD_Login_OR/Page_Online Shopping Site in India (1)/span_login&amp;apos;</message>
  <nestedLevel>1</nestedLevel>
</record>
<record>
  <date>2018-07-09T15:19:42</date>
  <millis>1531129782310</millis>
  <sequence>61</sequence>
  <level>INFO</level>
  <class>com.kms.katalon.core.logging.KeywordLogger</class>
  <method>logMessage</method>
  <thread>1</thread>
  <message>Checking object</message>
  <nestedLevel>1</nestedLevel>
</record>
<record>
  <date>2018-07-09T15:19:42</date>
  <millis>1531129782329</millis>
  <sequence>62</sequence>
  <level>INFO</level>
  <class>com.kms.katalon.core.logging.KeywordLogger</class>
  <method>logMessage</method>
  <thread>1</thread>
  <message>Checking timeout</message>
  <nestedLevel>1</nestedLevel>
</record>
<record>
  <date>2018-07-09T15:19:42</date>
  <millis>1531129782329</millis>
  <sequence>63</sequence>
  <level>WARNING</level>
  <class>com.kms.katalon.core.logging.KeywordLogger</class>
  <method>logMessage</method>
  <thread>1</thread>
  <message>Timeout &amp;apos;0&amp;apos; is invalid. Using default page load timeout: &amp;apos;30&amp;apos;</message>
  <nestedLevel>1</nestedLevel>
</record>
<record>
  <date>2018-07-09T15:19:42</date>
  <millis>1531129782330</millis>
  <sequence>64</sequence>
  <level>INFO</level>
  <class>com.kms.katalon.core.logging.KeywordLogger</class>
  <method>logMessage</method>
  <thread>1</thread>
  <message>Finding web element with id: &amp;apos;Object Repository/SD_Login_OR/Page_Online Shopping Site in India (1)/span_login&amp;apos; located by &amp;apos;By.xpath: id(\&amp;quot;sdHeader\&amp;quot;)/div[@class=\&amp;quot;headerBar reset-padding\&amp;quot;]/div[@class=\&amp;quot;topBar  top-bar-homepage  top-freeze-reference-point\&amp;quot;]/div[@class=\&amp;quot;header_wrapper\&amp;quot;]/div[@class=\&amp;quot;col-xs-5 reset-padding header-right rfloat\&amp;quot;]/div[@class=\&amp;quot;myAccountTab accountHeaderClass col-xs-13 reset-padding\&amp;quot;]/div[@class=\&amp;quot;accountInner accountHeadColor\&amp;quot;]/div[@class=\&amp;quot;dropdownWrapper\&amp;quot;]/div[@class=\&amp;quot;dropdownAccountNonLoggedIn\&amp;quot;]/div[@class=\&amp;quot;accountInfoNonLoggedIn\&amp;quot;]/span[@class=\&amp;quot;accountBtn btn rippleWhite\&amp;quot;][count(. | //span[(text() = &amp;apos;login&amp;apos; or . = &amp;apos;login&amp;apos;)]) = count(//span[(text() = &amp;apos;login&amp;apos; or . = &amp;apos;login&amp;apos;)])]&amp;apos; in &amp;apos;30&amp;apos; second(s)</message>
  <nestedLevel>1</nestedLevel>
</record>
