<?xml version="1.0" encoding="UTF-8" standalone="no"?>
<!DOCTYPE log SYSTEM "logger.dtd">
<log>
<record>
  <date>2018-07-09T15:18:03</date>
  <millis>1531129683897</millis>
  <sequence>0</sequence>
  <level>START</level>
  <class>com.kms.katalon.core.logging.KeywordLogger</class>
  <method>startSuite</method>
  <thread>1</thread>
  <message>Start Test Suite : Test Suites/Snapdeal Web Page</message>
  <nestedLevel>0</nestedLevel>
  <property name="name">Snapdeal Web Page</property>
  <property name="description"></property>
  <property name="id">Test Suites/Snapdeal Web Page</property>
</record>
<record>
  <date>2018-07-09T15:18:03</date>
  <millis>1531129683913</millis>
  <sequence>1</sequence>
  <level>RUN_DATA</level>
  <class>com.kms.katalon.core.logging.KeywordLogger</class>
  <method>logMessage</method>
  <thread>1</thread>
  <message>Logging run data &amp;apos;hostName&amp;apos; with value &amp;apos;kartik.sehgal.in - L-15S7152.jasperindia.local&amp;apos;</message>
  <nestedLevel>0</nestedLevel>
  <property name="hostName">kartik.sehgal.in - L-15S7152.jasperindia.local</property>
</record>
<record>
  <date>2018-07-09T15:18:03</date>
  <millis>1531129683914</millis>
  <sequence>2</sequence>
  <level>RUN_DATA</level>
  <class>com.kms.katalon.core.logging.KeywordLogger</class>
  <method>logMessage</method>
  <thread>1</thread>
  <message>Logging run data &amp;apos;os&amp;apos; with value &amp;apos;Windows 7 64bit&amp;apos;</message>
  <nestedLevel>0</nestedLevel>
  <property name="os">Windows 7 64bit</property>
</record>
<record>
  <date>2018-07-09T15:18:03</date>
  <millis>1531129683917</millis>
  <sequence>3</sequence>
  <level>RUN_DATA</level>
  <class>com.kms.katalon.core.logging.KeywordLogger</class>
  <method>logMessage</method>
  <thread>1</thread>
  <message>Logging run data &amp;apos;hostAddress&amp;apos; with value &amp;apos;10.20.86.19&amp;apos;</message>
  <nestedLevel>0</nestedLevel>
  <property name="hostAddress">10.20.86.19</property>
</record>
<record>
  <date>2018-07-09T15:18:03</date>
  <millis>1531129683918</millis>
  <sequence>4</sequence>
  <level>RUN_DATA</level>
  <class>com.kms.katalon.core.logging.KeywordLogger</class>
  <method>logMessage</method>
  <thread>1</thread>
  <message>Logging run data &amp;apos;katalonVersion&amp;apos; with value &amp;apos;5.4.2.1&amp;apos;</message>
  <nestedLevel>0</nestedLevel>
  <property name="katalonVersion">5.4.2.1</property>
</record>
<record>
  <date>2018-07-09T15:18:04</date>
  <millis>1531129684267</millis>
  <sequence>5</sequence>
  <level>START</level>
  <class>com.kms.katalon.core.logging.KeywordLogger</class>
  <method>startTest</method>
  <thread>1</thread>
  <message>Start Test Case : Test Cases/Snapdeal Web Page</message>
  <nestedLevel>1</nestedLevel>
  <property name="name">Test Cases/Snapdeal Web Page</property>
  <property name="description"></property>
  <property name="id">Test Cases/Snapdeal Web Page</property>
  <property name="source">C:\\Users\\kartik.sehgal.in\\Katalon Studio\\SD\\Test Cases\\Snapdeal Web Page.tc</property>
  <property name="isOptional">false</property>
</record>
<record>
  <date>2018-07-09T15:18:04</date>
  <millis>1531129684318</millis>
  <sequence>6</sequence>
  <level>INFO</level>
  <class>com.kms.katalon.core.logging.KeywordLogger</class>
  <method>logMessage</method>
  <thread>1</thread>
  <message>Evaluating variables for test case</message>
  <nestedLevel>1</nestedLevel>
</record>
<record>
  <date>2018-07-09T15:18:04</date>
  <millis>1531129684376</millis>
  <sequence>7</sequence>
  <level>INFO</level>
  <class>com.kms.katalon.core.logging.KeywordLogger</class>
  <method>logMessage</method>
  <thread>1</thread>
  <message>Variable &amp;apos;username&amp;apos; is set to 9999999999 as default</message>
  <nestedLevel>1</nestedLevel>
</record>
<record>
  <date>2018-07-09T15:18:04</date>
  <millis>1531129684693</millis>
  <sequence>8</sequence>
  <level>START</level>
  <class>com.kms.katalon.core.logging.KeywordLogger</class>
  <method>startKeyword</method>
  <thread>1</thread>
  <message>Start action : openBrowser</message>
  <nestedLevel>1</nestedLevel>
  <property name="startLine">23</property>
  <property name="stepIndex">1</property>
</record>
<record>
  <date>2018-07-09T15:18:04</date>
  <millis>1531129684983</millis>
  <sequence>9</sequence>
  <level>INFO</level>
  <class>com.kms.katalon.core.logging.KeywordLogger</class>
  <method>logMessage</method>
  <thread>1</thread>
  <message>Opening browser</message>
  <nestedLevel>1</nestedLevel>
</record>
<record>
  <date>2018-07-09T15:18:04</date>
  <millis>1531129684989</millis>
  <sequence>10</sequence>
  <level>INFO</level>
  <class>com.kms.katalon.core.logging.KeywordLogger</class>
  <method>logMessage</method>
  <thread>1</thread>
  <message>Starting &amp;apos;Firefox&amp;apos; driver</message>
  <nestedLevel>1</nestedLevel>
</record>
<record>
  <date>2018-07-09T15:18:05</date>
  <millis>1531129685035</millis>
  <sequence>11</sequence>
  <level>INFO</level>
  <class>com.kms.katalon.core.logging.KeywordLogger</class>
  <method>logMessage</method>
  <thread>1</thread>
  <message>Action delay is set to 0 seconds</message>
  <nestedLevel>1</nestedLevel>
</record>
<record>
  <date>2018-07-09T15:18:11</date>
  <millis>1531129691583</millis>
  <sequence>13</sequence>
  <level>RUN_DATA</level>
  <class>com.kms.katalon.core.logging.KeywordLogger</class>
  <method>logMessage</method>
  <thread>1</thread>
  <message>Logging run data &amp;apos;sessionId&amp;apos; with value &amp;apos;9115b084-cb20-4c8c-8b34-e9ef82239ba2&amp;apos;</message>
  <nestedLevel>1</nestedLevel>
  <property name="sessionId">9115b084-cb20-4c8c-8b34-e9ef82239ba2</property>
</record>
<record>
  <date>2018-07-09T15:18:11</date>
  <millis>1531129691618</millis>
  <sequence>14</sequence>
  <level>RUN_DATA</level>
  <class>com.kms.katalon.core.logging.KeywordLogger</class>
  <method>logMessage</method>
  <thread>1</thread>
  <message>Logging run data &amp;apos;browser&amp;apos; with value &amp;apos;Firefox 62.0&amp;apos;</message>
  <nestedLevel>1</nestedLevel>
  <property name="browser">Firefox 62.0</property>
</record>
<record>
  <date>2018-07-09T15:18:11</date>
  <millis>1531129691620</millis>
  <sequence>15</sequence>
  <level>RUN_DATA</level>
  <class>com.kms.katalon.core.logging.KeywordLogger</class>
  <method>logMessage</method>
  <thread>1</thread>
  <message>Logging run data &amp;apos;platform&amp;apos; with value &amp;apos;Windows 7&amp;apos;</message>
  <nestedLevel>1</nestedLevel>
  <property name="platform">Windows 7</property>
</record>
<record>
  <date>2018-07-09T15:18:11</date>
  <millis>1531129691625</millis>
  <sequence>16</sequence>
  <level>RUN_DATA</level>
  <class>com.kms.katalon.core.logging.KeywordLogger</class>
  <method>logMessage</method>
  <thread>1</thread>
  <message>Logging run data &amp;apos;seleniumVersion&amp;apos; with value &amp;apos;3.7.1&amp;apos;</message>
  <nestedLevel>1</nestedLevel>
  <property name="seleniumVersion">3.7.1</property>
</record>
<record>
  <date>2018-07-09T15:18:11</date>
  <millis>1531129691628</millis>
  <sequence>17</sequence>
  <level>RUN_DATA</level>
  <class>com.kms.katalon.core.logging.KeywordLogger</class>
  <method>logMessage</method>
  <thread>1</thread>
  <message>Logging run data &amp;apos;proxyInformation&amp;apos; with value &amp;apos;ProxyInformation{proxyOption=NO_PROXY, proxyServerType=HTTP, password=, proxyServerAddress=, proxyServerPort=0}&amp;apos;</message>
  <nestedLevel>1</nestedLevel>
  <property name="proxyInformation">ProxyInformation{proxyOption=NO_PROXY, proxyServerType=HTTP, password=, proxyServerAddress=, proxyServerPort=0}</property>
</record>
<record>
  <date>2018-07-09T15:18:11</date>
  <millis>1531129691628</millis>
  <sequence>18</sequence>
  <level>PASSED</level>
  <class>com.kms.katalon.core.logging.KeywordLogger</class>
  <method>logMessage</method>
  <thread>1</thread>
  <message>Browser is opened with url: &amp;apos;&amp;apos;</message>
  <nestedLevel>1</nestedLevel>
</record>
<record>
  <date>2018-07-09T15:18:11</date>
  <millis>1531129691628</millis>
  <sequence>19</sequence>
  <level>END</level>
  <class>com.kms.katalon.core.logging.KeywordLogger</class>
  <method>endKeyword</method>
  <thread>1</thread>
  <message>End action : openBrowser</message>
  <nestedLevel>1</nestedLevel>
</record>
<record>
  <date>2018-07-09T15:18:11</date>
  <millis>1531129691630</millis>
  <sequence>20</sequence>
  <level>START</level>
  <class>com.kms.katalon.core.logging.KeywordLogger</class>
  <method>startKeyword</method>
  <thread>1</thread>
  <message>Start action : navigateToUrl</message>
  <nestedLevel>1</nestedLevel>
  <property name="startLine">25</property>
  <property name="stepIndex">2</property>
</record>
<record>
  <date>2018-07-09T15:18:11</date>
  <millis>1531129691658</millis>
  <sequence>21</sequence>
  <level>INFO</level>
  <class>com.kms.katalon.core.logging.KeywordLogger</class>
  <method>logMessage</method>
  <thread>1</thread>
  <message>Checking url</message>
  <nestedLevel>1</nestedLevel>
</record>
<record>
  <date>2018-07-09T15:18:11</date>
  <millis>1531129691660</millis>
  <sequence>22</sequence>
  <level>INFO</level>
  <class>com.kms.katalon.core.logging.KeywordLogger</class>
  <method>logMessage</method>
  <thread>1</thread>
  <message>Navigating to &amp;apos;https://www.snapdeal.com/&amp;apos;</message>
  <nestedLevel>1</nestedLevel>
</record>
<record>
  <date>2018-07-09T15:18:14</date>
  <millis>1531129694693</millis>
  <sequence>23</sequence>
  <level>PASSED</level>
  <class>com.kms.katalon.core.logging.KeywordLogger</class>
  <method>logMessage</method>
  <thread>1</thread>
  <message>Navigate to &amp;apos;https://www.snapdeal.com/&amp;apos; successfully</message>
  <nestedLevel>1</nestedLevel>
</record>
<record>
  <date>2018-07-09T15:18:14</date>
  <millis>1531129694695</millis>
  <sequence>24</sequence>
  <level>END</level>
  <class>com.kms.katalon.core.logging.KeywordLogger</class>
  <method>endKeyword</method>
  <thread>1</thread>
  <message>End action : navigateToUrl</message>
  <nestedLevel>1</nestedLevel>
</record>
<record>
  <date>2018-07-09T15:18:14</date>
  <millis>1531129694698</millis>
  <sequence>25</sequence>
  <level>START</level>
  <class>com.kms.katalon.core.logging.KeywordLogger</class>
  <method>startKeyword</method>
  <thread>1</thread>
  <message>Start action : waitForElementPresent</message>
  <nestedLevel>1</nestedLevel>
  <property name="startLine">27</property>
  <property name="stepIndex">3</property>
</record>
<record>
  <date>2018-07-09T15:18:14</date>
  <millis>1531129694704</millis>
  <sequence>26</sequence>
  <level>INFO</level>
  <class>com.kms.katalon.core.logging.KeywordLogger</class>
  <method>logMessage</method>
  <thread>1</thread>
  <message>Finding Test Object with id &amp;apos;Object Repository/SD_Login_OR/Page_Online Shopping Site in India/Page_Online Shopping Site in India/div_Sign In&amp;apos;</message>
  <nestedLevel>1</nestedLevel>
</record>
<record>
  <date>2018-07-09T15:18:14</date>
  <millis>1531129694747</millis>
  <sequence>27</sequence>
  <level>INFO</level>
  <class>com.kms.katalon.core.logging.KeywordLogger</class>
  <method>logMessage</method>
  <thread>1</thread>
  <message>Checking object</message>
  <nestedLevel>1</nestedLevel>
</record>
<record>
  <date>2018-07-09T15:18:14</date>
  <millis>1531129694748</millis>
  <sequence>28</sequence>
  <level>INFO</level>
  <class>com.kms.katalon.core.logging.KeywordLogger</class>
  <method>logMessage</method>
  <thread>1</thread>
  <message>Checking timeout</message>
  <nestedLevel>1</nestedLevel>
</record>
<record>
  <date>2018-07-09T15:18:14</date>
  <millis>1531129694766</millis>
  <sequence>29</sequence>
  <level>INFO</level>
  <class>com.kms.katalon.core.logging.KeywordLogger</class>
  <method>logMessage</method>
  <thread>1</thread>
  <message>Finding web element with id: &amp;apos;Object Repository/SD_Login_OR/Page_Online Shopping Site in India/Page_Online Shopping Site in India/div_Sign In&amp;apos; located by &amp;apos;By.xpath: //div[(text() = &amp;apos;\n\t\t\t  \t\tSign In\n\t\t\t\t\t  \n\t\t\t\t\t  \t\t\n\t\t\t\t\t  \t\t\n\t\t\t\t\t  \n\t\t\t\t\t  \n\t\t\t\t\t  \n\t\t\t      \t\t\t\n\t\t\t      \t\t\t\t\n\t\t\t\t\t\t\t\t\t\t\n\t\t\t\t\t\t\t\t\t\tOrders\n\t\t\t\t\t\t\t\t\t\tShortlist\n\t\t\t\t\t\t\t\t\t\tSD Cash\n\t\t\t\t\t\t\t\t\t\tE-Gift Voucher\n\t\t\t\t\t\t\t\t\t\t\n\t\t\t\t\t\t\t\t\t\t\tLogout\n\t\t\t\t\t\t\t\t\t\t\n\t\t\t\t\t\t\t\t\t\t\n\t\t\t\t\t\t\t\t\t\n\n\t\t\t\t\t\t\t\n\t\t\t\t\t\t\t\n\t\t\t\t\t\t\t\t\n\t\t\t\t\t\t\t\t\t\n\t\t\t\t\t\t\t\t\t\tYour Account\n\t\t\t\t\t\t\t\t\t\tYour Orders\n\t\t\t\t\t\t\t\t\t\tShortlist\n\t\t\t\t\t\t\t\t\t\tSD Cash\n\t\t\t\t\t\t\t\t\t\n\t\t\t\t\t\t\t\t\n\t\t\t\t\t\t\t\t\n\t\t\t\t\t\t \t\t\tIf you are a new user\n\t\t\t\t\t\t \t\t\tRegister\n\t\t\t\t\t\t \t\t\tlogin\n\t\t\t\t\t\t \t\t\n\n\t\t\t\t\t\t\t\n\t\t\t\t\t\n\t\t\t    &amp;apos; or . = &amp;apos;\n\t\t\t  \t\tSign In\n\t\t\t\t\t  \n\t\t\t\t\t  \t\t\n\t\t\t\t\t  \t\t\n\t\t\t\t\t  \n\t\t\t\t\t  \n\t\t\t\t\t  \n\t\t\t      \t\t\t\n\t\t\t      \t\t\t\t\n\t\t\t\t\t\t\t\t\t\t\n\t\t\t\t\t\t\t\t\t\tOrders\n\t\t\t\t\t\t\t\t\t\tShortlist\n\t\t\t\t\t\t\t\t\t\tSD Cash\n\t\t\t\t\t\t\t\t\t\tE-Gift Voucher\n\t\t\t\t\t\t\t\t\t\t\n\t\t\t\t\t\t\t\t\t\t\tLogout\n\t\t\t\t\t\t\t\t\t\t\n\t\t\t\t\t\t\t\t\t\t\n\t\t\t\t\t\t\t\t\t\n\n\t\t\t\t\t\t\t\n\t\t\t\t\t\t\t\n\t\t\t\t\t\t\t\t\n\t\t\t\t\t\t\t\t\t\n\t\t\t\t\t\t\t\t\t\tYour Account\n\t\t\t\t\t\t\t\t\t\tYour Orders\n\t\t\t\t\t\t\t\t\t\tShortlist\n\t\t\t\t\t\t\t\t\t\tSD Cash\n\t\t\t\t\t\t\t\t\t\n\t\t\t\t\t\t\t\t\n\t\t\t\t\t\t\t\t\n\t\t\t\t\t\t \t\t\tIf you are a new user\n\t\t\t\t\t\t \t\t\tRegister\n\t\t\t\t\t\t \t\t\tlogin\n\t\t\t\t\t\t \t\t\n\n\t\t\t\t\t\t\t\n\t\t\t\t\t\n\t\t\t    &amp;apos;)]&amp;apos; in &amp;apos;10&amp;apos; second(s)</message>
  <nestedLevel>1</nestedLevel>
</record>
<record>
  <date>2018-07-09T15:18:14</date>
  <millis>1531129694881</millis>
  <sequence>30</sequence>
  <level>INFO</level>
  <class>com.kms.katalon.core.logging.KeywordLogger</class>
  <method>logMessage</method>
  <thread>1</thread>
  <message>Found 1 web elements with id: &amp;apos;Object Repository/SD_Login_OR/Page_Online Shopping Site in India/Page_Online Shopping Site in India/div_Sign In&amp;apos; located by &amp;apos;By.xpath: //div[(text() = &amp;apos;\n\t\t\t  \t\tSign In\n\t\t\t\t\t  \n\t\t\t\t\t  \t\t\n\t\t\t\t\t  \t\t\n\t\t\t\t\t  \n\t\t\t\t\t  \n\t\t\t\t\t  \n\t\t\t      \t\t\t\n\t\t\t      \t\t\t\t\n\t\t\t\t\t\t\t\t\t\t\n\t\t\t\t\t\t\t\t\t\tOrders\n\t\t\t\t\t\t\t\t\t\tShortlist\n\t\t\t\t\t\t\t\t\t\tSD Cash\n\t\t\t\t\t\t\t\t\t\tE-Gift Voucher\n\t\t\t\t\t\t\t\t\t\t\n\t\t\t\t\t\t\t\t\t\t\tLogout\n\t\t\t\t\t\t\t\t\t\t\n\t\t\t\t\t\t\t\t\t\t\n\t\t\t\t\t\t\t\t\t\n\n\t\t\t\t\t\t\t\n\t\t\t\t\t\t\t\n\t\t\t\t\t\t\t\t\n\t\t\t\t\t\t\t\t\t\n\t\t\t\t\t\t\t\t\t\tYour Account\n\t\t\t\t\t\t\t\t\t\tYour Orders\n\t\t\t\t\t\t\t\t\t\tShortlist\n\t\t\t\t\t\t\t\t\t\tSD Cash\n\t\t\t\t\t\t\t\t\t\n\t\t\t\t\t\t\t\t\n\t\t\t\t\t\t\t\t\n\t\t\t\t\t\t \t\t\tIf you are a new user\n\t\t\t\t\t\t \t\t\tRegister\n\t\t\t\t\t\t \t\t\tlogin\n\t\t\t\t\t\t \t\t\n\n\t\t\t\t\t\t\t\n\t\t\t\t\t\n\t\t\t    &amp;apos; or . = &amp;apos;\n\t\t\t  \t\tSign In\n\t\t\t\t\t  \n\t\t\t\t\t  \t\t\n\t\t\t\t\t  \t\t\n\t\t\t\t\t  \n\t\t\t\t\t  \n\t\t\t\t\t  \n\t\t\t      \t\t\t\n\t\t\t      \t\t\t\t\n\t\t\t\t\t\t\t\t\t\t\n\t\t\t\t\t\t\t\t\t\tOrders\n\t\t\t\t\t\t\t\t\t\tShortlist\n\t\t\t\t\t\t\t\t\t\tSD Cash\n\t\t\t\t\t\t\t\t\t\tE-Gift Voucher\n\t\t\t\t\t\t\t\t\t\t\n\t\t\t\t\t\t\t\t\t\t\tLogout\n\t\t\t\t\t\t\t\t\t\t\n\t\t\t\t\t\t\t\t\t\t\n\t\t\t\t\t\t\t\t\t\n\n\t\t\t\t\t\t\t\n\t\t\t\t\t\t\t\n\t\t\t\t\t\t\t\t\n\t\t\t\t\t\t\t\t\t\n\t\t\t\t\t\t\t\t\t\tYour Account\n\t\t\t\t\t\t\t\t\t\tYour Orders\n\t\t\t\t\t\t\t\t\t\tShortlist\n\t\t\t\t\t\t\t\t\t\tSD Cash\n\t\t\t\t\t\t\t\t\t\n\t\t\t\t\t\t\t\t\n\t\t\t\t\t\t\t\t\n\t\t\t\t\t\t \t\t\tIf you are a new user\n\t\t\t\t\t\t \t\t\tRegister\n\t\t\t\t\t\t \t\t\tlogin\n\t\t\t\t\t\t \t\t\n\n\t\t\t\t\t\t\t\n\t\t\t\t\t\n\t\t\t    &amp;apos;)]&amp;apos; in &amp;apos;10&amp;apos; second(s)</message>
  <nestedLevel>1</nestedLevel>
</record>
<record>
  <date>2018-07-09T15:18:14</date>
  <millis>1531129694883</millis>
  <sequence>31</sequence>
  <level>PASSED</level>
  <class>com.kms.katalon.core.logging.KeywordLogger</class>
  <method>logMessage</method>
  <thread>1</thread>
  <message>Object &amp;apos;Object Repository/SD_Login_OR/Page_Online Shopping Site in India/Page_Online Shopping Site in India/div_Sign In&amp;apos; is present</message>
  <nestedLevel>1</nestedLevel>
</record>
<record>
  <date>2018-07-09T15:18:14</date>
  <millis>1531129694912</millis>
  <sequence>32</sequence>
  <level>END</level>
  <class>com.kms.katalon.core.logging.KeywordLogger</class>
  <method>endKeyword</method>
  <thread>1</thread>
  <message>End action : waitForElementPresent</message>
  <nestedLevel>1</nestedLevel>
</record>
<record>
  <date>2018-07-09T15:18:14</date>
  <millis>1531129694912</millis>
  <sequence>33</sequence>
  <level>START</level>
  <class>com.kms.katalon.core.logging.KeywordLogger</class>
  <method>startKeyword</method>
  <thread>1</thread>
  <message>Start action : verifyElementPresent</message>
  <nestedLevel>1</nestedLevel>
  <property name="startLine">30</property>
  <property name="stepIndex">4</property>
</record>
<record>
  <date>2018-07-09T15:18:14</date>
  <millis>1531129694914</millis>
  <sequence>34</sequence>
  <level>INFO</level>
  <class>com.kms.katalon.core.logging.KeywordLogger</class>
  <method>logMessage</method>
  <thread>1</thread>
  <message>Finding Test Object with id &amp;apos;Object Repository/SD_Login_OR/Page_Online Shopping Site in India/Page_Online Shopping Site in India/div_Sign In&amp;apos;</message>
  <nestedLevel>1</nestedLevel>
</record>
<record>
  <date>2018-07-09T15:18:14</date>
  <millis>1531129694961</millis>
  <sequence>35</sequence>
  <level>INFO</level>
  <class>com.kms.katalon.core.logging.KeywordLogger</class>
  <method>logMessage</method>
  <thread>1</thread>
  <message>Checking object</message>
  <nestedLevel>1</nestedLevel>
</record>
<record>
  <date>2018-07-09T15:18:14</date>
  <millis>1531129694961</millis>
  <sequence>36</sequence>
  <level>INFO</level>
  <class>com.kms.katalon.core.logging.KeywordLogger</class>
  <method>logMessage</method>
  <thread>1</thread>
  <message>Checking timeout</message>
  <nestedLevel>1</nestedLevel>
</record>
<record>
  <date>2018-07-09T15:18:14</date>
  <millis>1531129694962</millis>
  <sequence>37</sequence>
  <level>WARNING</level>
  <class>com.kms.katalon.core.logging.KeywordLogger</class>
  <method>logMessage</method>
  <thread>1</thread>
  <message>Timeout &amp;apos;0&amp;apos; is invalid. Using default page load timeout: &amp;apos;30&amp;apos;</message>
  <nestedLevel>1</nestedLevel>
</record>
<record>
  <date>2018-07-09T15:18:14</date>
  <millis>1531129694969</millis>
  <sequence>38</sequence>
  <level>INFO</level>
  <class>com.kms.katalon.core.logging.KeywordLogger</class>
  <method>logMessage</method>
  <thread>1</thread>
  <message>Finding web element with id: &amp;apos;Object Repository/SD_Login_OR/Page_Online Shopping Site in India/Page_Online Shopping Site in India/div_Sign In&amp;apos; located by &amp;apos;By.xpath: //div[(text() = &amp;apos;\n\t\t\t  \t\tSign In\n\t\t\t\t\t  \n\t\t\t\t\t  \t\t\n\t\t\t\t\t  \t\t\n\t\t\t\t\t  \n\t\t\t\t\t  \n\t\t\t\t\t  \n\t\t\t      \t\t\t\n\t\t\t      \t\t\t\t\n\t\t\t\t\t\t\t\t\t\t\n\t\t\t\t\t\t\t\t\t\tOrders\n\t\t\t\t\t\t\t\t\t\tShortlist\n\t\t\t\t\t\t\t\t\t\tSD Cash\n\t\t\t\t\t\t\t\t\t\tE-Gift Voucher\n\t\t\t\t\t\t\t\t\t\t\n\t\t\t\t\t\t\t\t\t\t\tLogout\n\t\t\t\t\t\t\t\t\t\t\n\t\t\t\t\t\t\t\t\t\t\n\t\t\t\t\t\t\t\t\t\n\n\t\t\t\t\t\t\t\n\t\t\t\t\t\t\t\n\t\t\t\t\t\t\t\t\n\t\t\t\t\t\t\t\t\t\n\t\t\t\t\t\t\t\t\t\tYour Account\n\t\t\t\t\t\t\t\t\t\tYour Orders\n\t\t\t\t\t\t\t\t\t\tShortlist\n\t\t\t\t\t\t\t\t\t\tSD Cash\n\t\t\t\t\t\t\t\t\t\n\t\t\t\t\t\t\t\t\n\t\t\t\t\t\t\t\t\n\t\t\t\t\t\t \t\t\tIf you are a new user\n\t\t\t\t\t\t \t\t\tRegister\n\t\t\t\t\t\t \t\t\tlogin\n\t\t\t\t\t\t \t\t\n\n\t\t\t\t\t\t\t\n\t\t\t\t\t\n\t\t\t    &amp;apos; or . = &amp;apos;\n\t\t\t  \t\tSign In\n\t\t\t\t\t  \n\t\t\t\t\t  \t\t\n\t\t\t\t\t  \t\t\n\t\t\t\t\t  \n\t\t\t\t\t  \n\t\t\t\t\t  \n\t\t\t      \t\t\t\n\t\t\t      \t\t\t\t\n\t\t\t\t\t\t\t\t\t\t\n\t\t\t\t\t\t\t\t\t\tOrders\n\t\t\t\t\t\t\t\t\t\tShortlist\n\t\t\t\t\t\t\t\t\t\tSD Cash\n\t\t\t\t\t\t\t\t\t\tE-Gift Voucher\n\t\t\t\t\t\t\t\t\t\t\n\t\t\t\t\t\t\t\t\t\t\tLogout\n\t\t\t\t\t\t\t\t\t\t\n\t\t\t\t\t\t\t\t\t\t\n\t\t\t\t\t\t\t\t\t\n\n\t\t\t\t\t\t\t\n\t\t\t\t\t\t\t\n\t\t\t\t\t\t\t\t\n\t\t\t\t\t\t\t\t\t\n\t\t\t\t\t\t\t\t\t\tYour Account\n\t\t\t\t\t\t\t\t\t\tYour Orders\n\t\t\t\t\t\t\t\t\t\tShortlist\n\t\t\t\t\t\t\t\t\t\tSD Cash\n\t\t\t\t\t\t\t\t\t\n\t\t\t\t\t\t\t\t\n\t\t\t\t\t\t\t\t\n\t\t\t\t\t\t \t\t\tIf you are a new user\n\t\t\t\t\t\t \t\t\tRegister\n\t\t\t\t\t\t \t\t\tlogin\n\t\t\t\t\t\t \t\t\n\n\t\t\t\t\t\t\t\n\t\t\t\t\t\n\t\t\t    &amp;apos;)]&amp;apos; in &amp;apos;30&amp;apos; second(s)</message>
  <nestedLevel>1</nestedLevel>
</record>
<record>
  <date>2018-07-09T15:18:15</date>
  <millis>1531129695044</millis>
  <sequence>39</sequence>
  <level>INFO</level>
  <class>com.kms.katalon.core.logging.KeywordLogger</class>
  <method>logMessage</method>
  <thread>1</thread>
  <message>Found 1 web elements with id: &amp;apos;Object Repository/SD_Login_OR/Page_Online Shopping Site in India/Page_Online Shopping Site in India/div_Sign In&amp;apos; located by &amp;apos;By.xpath: //div[(text() = &amp;apos;\n\t\t\t  \t\tSign In\n\t\t\t\t\t  \n\t\t\t\t\t  \t\t\n\t\t\t\t\t  \t\t\n\t\t\t\t\t  \n\t\t\t\t\t  \n\t\t\t\t\t  \n\t\t\t      \t\t\t\n\t\t\t      \t\t\t\t\n\t\t\t\t\t\t\t\t\t\t\n\t\t\t\t\t\t\t\t\t\tOrders\n\t\t\t\t\t\t\t\t\t\tShortlist\n\t\t\t\t\t\t\t\t\t\tSD Cash\n\t\t\t\t\t\t\t\t\t\tE-Gift Voucher\n\t\t\t\t\t\t\t\t\t\t\n\t\t\t\t\t\t\t\t\t\t\tLogout\n\t\t\t\t\t\t\t\t\t\t\n\t\t\t\t\t\t\t\t\t\t\n\t\t\t\t\t\t\t\t\t\n\n\t\t\t\t\t\t\t\n\t\t\t\t\t\t\t\n\t\t\t\t\t\t\t\t\n\t\t\t\t\t\t\t\t\t\n\t\t\t\t\t\t\t\t\t\tYour Account\n\t\t\t\t\t\t\t\t\t\tYour Orders\n\t\t\t\t\t\t\t\t\t\tShortlist\n\t\t\t\t\t\t\t\t\t\tSD Cash\n\t\t\t\t\t\t\t\t\t\n\t\t\t\t\t\t\t\t\n\t\t\t\t\t\t\t\t\n\t\t\t\t\t\t \t\t\tIf you are a new user\n\t\t\t\t\t\t \t\t\tRegister\n\t\t\t\t\t\t \t\t\tlogin\n\t\t\t\t\t\t \t\t\n\n\t\t\t\t\t\t\t\n\t\t\t\t\t\n\t\t\t    &amp;apos; or . = &amp;apos;\n\t\t\t  \t\tSign In\n\t\t\t\t\t  \n\t\t\t\t\t  \t\t\n\t\t\t\t\t  \t\t\n\t\t\t\t\t  \n\t\t\t\t\t  \n\t\t\t\t\t  \n\t\t\t      \t\t\t\n\t\t\t      \t\t\t\t\n\t\t\t\t\t\t\t\t\t\t\n\t\t\t\t\t\t\t\t\t\tOrders\n\t\t\t\t\t\t\t\t\t\tShortlist\n\t\t\t\t\t\t\t\t\t\tSD Cash\n\t\t\t\t\t\t\t\t\t\tE-Gift Voucher\n\t\t\t\t\t\t\t\t\t\t\n\t\t\t\t\t\t\t\t\t\t\tLogout\n\t\t\t\t\t\t\t\t\t\t\n\t\t\t\t\t\t\t\t\t\t\n\t\t\t\t\t\t\t\t\t\n\n\t\t\t\t\t\t\t\n\t\t\t\t\t\t\t\n\t\t\t\t\t\t\t\t\n\t\t\t\t\t\t\t\t\t\n\t\t\t\t\t\t\t\t\t\tYour Account\n\t\t\t\t\t\t\t\t\t\tYour Orders\n\t\t\t\t\t\t\t\t\t\tShortlist\n\t\t\t\t\t\t\t\t\t\tSD Cash\n\t\t\t\t\t\t\t\t\t\n\t\t\t\t\t\t\t\t\n\t\t\t\t\t\t\t\t\n\t\t\t\t\t\t \t\t\tIf you are a new user\n\t\t\t\t\t\t \t\t\tRegister\n\t\t\t\t\t\t \t\t\tlogin\n\t\t\t\t\t\t \t\t\n\n\t\t\t\t\t\t\t\n\t\t\t\t\t\n\t\t\t    &amp;apos;)]&amp;apos; in &amp;apos;30&amp;apos; second(s)</message>
  <nestedLevel>1</nestedLevel>
</record>
<record>
  <date>2018-07-09T15:18:15</date>
  <millis>1531129695045</millis>
  <sequence>40</sequence>
  <level>PASSED</level>
  <class>com.kms.katalon.core.logging.KeywordLogger</class>
  <method>logMessage</method>
  <thread>1</thread>
  <message>Object &amp;apos;Object Repository/SD_Login_OR/Page_Online Shopping Site in India/Page_Online Shopping Site in India/div_Sign In&amp;apos; is present</message>
  <nestedLevel>1</nestedLevel>
</record>
<record>
  <date>2018-07-09T15:18:15</date>
  <millis>1531129695046</millis>
  <sequence>41</sequence>
  <level>END</level>
  <class>com.kms.katalon.core.logging.KeywordLogger</class>
  <method>endKeyword</method>
  <thread>1</thread>
  <message>End action : verifyElementPresent</message>
  <nestedLevel>1</nestedLevel>
</record>
<record>
  <date>2018-07-09T15:18:15</date>
  <millis>1531129695046</millis>
  <sequence>42</sequence>
  <level>START</level>
  <class>com.kms.katalon.core.logging.KeywordLogger</class>
  <method>startKeyword</method>
  <thread>1</thread>
  <message>Start action : click</message>
  <nestedLevel>1</nestedLevel>
  <property name="startLine">33</property>
  <property name="stepIndex">5</property>
</record>
<record>
  <date>2018-07-09T15:18:15</date>
  <millis>1531129695047</millis>
  <sequence>43</sequence>
  <level>INFO</level>
  <class>com.kms.katalon.core.logging.KeywordLogger</class>
  <method>logMessage</method>
  <thread>1</thread>
  <message>Finding Test Object with id &amp;apos;Object Repository/SD_Login_OR/Page_Online Shopping Site in India/Page_Online Shopping Site in India/div_Sign In&amp;apos;</message>
  <nestedLevel>1</nestedLevel>
</record>
<record>
  <date>2018-07-09T15:18:15</date>
  <millis>1531129695065</millis>
  <sequence>44</sequence>
  <level>INFO</level>
  <class>com.kms.katalon.core.logging.KeywordLogger</class>
  <method>logMessage</method>
  <thread>1</thread>
  <message>Checking object</message>
  <nestedLevel>1</nestedLevel>
</record>
<record>
  <date>2018-07-09T15:18:15</date>
  <millis>1531129695065</millis>
  <sequence>45</sequence>
  <level>INFO</level>
  <class>com.kms.katalon.core.logging.KeywordLogger</class>
  <method>logMessage</method>
  <thread>1</thread>
  <message>Checking timeout</message>
  <nestedLevel>1</nestedLevel>
</record>
<record>
  <date>2018-07-09T15:18:15</date>
  <millis>1531129695066</millis>
  <sequence>46</sequence>
  <level>INFO</level>
  <class>com.kms.katalon.core.logging.KeywordLogger</class>
  <method>logMessage</method>
  <thread>1</thread>
  <message>Finding web element with id: &amp;apos;Object Repository/SD_Login_OR/Page_Online Shopping Site in India/Page_Online Shopping Site in India/div_Sign In&amp;apos; located by &amp;apos;By.xpath: //div[(text() = &amp;apos;\n\t\t\t  \t\tSign In\n\t\t\t\t\t  \n\t\t\t\t\t  \t\t\n\t\t\t\t\t  \t\t\n\t\t\t\t\t  \n\t\t\t\t\t  \n\t\t\t\t\t  \n\t\t\t      \t\t\t\n\t\t\t      \t\t\t\t\n\t\t\t\t\t\t\t\t\t\t\n\t\t\t\t\t\t\t\t\t\tOrders\n\t\t\t\t\t\t\t\t\t\tShortlist\n\t\t\t\t\t\t\t\t\t\tSD Cash\n\t\t\t\t\t\t\t\t\t\tE-Gift Voucher\n\t\t\t\t\t\t\t\t\t\t\n\t\t\t\t\t\t\t\t\t\t\tLogout\n\t\t\t\t\t\t\t\t\t\t\n\t\t\t\t\t\t\t\t\t\t\n\t\t\t\t\t\t\t\t\t\n\n\t\t\t\t\t\t\t\n\t\t\t\t\t\t\t\n\t\t\t\t\t\t\t\t\n\t\t\t\t\t\t\t\t\t\n\t\t\t\t\t\t\t\t\t\tYour Account\n\t\t\t\t\t\t\t\t\t\tYour Orders\n\t\t\t\t\t\t\t\t\t\tShortlist\n\t\t\t\t\t\t\t\t\t\tSD Cash\n\t\t\t\t\t\t\t\t\t\n\t\t\t\t\t\t\t\t\n\t\t\t\t\t\t\t\t\n\t\t\t\t\t\t \t\t\tIf you are a new user\n\t\t\t\t\t\t \t\t\tRegister\n\t\t\t\t\t\t \t\t\tlogin\n\t\t\t\t\t\t \t\t\n\n\t\t\t\t\t\t\t\n\t\t\t\t\t\n\t\t\t    &amp;apos; or . = &amp;apos;\n\t\t\t  \t\tSign In\n\t\t\t\t\t  \n\t\t\t\t\t  \t\t\n\t\t\t\t\t  \t\t\n\t\t\t\t\t  \n\t\t\t\t\t  \n\t\t\t\t\t  \n\t\t\t      \t\t\t\n\t\t\t      \t\t\t\t\n\t\t\t\t\t\t\t\t\t\t\n\t\t\t\t\t\t\t\t\t\tOrders\n\t\t\t\t\t\t\t\t\t\tShortlist\n\t\t\t\t\t\t\t\t\t\tSD Cash\n\t\t\t\t\t\t\t\t\t\tE-Gift Voucher\n\t\t\t\t\t\t\t\t\t\t\n\t\t\t\t\t\t\t\t\t\t\tLogout\n\t\t\t\t\t\t\t\t\t\t\n\t\t\t\t\t\t\t\t\t\t\n\t\t\t\t\t\t\t\t\t\n\n\t\t\t\t\t\t\t\n\t\t\t\t\t\t\t\n\t\t\t\t\t\t\t\t\n\t\t\t\t\t\t\t\t\t\n\t\t\t\t\t\t\t\t\t\tYour Account\n\t\t\t\t\t\t\t\t\t\tYour Orders\n\t\t\t\t\t\t\t\t\t\tShortlist\n\t\t\t\t\t\t\t\t\t\tSD Cash\n\t\t\t\t\t\t\t\t\t\n\t\t\t\t\t\t\t\t\n\t\t\t\t\t\t\t\t\n\t\t\t\t\t\t \t\t\tIf you are a new user\n\t\t\t\t\t\t \t\t\tRegister\n\t\t\t\t\t\t \t\t\tlogin\n\t\t\t\t\t\t \t\t\n\n\t\t\t\t\t\t\t\n\t\t\t\t\t\n\t\t\t    &amp;apos;)]&amp;apos; in &amp;apos;30&amp;apos; second(s)</message>
  <nestedLevel>1</nestedLevel>
</record>
<record>
  <date>2018-07-09T15:18:15</date>
  <millis>1531129695427</millis>
  <sequence>47</sequence>
  <level>INFO</level>
  <class>com.kms.katalon.core.logging.KeywordLogger</class>
  <method>logMessage</method>
  <thread>1</thread>
  <message>Found 1 web elements with id: &amp;apos;Object Repository/SD_Login_OR/Page_Online Shopping Site in India/Page_Online Shopping Site in India/div_Sign In&amp;apos; located by &amp;apos;By.xpath: //div[(text() = &amp;apos;\n\t\t\t  \t\tSign In\n\t\t\t\t\t  \n\t\t\t\t\t  \t\t\n\t\t\t\t\t  \t\t\n\t\t\t\t\t  \n\t\t\t\t\t  \n\t\t\t\t\t  \n\t\t\t      \t\t\t\n\t\t\t      \t\t\t\t\n\t\t\t\t\t\t\t\t\t\t\n\t\t\t\t\t\t\t\t\t\tOrders\n\t\t\t\t\t\t\t\t\t\tShortlist\n\t\t\t\t\t\t\t\t\t\tSD Cash\n\t\t\t\t\t\t\t\t\t\tE-Gift Voucher\n\t\t\t\t\t\t\t\t\t\t\n\t\t\t\t\t\t\t\t\t\t\tLogout\n\t\t\t\t\t\t\t\t\t\t\n\t\t\t\t\t\t\t\t\t\t\n\t\t\t\t\t\t\t\t\t\n\n\t\t\t\t\t\t\t\n\t\t\t\t\t\t\t\n\t\t\t\t\t\t\t\t\n\t\t\t\t\t\t\t\t\t\n\t\t\t\t\t\t\t\t\t\tYour Account\n\t\t\t\t\t\t\t\t\t\tYour Orders\n\t\t\t\t\t\t\t\t\t\tShortlist\n\t\t\t\t\t\t\t\t\t\tSD Cash\n\t\t\t\t\t\t\t\t\t\n\t\t\t\t\t\t\t\t\n\t\t\t\t\t\t\t\t\n\t\t\t\t\t\t \t\t\tIf you are a new user\n\t\t\t\t\t\t \t\t\tRegister\n\t\t\t\t\t\t \t\t\tlogin\n\t\t\t\t\t\t \t\t\n\n\t\t\t\t\t\t\t\n\t\t\t\t\t\n\t\t\t    &amp;apos; or . = &amp;apos;\n\t\t\t  \t\tSign In\n\t\t\t\t\t  \n\t\t\t\t\t  \t\t\n\t\t\t\t\t  \t\t\n\t\t\t\t\t  \n\t\t\t\t\t  \n\t\t\t\t\t  \n\t\t\t      \t\t\t\n\t\t\t      \t\t\t\t\n\t\t\t\t\t\t\t\t\t\t\n\t\t\t\t\t\t\t\t\t\tOrders\n\t\t\t\t\t\t\t\t\t\tShortlist\n\t\t\t\t\t\t\t\t\t\tSD Cash\n\t\t\t\t\t\t\t\t\t\tE-Gift Voucher\n\t\t\t\t\t\t\t\t\t\t\n\t\t\t\t\t\t\t\t\t\t\tLogout\n\t\t\t\t\t\t\t\t\t\t\n\t\t\t\t\t\t\t\t\t\t\n\t\t\t\t\t\t\t\t\t\n\n\t\t\t\t\t\t\t\n\t\t\t\t\t\t\t\n\t\t\t\t\t\t\t\t\n\t\t\t\t\t\t\t\t\t\n\t\t\t\t\t\t\t\t\t\tYour Account\n\t\t\t\t\t\t\t\t\t\tYour Orders\n\t\t\t\t\t\t\t\t\t\tShortlist\n\t\t\t\t\t\t\t\t\t\tSD Cash\n\t\t\t\t\t\t\t\t\t\n\t\t\t\t\t\t\t\t\n\t\t\t\t\t\t\t\t\n\t\t\t\t\t\t \t\t\tIf you are a new user\n\t\t\t\t\t\t \t\t\tRegister\n\t\t\t\t\t\t \t\t\tlogin\n\t\t\t\t\t\t \t\t\n\n\t\t\t\t\t\t\t\n\t\t\t\t\t\n\t\t\t    &amp;apos;)]&amp;apos; in &amp;apos;30&amp;apos; second(s)</message>
  <nestedLevel>1</nestedLevel>
</record>
<record>
  <date>2018-07-09T15:18:15</date>
  <millis>1531129695429</millis>
  <sequence>48</sequence>
  <level>INFO</level>
  <class>com.kms.katalon.core.logging.KeywordLogger</class>
  <method>logMessage</method>
  <thread>1</thread>
  <message>Clicking on object: &amp;apos;Object Repository/SD_Login_OR/Page_Online Shopping Site in India/Page_Online Shopping Site in India/div_Sign In&amp;apos;</message>
  <nestedLevel>1</nestedLevel>
</record>
<record>
  <date>2018-07-09T15:18:16</date>
  <millis>1531129696088</millis>
  <sequence>49</sequence>
  <level>PASSED</level>
  <class>com.kms.katalon.core.logging.KeywordLogger</class>
  <method>logMessage</method>
  <thread>1</thread>
  <message>Object: &amp;apos;Object Repository/SD_Login_OR/Page_Online Shopping Site in India/Page_Online Shopping Site in India/div_Sign In&amp;apos; is clicked on</message>
  <nestedLevel>1</nestedLevel>
</record>
<record>
  <date>2018-07-09T15:18:16</date>
  <millis>1531129696089</millis>
  <sequence>50</sequence>
  <level>END</level>
  <class>com.kms.katalon.core.logging.KeywordLogger</class>
  <method>endKeyword</method>
  <thread>1</thread>
  <message>End action : click</message>
  <nestedLevel>1</nestedLevel>
</record>
<record>
  <date>2018-07-09T15:18:16</date>
  <millis>1531129696090</millis>
  <sequence>51</sequence>
  <level>START</level>
  <class>com.kms.katalon.core.logging.KeywordLogger</class>
  <method>startKeyword</method>
  <thread>1</thread>
  <message>Start action : waitForElementPresent</message>
  <nestedLevel>1</nestedLevel>
  <property name="startLine">35</property>
  <property name="stepIndex">6</property>
</record>
<record>
  <date>2018-07-09T15:18:16</date>
  <millis>1531129696098</millis>
  <sequence>52</sequence>
  <level>INFO</level>
  <class>com.kms.katalon.core.logging.KeywordLogger</class>
  <method>logMessage</method>
  <thread>1</thread>
  <message>Finding Test Object with id &amp;apos;Object Repository/SD_Login_OR/Page_Online Shopping Site in India (1)/span_login&amp;apos;</message>
  <nestedLevel>1</nestedLevel>
</record>
<record>
  <date>2018-07-09T15:18:16</date>
  <millis>1531129696110</millis>
  <sequence>53</sequence>
  <level>INFO</level>
  <class>com.kms.katalon.core.logging.KeywordLogger</class>
  <method>logMessage</method>
  <thread>1</thread>
  <message>Checking object</message>
  <nestedLevel>1</nestedLevel>
</record>
<record>
  <date>2018-07-09T15:18:16</date>
  <millis>1531129696110</millis>
  <sequence>54</sequence>
  <level>INFO</level>
  <class>com.kms.katalon.core.logging.KeywordLogger</class>
  <method>logMessage</method>
  <thread>1</thread>
  <message>Checking timeout</message>
  <nestedLevel>1</nestedLevel>
</record>
<record>
  <date>2018-07-09T15:18:16</date>
  <millis>1531129696111</millis>
  <sequence>55</sequence>
  <level>INFO</level>
  <class>com.kms.katalon.core.logging.KeywordLogger</class>
  <method>logMessage</method>
  <thread>1</thread>
  <message>Finding web element with id: &amp;apos;Object Repository/SD_Login_OR/Page_Online Shopping Site in India (1)/span_login&amp;apos; located by &amp;apos;By.xpath: id(\&amp;quot;sdHeader\&amp;quot;)/div[@class=\&amp;quot;headerBar reset-padding\&amp;quot;]/div[@class=\&amp;quot;topBar  top-bar-homepage  top-freeze-reference-point\&amp;quot;]/div[@class=\&amp;quot;header_wrapper\&amp;quot;]/div[@class=\&amp;quot;col-xs-5 reset-padding header-right rfloat\&amp;quot;]/div[@class=\&amp;quot;myAccountTab accountHeaderClass col-xs-13 reset-padding\&amp;quot;]/div[@class=\&amp;quot;accountInner accountHeadColor\&amp;quot;]/div[@class=\&amp;quot;dropdownWrapper\&amp;quot;]/div[@class=\&amp;quot;dropdownAccountNonLoggedIn\&amp;quot;]/div[@class=\&amp;quot;accountInfoNonLoggedIn\&amp;quot;]/span[@class=\&amp;quot;accountBtn btn rippleWhite\&amp;quot;][count(. | //span[(text() = &amp;apos;login&amp;apos; or . = &amp;apos;login&amp;apos;)]) = count(//span[(text() = &amp;apos;login&amp;apos; or . = &amp;apos;login&amp;apos;)])]&amp;apos; in &amp;apos;10&amp;apos; second(s)</message>
  <nestedLevel>1</nestedLevel>
</record>
<record>
  <date>2018-07-09T15:18:16</date>
  <millis>1531129696635</millis>
  <sequence>56</sequence>
  <level>INFO</level>
  <class>com.kms.katalon.core.logging.KeywordLogger</class>
  <method>logMessage</method>
  <thread>1</thread>
  <message>Found 1 web elements with id: &amp;apos;Object Repository/SD_Login_OR/Page_Online Shopping Site in India (1)/span_login&amp;apos; located by &amp;apos;By.xpath: id(\&amp;quot;sdHeader\&amp;quot;)/div[@class=\&amp;quot;headerBar reset-padding\&amp;quot;]/div[@class=\&amp;quot;topBar  top-bar-homepage  top-freeze-reference-point\&amp;quot;]/div[@class=\&amp;quot;header_wrapper\&amp;quot;]/div[@class=\&amp;quot;col-xs-5 reset-padding header-right rfloat\&amp;quot;]/div[@class=\&amp;quot;myAccountTab accountHeaderClass col-xs-13 reset-padding\&amp;quot;]/div[@class=\&amp;quot;accountInner accountHeadColor\&amp;quot;]/div[@class=\&amp;quot;dropdownWrapper\&amp;quot;]/div[@class=\&amp;quot;dropdownAccountNonLoggedIn\&amp;quot;]/div[@class=\&amp;quot;accountInfoNonLoggedIn\&amp;quot;]/span[@class=\&amp;quot;accountBtn btn rippleWhite\&amp;quot;][count(. | //span[(text() = &amp;apos;login&amp;apos; or . = &amp;apos;login&amp;apos;)]) = count(//span[(text() = &amp;apos;login&amp;apos; or . = &amp;apos;login&amp;apos;)])]&amp;apos; in &amp;apos;10&amp;apos; second(s)</message>
  <nestedLevel>1</nestedLevel>
</record>
<record>
  <date>2018-07-09T15:18:16</date>
  <millis>1531129696637</millis>
  <sequence>57</sequence>
  <level>PASSED</level>
  <class>com.kms.katalon.core.logging.KeywordLogger</class>
  <method>logMessage</method>
  <thread>1</thread>
  <message>Object &amp;apos;Object Repository/SD_Login_OR/Page_Online Shopping Site in India (1)/span_login&amp;apos; is present</message>
  <nestedLevel>1</nestedLevel>
</record>
<record>
  <date>2018-07-09T15:18:16</date>
  <millis>1531129696638</millis>
  <sequence>58</sequence>
  <level>END</level>
  <class>com.kms.katalon.core.logging.KeywordLogger</class>
  <method>endKeyword</method>
  <thread>1</thread>
  <message>End action : waitForElementPresent</message>
  <nestedLevel>1</nestedLevel>
</record>
<record>
  <date>2018-07-09T15:18:16</date>
  <millis>1531129696643</millis>
  <sequence>59</sequence>
  <level>START</level>
  <class>com.kms.katalon.core.logging.KeywordLogger</class>
  <method>startKeyword</method>
  <thread>1</thread>
  <message>Start action : verifyElementPresent</message>
  <nestedLevel>1</nestedLevel>
  <property name="startLine">37</property>
  <property name="stepIndex">7</property>
</record>
<record>
  <date>2018-07-09T15:18:16</date>
  <millis>1531129696644</millis>
  <sequence>60</sequence>
  <level>INFO</level>
  <class>com.kms.katalon.core.logging.KeywordLogger</class>
  <method>logMessage</method>
  <thread>1</thread>
  <message>Finding Test Object with id &amp;apos;Object Repository/SD_Login_OR/Page_Online Shopping Site in India (1)/span_login&amp;apos;</message>
  <nestedLevel>1</nestedLevel>
</record>
<record>
  <date>2018-07-09T15:18:16</date>
  <millis>1531129696656</millis>
  <sequence>61</sequence>
  <level>INFO</level>
  <class>com.kms.katalon.core.logging.KeywordLogger</class>
  <method>logMessage</method>
  <thread>1</thread>
  <message>Checking object</message>
  <nestedLevel>1</nestedLevel>
</record>
<record>
  <date>2018-07-09T15:18:16</date>
  <millis>1531129696657</millis>
  <sequence>62</sequence>
  <level>INFO</level>
  <class>com.kms.katalon.core.logging.KeywordLogger</class>
  <method>logMessage</method>
  <thread>1</thread>
  <message>Checking timeout</message>
  <nestedLevel>1</nestedLevel>
</record>
<record>
  <date>2018-07-09T15:18:16</date>
  <millis>1531129696657</millis>
  <sequence>63</sequence>
  <level>WARNING</level>
  <class>com.kms.katalon.core.logging.KeywordLogger</class>
  <method>logMessage</method>
  <thread>1</thread>
  <message>Timeout &amp;apos;0&amp;apos; is invalid. Using default page load timeout: &amp;apos;30&amp;apos;</message>
  <nestedLevel>1</nestedLevel>
</record>
<record>
  <date>2018-07-09T15:18:16</date>
  <millis>1531129696658</millis>
  <sequence>64</sequence>
  <level>INFO</level>
  <class>com.kms.katalon.core.logging.KeywordLogger</class>
  <method>logMessage</method>
  <thread>1</thread>
  <message>Finding web element with id: &amp;apos;Object Repository/SD_Login_OR/Page_Online Shopping Site in India (1)/span_login&amp;apos; located by &amp;apos;By.xpath: id(\&amp;quot;sdHeader\&amp;quot;)/div[@class=\&amp;quot;headerBar reset-padding\&amp;quot;]/div[@class=\&amp;quot;topBar  top-bar-homepage  top-freeze-reference-point\&amp;quot;]/div[@class=\&amp;quot;header_wrapper\&amp;quot;]/div[@class=\&amp;quot;col-xs-5 reset-padding header-right rfloat\&amp;quot;]/div[@class=\&amp;quot;myAccountTab accountHeaderClass col-xs-13 reset-padding\&amp;quot;]/div[@class=\&amp;quot;accountInner accountHeadColor\&amp;quot;]/div[@class=\&amp;quot;dropdownWrapper\&amp;quot;]/div[@class=\&amp;quot;dropdownAccountNonLoggedIn\&amp;quot;]/div[@class=\&amp;quot;accountInfoNonLoggedIn\&amp;quot;]/span[@class=\&amp;quot;accountBtn btn rippleWhite\&amp;quot;][count(. | //span[(text() = &amp;apos;login&amp;apos; or . = &amp;apos;login&amp;apos;)]) = count(//span[(text() = &amp;apos;login&amp;apos; or . = &amp;apos;login&amp;apos;)])]&amp;apos; in &amp;apos;30&amp;apos; second(s)</message>
  <nestedLevel>1</nestedLevel>
</record>
<record>
  <date>2018-07-09T15:18:16</date>
  <millis>1531129696768</millis>
  <sequence>65</sequence>
  <level>INFO</level>
  <class>com.kms.katalon.core.logging.KeywordLogger</class>
  <method>logMessage</method>
  <thread>1</thread>
  <message>Found 1 web elements with id: &amp;apos;Object Repository/SD_Login_OR/Page_Online Shopping Site in India (1)/span_login&amp;apos; located by &amp;apos;By.xpath: id(\&amp;quot;sdHeader\&amp;quot;)/div[@class=\&amp;quot;headerBar reset-padding\&amp;quot;]/div[@class=\&amp;quot;topBar  top-bar-homepage  top-freeze-reference-point\&amp;quot;]/div[@class=\&amp;quot;header_wrapper\&amp;quot;]/div[@class=\&amp;quot;col-xs-5 reset-padding header-right rfloat\&amp;quot;]/div[@class=\&amp;quot;myAccountTab accountHeaderClass col-xs-13 reset-padding\&amp;quot;]/div[@class=\&amp;quot;accountInner accountHeadColor\&amp;quot;]/div[@class=\&amp;quot;dropdownWrapper\&amp;quot;]/div[@class=\&amp;quot;dropdownAccountNonLoggedIn\&amp;quot;]/div[@class=\&amp;quot;accountInfoNonLoggedIn\&amp;quot;]/span[@class=\&amp;quot;accountBtn btn rippleWhite\&amp;quot;][count(. | //span[(text() = &amp;apos;login&amp;apos; or . = &amp;apos;login&amp;apos;)]) = count(//span[(text() = &amp;apos;login&amp;apos; or . = &amp;apos;login&amp;apos;)])]&amp;apos; in &amp;apos;30&amp;apos; second(s)</message>
  <nestedLevel>1</nestedLevel>
</record>
<record>
  <date>2018-07-09T15:18:16</date>
  <millis>1531129696771</millis>
  <sequence>66</sequence>
  <level>PASSED</level>
  <class>com.kms.katalon.core.logging.KeywordLogger</class>
  <method>logMessage</method>
  <thread>1</thread>
  <message>Object &amp;apos;Object Repository/SD_Login_OR/Page_Online Shopping Site in India (1)/span_login&amp;apos; is present</message>
  <nestedLevel>1</nestedLevel>
</record>
<record>
  <date>2018-07-09T15:18:16</date>
  <millis>1531129696771</millis>
  <sequence>67</sequence>
  <level>END</level>
  <class>com.kms.katalon.core.logging.KeywordLogger</class>
  <method>endKeyword</method>
  <thread>1</thread>
  <message>End action : verifyElementPresent</message>
  <nestedLevel>1</nestedLevel>
</record>
<record>
  <date>2018-07-09T15:18:16</date>
  <millis>1531129696772</millis>
  <sequence>68</sequence>
  <level>START</level>
  <class>com.kms.katalon.core.logging.KeywordLogger</class>
  <method>startKeyword</method>
  <thread>1</thread>
  <message>Start action : click</message>
  <nestedLevel>1</nestedLevel>
  <property name="startLine">39</property>
  <property name="stepIndex">8</property>
</record>
<record>
  <date>2018-07-09T15:18:16</date>
  <millis>1531129696774</millis>
  <sequence>69</sequence>
  <level>INFO</level>
  <class>com.kms.katalon.core.logging.KeywordLogger</class>
  <method>logMessage</method>
  <thread>1</thread>
  <message>Finding Test Object with id &amp;apos;Object Repository/SD_Login_OR/Page_Online Shopping Site in India (1)/span_login&amp;apos;</message>
  <nestedLevel>1</nestedLevel>
</record>
<record>
  <date>2018-07-09T15:18:16</date>
  <millis>1531129696786</millis>
  <sequence>70</sequence>
  <level>INFO</level>
  <class>com.kms.katalon.core.logging.KeywordLogger</class>
  <method>logMessage</method>
  <thread>1</thread>
  <message>Checking object</message>
  <nestedLevel>1</nestedLevel>
</record>
<record>
  <date>2018-07-09T15:18:16</date>
  <millis>1531129696787</millis>
  <sequence>71</sequence>
  <level>INFO</level>
  <class>com.kms.katalon.core.logging.KeywordLogger</class>
  <method>logMessage</method>
  <thread>1</thread>
  <message>Checking timeout</message>
  <nestedLevel>1</nestedLevel>
</record>
<record>
  <date>2018-07-09T15:18:16</date>
  <millis>1531129696788</millis>
  <sequence>72</sequence>
  <level>INFO</level>
  <class>com.kms.katalon.core.logging.KeywordLogger</class>
  <method>logMessage</method>
  <thread>1</thread>
  <message>Finding web element with id: &amp;apos;Object Repository/SD_Login_OR/Page_Online Shopping Site in India (1)/span_login&amp;apos; located by &amp;apos;By.xpath: id(\&amp;quot;sdHeader\&amp;quot;)/div[@class=\&amp;quot;headerBar reset-padding\&amp;quot;]/div[@class=\&amp;quot;topBar  top-bar-homepage  top-freeze-reference-point\&amp;quot;]/div[@class=\&amp;quot;header_wrapper\&amp;quot;]/div[@class=\&amp;quot;col-xs-5 reset-padding header-right rfloat\&amp;quot;]/div[@class=\&amp;quot;myAccountTab accountHeaderClass col-xs-13 reset-padding\&amp;quot;]/div[@class=\&amp;quot;accountInner accountHeadColor\&amp;quot;]/div[@class=\&amp;quot;dropdownWrapper\&amp;quot;]/div[@class=\&amp;quot;dropdownAccountNonLoggedIn\&amp;quot;]/div[@class=\&amp;quot;accountInfoNonLoggedIn\&amp;quot;]/span[@class=\&amp;quot;accountBtn btn rippleWhite\&amp;quot;][count(. | //span[(text() = &amp;apos;login&amp;apos; or . = &amp;apos;login&amp;apos;)]) = count(//span[(text() = &amp;apos;login&amp;apos; or . = &amp;apos;login&amp;apos;)])]&amp;apos; in &amp;apos;30&amp;apos; second(s)</message>
  <nestedLevel>1</nestedLevel>
</record>
<record>
  <date>2018-07-09T15:18:16</date>
  <millis>1531129696899</millis>
  <sequence>73</sequence>
  <level>INFO</level>
  <class>com.kms.katalon.core.logging.KeywordLogger</class>
  <method>logMessage</method>
  <thread>1</thread>
  <message>Found 1 web elements with id: &amp;apos;Object Repository/SD_Login_OR/Page_Online Shopping Site in India (1)/span_login&amp;apos; located by &amp;apos;By.xpath: id(\&amp;quot;sdHeader\&amp;quot;)/div[@class=\&amp;quot;headerBar reset-padding\&amp;quot;]/div[@class=\&amp;quot;topBar  top-bar-homepage  top-freeze-reference-point\&amp;quot;]/div[@class=\&amp;quot;header_wrapper\&amp;quot;]/div[@class=\&amp;quot;col-xs-5 reset-padding header-right rfloat\&amp;quot;]/div[@class=\&amp;quot;myAccountTab accountHeaderClass col-xs-13 reset-padding\&amp;quot;]/div[@class=\&amp;quot;accountInner accountHeadColor\&amp;quot;]/div[@class=\&amp;quot;dropdownWrapper\&amp;quot;]/div[@class=\&amp;quot;dropdownAccountNonLoggedIn\&amp;quot;]/div[@class=\&amp;quot;accountInfoNonLoggedIn\&amp;quot;]/span[@class=\&amp;quot;accountBtn btn rippleWhite\&amp;quot;][count(. | //span[(text() = &amp;apos;login&amp;apos; or . = &amp;apos;login&amp;apos;)]) = count(//span[(text() = &amp;apos;login&amp;apos; or . = &amp;apos;login&amp;apos;)])]&amp;apos; in &amp;apos;30&amp;apos; second(s)</message>
  <nestedLevel>1</nestedLevel>
</record>
<record>
  <date>2018-07-09T15:18:16</date>
  <millis>1531129696900</millis>
  <sequence>74</sequence>
  <level>INFO</level>
  <class>com.kms.katalon.core.logging.KeywordLogger</class>
  <method>logMessage</method>
  <thread>1</thread>
  <message>Clicking on object: &amp;apos;Object Repository/SD_Login_OR/Page_Online Shopping Site in India (1)/span_login&amp;apos;</message>
  <nestedLevel>1</nestedLevel>
</record>
<record>
  <date>2018-07-09T15:18:17</date>
  <millis>1531129697208</millis>
  <sequence>75</sequence>
  <level>PASSED</level>
  <class>com.kms.katalon.core.logging.KeywordLogger</class>
  <method>logMessage</method>
  <thread>1</thread>
  <message>Object: &amp;apos;Object Repository/SD_Login_OR/Page_Online Shopping Site in India (1)/span_login&amp;apos; is clicked on</message>
  <nestedLevel>1</nestedLevel>
</record>
<record>
  <date>2018-07-09T15:18:17</date>
  <millis>1531129697209</millis>
  <sequence>76</sequence>
  <level>END</level>
  <class>com.kms.katalon.core.logging.KeywordLogger</class>
  <method>endKeyword</method>
  <thread>1</thread>
  <message>End action : click</message>
  <nestedLevel>1</nestedLevel>
</record>
<record>
  <date>2018-07-09T15:18:17</date>
  <millis>1531129697209</millis>
  <sequence>77</sequence>
  <level>START</level>
  <class>com.kms.katalon.core.logging.KeywordLogger</class>
  <method>startKeyword</method>
  <thread>1</thread>
  <message>Start action : setText</message>
  <nestedLevel>1</nestedLevel>
  <property name="startLine">41</property>
  <property name="stepIndex">9</property>
</record>
<record>
  <date>2018-07-09T15:18:17</date>
  <millis>1531129697209</millis>
  <sequence>78</sequence>
  <level>INFO</level>
  <class>com.kms.katalon.core.logging.KeywordLogger</class>
  <method>logMessage</method>
  <thread>1</thread>
  <message>Finding Test Object with id &amp;apos;Object Repository/SD_Login_OR/Page_Online Shopping Site in India/Page_Online Shopping Site in India/Page_Online Shopping Site in India/input_username&amp;apos;</message>
  <nestedLevel>1</nestedLevel>
</record>
<record>
  <date>2018-07-09T15:18:17</date>
  <millis>1531129697213</millis>
  <sequence>79</sequence>
  <level>INFO</level>
  <class>com.kms.katalon.core.logging.KeywordLogger</class>
  <method>logMessage</method>
  <thread>1</thread>
  <message>Finding Test Object with id &amp;apos;Object Repository/SD_Login_OR/Page_Online Shopping Site in India/Page_Online Shopping Site in India/Page_Online Shopping Site in India/iframe_iframeLogin&amp;apos;</message>
  <nestedLevel>1</nestedLevel>
</record>
<record>
  <date>2018-07-09T15:18:17</date>
  <millis>1531129697238</millis>
  <sequence>80</sequence>
  <level>INFO</level>
  <class>com.kms.katalon.core.logging.KeywordLogger</class>
  <method>logMessage</method>
  <thread>1</thread>
  <message>Checking object</message>
  <nestedLevel>1</nestedLevel>
</record>
<record>
  <date>2018-07-09T15:18:17</date>
  <millis>1531129697238</millis>
  <sequence>81</sequence>
  <level>INFO</level>
  <class>com.kms.katalon.core.logging.KeywordLogger</class>
  <method>logMessage</method>
  <thread>1</thread>
  <message>Checking text</message>
  <nestedLevel>1</nestedLevel>
</record>
<record>
  <date>2018-07-09T15:18:17</date>
  <millis>1531129697239</millis>
  <sequence>82</sequence>
  <level>INFO</level>
  <class>com.kms.katalon.core.logging.KeywordLogger</class>
  <method>logMessage</method>
  <thread>1</thread>
  <message>Object: &amp;apos;Object Repository/SD_Login_OR/Page_Online Shopping Site in India/Page_Online Shopping Site in India/Page_Online Shopping Site in India/input_username&amp;apos; has parent object(s)</message>
  <nestedLevel>1</nestedLevel>
</record>
<record>
  <date>2018-07-09T15:18:17</date>
  <millis>1531129697239</millis>
  <sequence>83</sequence>
  <level>INFO</level>
  <class>com.kms.katalon.core.logging.KeywordLogger</class>
  <method>logMessage</method>
  <thread>1</thread>
  <message>Switching to iframe: &amp;apos;Object Repository/SD_Login_OR/Page_Online Shopping Site in India/Page_Online Shopping Site in India/Page_Online Shopping Site in India/iframe_iframeLogin&amp;apos;</message>
  <nestedLevel>1</nestedLevel>
</record>
<record>
  <date>2018-07-09T15:18:17</date>
  <millis>1531129697240</millis>
  <sequence>84</sequence>
  <level>INFO</level>
  <class>com.kms.katalon.core.logging.KeywordLogger</class>
  <method>logMessage</method>
  <thread>1</thread>
  <message>Checking timeout</message>
  <nestedLevel>1</nestedLevel>
</record>
<record>
  <date>2018-07-09T15:18:17</date>
  <millis>1531129697243</millis>
  <sequence>85</sequence>
  <level>INFO</level>
  <class>com.kms.katalon.core.logging.KeywordLogger</class>
  <method>logMessage</method>
  <thread>1</thread>
  <message>Finding web element with id: &amp;apos;Object Repository/SD_Login_OR/Page_Online Shopping Site in India/Page_Online Shopping Site in India/Page_Online Shopping Site in India/iframe_iframeLogin&amp;apos; located by &amp;apos;By.xpath: //iframe[@id = &amp;apos;loginIframe&amp;apos; and @src = &amp;apos;https://www.snapdeal.com:443/iframeLogin#https://www.snapdeal.com/&amp;apos; and @name = &amp;apos;iframeLogin&amp;apos;]&amp;apos; in &amp;apos;30&amp;apos; second(s)</message>
  <nestedLevel>1</nestedLevel>
</record>
<record>
  <date>2018-07-09T15:18:17</date>
  <millis>1531129697366</millis>
  <sequence>86</sequence>
  <level>INFO</level>
  <class>com.kms.katalon.core.logging.KeywordLogger</class>
  <method>logMessage</method>
  <thread>1</thread>
  <message>Found 1 web elements with id: &amp;apos;Object Repository/SD_Login_OR/Page_Online Shopping Site in India/Page_Online Shopping Site in India/Page_Online Shopping Site in India/iframe_iframeLogin&amp;apos; located by &amp;apos;By.xpath: //iframe[@id = &amp;apos;loginIframe&amp;apos; and @src = &amp;apos;https://www.snapdeal.com:443/iframeLogin#https://www.snapdeal.com/&amp;apos; and @name = &amp;apos;iframeLogin&amp;apos;]&amp;apos; in &amp;apos;30&amp;apos; second(s)</message>
  <nestedLevel>1</nestedLevel>
</record>
<record>
  <date>2018-07-09T15:18:17</date>
  <millis>1531129697413</millis>
  <sequence>87</sequence>
  <level>INFO</level>
  <class>com.kms.katalon.core.logging.KeywordLogger</class>
  <method>logMessage</method>
  <thread>1</thread>
  <message>Switched to iframe: &amp;apos;Object Repository/SD_Login_OR/Page_Online Shopping Site in India/Page_Online Shopping Site in India/Page_Online Shopping Site in India/iframe_iframeLogin&amp;apos;</message>
  <nestedLevel>1</nestedLevel>
</record>
<record>
  <date>2018-07-09T15:18:17</date>
  <millis>1531129697413</millis>
  <sequence>88</sequence>
  <level>INFO</level>
  <class>com.kms.katalon.core.logging.KeywordLogger</class>
  <method>logMessage</method>
  <thread>1</thread>
  <message>Checking timeout</message>
  <nestedLevel>1</nestedLevel>
</record>
<record>
  <date>2018-07-09T15:18:17</date>
  <millis>1531129697414</millis>
  <sequence>89</sequence>
  <level>INFO</level>
  <class>com.kms.katalon.core.logging.KeywordLogger</class>
  <method>logMessage</method>
  <thread>1</thread>
  <message>Finding web element with id: &amp;apos;Object Repository/SD_Login_OR/Page_Online Shopping Site in India/Page_Online Shopping Site in India/Page_Online Shopping Site in India/input_username&amp;apos; located by &amp;apos;By.xpath: //input[@type = &amp;apos;text&amp;apos; and @placeholder = &amp;apos;Mobile Number/ Email&amp;apos; and @name = &amp;apos;username&amp;apos; and @id = &amp;apos;userName&amp;apos;]&amp;apos; in &amp;apos;30&amp;apos; second(s)</message>
  <nestedLevel>1</nestedLevel>
</record>
<record>
  <date>2018-07-09T15:18:17</date>
  <millis>1531129697608</millis>
  <sequence>90</sequence>
  <level>INFO</level>
  <class>com.kms.katalon.core.logging.KeywordLogger</class>
  <method>logMessage</method>
  <thread>1</thread>
  <message>Found 1 web elements with id: &amp;apos;Object Repository/SD_Login_OR/Page_Online Shopping Site in India/Page_Online Shopping Site in India/Page_Online Shopping Site in India/input_username&amp;apos; located by &amp;apos;By.xpath: //input[@type = &amp;apos;text&amp;apos; and @placeholder = &amp;apos;Mobile Number/ Email&amp;apos; and @name = &amp;apos;username&amp;apos; and @id = &amp;apos;userName&amp;apos;]&amp;apos; in &amp;apos;30&amp;apos; second(s)</message>
  <nestedLevel>1</nestedLevel>
</record>
<record>
  <date>2018-07-09T15:18:17</date>
  <millis>1531129697608</millis>
  <sequence>91</sequence>
  <level>INFO</level>
  <class>com.kms.katalon.core.logging.KeywordLogger</class>
  <method>logMessage</method>
  <thread>1</thread>
  <message>Clearing text of object &amp;apos;Object Repository/SD_Login_OR/Page_Online Shopping Site in India/Page_Online Shopping Site in India/Page_Online Shopping Site in India/input_username&amp;apos;</message>
  <nestedLevel>1</nestedLevel>
</record>
<record>
  <date>2018-07-09T15:18:17</date>
  <millis>1531129697629</millis>
  <sequence>92</sequence>
  <level>INFO</level>
  <class>com.kms.katalon.core.logging.KeywordLogger</class>
  <method>logMessage</method>
  <thread>1</thread>
  <message>Checking timeout</message>
  <nestedLevel>1</nestedLevel>
</record>
<record>
  <date>2018-07-09T15:18:17</date>
  <millis>1531129697630</millis>
  <sequence>93</sequence>
  <level>INFO</level>
  <class>com.kms.katalon.core.logging.KeywordLogger</class>
  <method>logMessage</method>
  <thread>1</thread>
  <message>Finding web element with id: &amp;apos;Object Repository/SD_Login_OR/Page_Online Shopping Site in India/Page_Online Shopping Site in India/Page_Online Shopping Site in India/input_username&amp;apos; located by &amp;apos;By.xpath: //input[@type = &amp;apos;text&amp;apos; and @placeholder = &amp;apos;Mobile Number/ Email&amp;apos; and @name = &amp;apos;username&amp;apos; and @id = &amp;apos;userName&amp;apos;]&amp;apos; in &amp;apos;30&amp;apos; second(s)</message>
  <nestedLevel>1</nestedLevel>
</record>
<record>
  <date>2018-07-09T15:18:17</date>
  <millis>1531129697647</millis>
  <sequence>94</sequence>
  <level>INFO</level>
  <class>com.kms.katalon.core.logging.KeywordLogger</class>
  <method>logMessage</method>
  <thread>1</thread>
  <message>Found 1 web elements with id: &amp;apos;Object Repository/SD_Login_OR/Page_Online Shopping Site in India/Page_Online Shopping Site in India/Page_Online Shopping Site in India/input_username&amp;apos; located by &amp;apos;By.xpath: //input[@type = &amp;apos;text&amp;apos; and @placeholder = &amp;apos;Mobile Number/ Email&amp;apos; and @name = &amp;apos;username&amp;apos; and @id = &amp;apos;userName&amp;apos;]&amp;apos; in &amp;apos;30&amp;apos; second(s)</message>
  <nestedLevel>1</nestedLevel>
</record>
<record>
  <date>2018-07-09T15:18:17</date>
  <millis>1531129697652</millis>
  <sequence>95</sequence>
  <level>INFO</level>
  <class>com.kms.katalon.core.logging.KeywordLogger</class>
  <method>logMessage</method>
  <thread>1</thread>
  <message>Setting text of object &amp;apos;Object Repository/SD_Login_OR/Page_Online Shopping Site in India/Page_Online Shopping Site in India/Page_Online Shopping Site in India/input_username&amp;apos; to value &amp;apos;9999999999&amp;apos;</message>
  <nestedLevel>1</nestedLevel>
</record>
<record>
  <date>2018-07-09T15:18:17</date>
  <millis>1531129697699</millis>
  <sequence>96</sequence>
  <level>PASSED</level>
  <class>com.kms.katalon.core.logging.KeywordLogger</class>
  <method>logMessage</method>
  <thread>1</thread>
  <message>Text &amp;apos;9999999999&amp;apos; is set on object &amp;apos;Object Repository/SD_Login_OR/Page_Online Shopping Site in India/Page_Online Shopping Site in India/Page_Online Shopping Site in India/input_username&amp;apos;</message>
  <nestedLevel>1</nestedLevel>
</record>
<record>
  <date>2018-07-09T15:18:17</date>
  <millis>1531129697740</millis>
  <sequence>97</sequence>
  <level>INFO</level>
  <class>com.kms.katalon.core.logging.KeywordLogger</class>
  <method>logMessage</method>
  <thread>1</thread>
  <message>Switching to default content</message>
  <nestedLevel>1</nestedLevel>
</record>
<record>
  <date>2018-07-09T15:18:17</date>
  <millis>1531129697766</millis>
  <sequence>98</sequence>
  <level>END</level>
  <class>com.kms.katalon.core.logging.KeywordLogger</class>
  <method>endKeyword</method>
  <thread>1</thread>
  <message>End action : setText</message>
  <nestedLevel>1</nestedLevel>
</record>
<record>
  <date>2018-07-09T15:18:17</date>
  <millis>1531129697766</millis>
  <sequence>99</sequence>
  <level>START</level>
  <class>com.kms.katalon.core.logging.KeywordLogger</class>
  <method>startKeyword</method>
  <thread>1</thread>
  <message>Start action : click</message>
  <nestedLevel>1</nestedLevel>
  <property name="startLine">44</property>
  <property name="stepIndex">10</property>
</record>
<record>
  <date>2018-07-09T15:18:17</date>
  <millis>1531129697767</millis>
  <sequence>100</sequence>
  <level>INFO</level>
  <class>com.kms.katalon.core.logging.KeywordLogger</class>
  <method>logMessage</method>
  <thread>1</thread>
  <message>Finding Test Object with id &amp;apos;Object Repository/SD_Login_OR/Page_Online Shopping Site in India/button_continue&amp;apos;</message>
  <nestedLevel>1</nestedLevel>
</record>
<record>
  <date>2018-07-09T15:18:17</date>
  <millis>1531129697776</millis>
  <sequence>101</sequence>
  <level>INFO</level>
  <class>com.kms.katalon.core.logging.KeywordLogger</class>
  <method>logMessage</method>
  <thread>1</thread>
  <message>Finding Test Object with id &amp;apos;Object Repository/SD_Login_OR/Page_Online Shopping Site in India/iframe_iframeLogin&amp;apos;</message>
  <nestedLevel>1</nestedLevel>
</record>
<record>
  <date>2018-07-09T15:18:17</date>
  <millis>1531129697785</millis>
  <sequence>102</sequence>
  <level>INFO</level>
  <class>com.kms.katalon.core.logging.KeywordLogger</class>
  <method>logMessage</method>
  <thread>1</thread>
  <message>Checking object</message>
  <nestedLevel>1</nestedLevel>
</record>
<record>
  <date>2018-07-09T15:18:17</date>
  <millis>1531129697785</millis>
  <sequence>103</sequence>
  <level>INFO</level>
  <class>com.kms.katalon.core.logging.KeywordLogger</class>
  <method>logMessage</method>
  <thread>1</thread>
  <message>Object: &amp;apos;Object Repository/SD_Login_OR/Page_Online Shopping Site in India/button_continue&amp;apos; has parent object(s)</message>
  <nestedLevel>1</nestedLevel>
</record>
<record>
  <date>2018-07-09T15:18:17</date>
  <millis>1531129697785</millis>
  <sequence>104</sequence>
  <level>INFO</level>
  <class>com.kms.katalon.core.logging.KeywordLogger</class>
  <method>logMessage</method>
  <thread>1</thread>
  <message>Switching to iframe: &amp;apos;Object Repository/SD_Login_OR/Page_Online Shopping Site in India/iframe_iframeLogin&amp;apos;</message>
  <nestedLevel>1</nestedLevel>
</record>
<record>
  <date>2018-07-09T15:18:17</date>
  <millis>1531129697787</millis>
  <sequence>105</sequence>
  <level>INFO</level>
  <class>com.kms.katalon.core.logging.KeywordLogger</class>
  <method>logMessage</method>
  <thread>1</thread>
  <message>Checking timeout</message>
  <nestedLevel>1</nestedLevel>
</record>
<record>
  <date>2018-07-09T15:18:17</date>
  <millis>1531129697788</millis>
  <sequence>106</sequence>
  <level>INFO</level>
  <class>com.kms.katalon.core.logging.KeywordLogger</class>
  <method>logMessage</method>
  <thread>1</thread>
  <message>Finding web element with id: &amp;apos;Object Repository/SD_Login_OR/Page_Online Shopping Site in India/iframe_iframeLogin&amp;apos; located by &amp;apos;By.xpath: //iframe[@id = &amp;apos;loginIframe&amp;apos; and @src = &amp;apos;https://www.snapdeal.com:443/iframeLogin#https://www.snapdeal.com/&amp;apos; and @name = &amp;apos;iframeLogin&amp;apos;]&amp;apos; in &amp;apos;30&amp;apos; second(s)</message>
  <nestedLevel>1</nestedLevel>
</record>
<record>
  <date>2018-07-09T15:18:17</date>
  <millis>1531129697801</millis>
  <sequence>107</sequence>
  <level>INFO</level>
  <class>com.kms.katalon.core.logging.KeywordLogger</class>
  <method>logMessage</method>
  <thread>1</thread>
  <message>Found 1 web elements with id: &amp;apos;Object Repository/SD_Login_OR/Page_Online Shopping Site in India/iframe_iframeLogin&amp;apos; located by &amp;apos;By.xpath: //iframe[@id = &amp;apos;loginIframe&amp;apos; and @src = &amp;apos;https://www.snapdeal.com:443/iframeLogin#https://www.snapdeal.com/&amp;apos; and @name = &amp;apos;iframeLogin&amp;apos;]&amp;apos; in &amp;apos;30&amp;apos; second(s)</message>
  <nestedLevel>1</nestedLevel>
</record>
<record>
  <date>2018-07-09T15:18:17</date>
  <millis>1531129697814</millis>
  <sequence>108</sequence>
  <level>INFO</level>
  <class>com.kms.katalon.core.logging.KeywordLogger</class>
  <method>logMessage</method>
  <thread>1</thread>
  <message>Switched to iframe: &amp;apos;Object Repository/SD_Login_OR/Page_Online Shopping Site in India/iframe_iframeLogin&amp;apos;</message>
  <nestedLevel>1</nestedLevel>
</record>
<record>
  <date>2018-07-09T15:18:17</date>
  <millis>1531129697815</millis>
  <sequence>109</sequence>
  <level>INFO</level>
  <class>com.kms.katalon.core.logging.KeywordLogger</class>
  <method>logMessage</method>
  <thread>1</thread>
  <message>Checking timeout</message>
  <nestedLevel>1</nestedLevel>
</record>
<record>
  <date>2018-07-09T15:18:17</date>
  <millis>1531129697815</millis>
  <sequence>110</sequence>
  <level>INFO</level>
  <class>com.kms.katalon.core.logging.KeywordLogger</class>
  <method>logMessage</method>
  <thread>1</thread>
  <message>Finding web element with id: &amp;apos;Object Repository/SD_Login_OR/Page_Online Shopping Site in India/button_continue&amp;apos; located by &amp;apos;By.xpath: //button[@id = &amp;apos;checkUser&amp;apos; and (text() = &amp;apos;continue&amp;apos; or . = &amp;apos;continue&amp;apos;)]&amp;apos; in &amp;apos;30&amp;apos; second(s)</message>
  <nestedLevel>1</nestedLevel>
</record>
<record>
  <date>2018-07-09T15:18:17</date>
  <millis>1531129697828</millis>
  <sequence>111</sequence>
  <level>INFO</level>
  <class>com.kms.katalon.core.logging.KeywordLogger</class>
  <method>logMessage</method>
  <thread>1</thread>
  <message>Found 1 web elements with id: &amp;apos;Object Repository/SD_Login_OR/Page_Online Shopping Site in India/button_continue&amp;apos; located by &amp;apos;By.xpath: //button[@id = &amp;apos;checkUser&amp;apos; and (text() = &amp;apos;continue&amp;apos; or . = &amp;apos;continue&amp;apos;)]&amp;apos; in &amp;apos;30&amp;apos; second(s)</message>
  <nestedLevel>1</nestedLevel>
</record>
<record>
  <date>2018-07-09T15:18:17</date>
  <millis>1531129697828</millis>
  <sequence>112</sequence>
  <level>INFO</level>
  <class>com.kms.katalon.core.logging.KeywordLogger</class>
  <method>logMessage</method>
  <thread>1</thread>
  <message>Clicking on object: &amp;apos;Object Repository/SD_Login_OR/Page_Online Shopping Site in India/button_continue&amp;apos;</message>
  <nestedLevel>1</nestedLevel>
</record>
<record>
  <date>2018-07-09T15:18:18</date>
  <millis>1531129698078</millis>
  <sequence>113</sequence>
  <level>PASSED</level>
  <class>com.kms.katalon.core.logging.KeywordLogger</class>
  <method>logMessage</method>
  <thread>1</thread>
  <message>Object: &amp;apos;Object Repository/SD_Login_OR/Page_Online Shopping Site in India/button_continue&amp;apos; is clicked on</message>
  <nestedLevel>1</nestedLevel>
</record>
<record>
  <date>2018-07-09T15:18:18</date>
  <millis>1531129698092</millis>
  <sequence>114</sequence>
  <level>INFO</level>
  <class>com.kms.katalon.core.logging.KeywordLogger</class>
  <method>logMessage</method>
  <thread>1</thread>
  <message>Switching to default content</message>
  <nestedLevel>1</nestedLevel>
</record>
<record>
  <date>2018-07-09T15:18:18</date>
  <millis>1531129698101</millis>
  <sequence>115</sequence>
  <level>END</level>
  <class>com.kms.katalon.core.logging.KeywordLogger</class>
  <method>endKeyword</method>
  <thread>1</thread>
  <message>End action : click</message>
  <nestedLevel>1</nestedLevel>
</record>
<record>
  <date>2018-07-09T15:18:18</date>
  <millis>1531129698101</millis>
  <sequence>116</sequence>
  <level>START</level>
  <class>com.kms.katalon.core.logging.KeywordLogger</class>
  <method>startKeyword</method>
  <thread>1</thread>
  <message>Start action : click</message>
  <nestedLevel>1</nestedLevel>
  <property name="startLine">46</property>
  <property name="stepIndex">11</property>
</record>
<record>
  <date>2018-07-09T15:18:18</date>
  <millis>1531129698102</millis>
  <sequence>117</sequence>
  <level>INFO</level>
  <class>com.kms.katalon.core.logging.KeywordLogger</class>
  <method>logMessage</method>
  <thread>1</thread>
  <message>Finding Test Object with id &amp;apos;Object Repository/New Folder/Page_Online Shopping Site in India/button_Login Without Password&amp;apos;</message>
  <nestedLevel>1</nestedLevel>
</record>
<record>
  <date>2018-07-09T15:18:18</date>
  <millis>1531129698106</millis>
  <sequence>118</sequence>
  <level>INFO</level>
  <class>com.kms.katalon.core.logging.KeywordLogger</class>
  <method>logMessage</method>
  <thread>1</thread>
  <message>Finding Test Object with id &amp;apos;Object Repository/New Folder/Page_Online Shopping Site in India/iframe_iframeLogin&amp;apos;</message>
  <nestedLevel>1</nestedLevel>
</record>
<record>
  <date>2018-07-09T15:18:18</date>
  <millis>1531129698117</millis>
  <sequence>119</sequence>
  <level>INFO</level>
  <class>com.kms.katalon.core.logging.KeywordLogger</class>
  <method>logMessage</method>
  <thread>1</thread>
  <message>Checking object</message>
  <nestedLevel>1</nestedLevel>
</record>
<record>
  <date>2018-07-09T15:18:18</date>
  <millis>1531129698119</millis>
  <sequence>120</sequence>
  <level>INFO</level>
  <class>com.kms.katalon.core.logging.KeywordLogger</class>
  <method>logMessage</method>
  <thread>1</thread>
  <message>Object: &amp;apos;Object Repository/New Folder/Page_Online Shopping Site in India/button_Login Without Password&amp;apos; has parent object(s)</message>
  <nestedLevel>1</nestedLevel>
</record>
<record>
  <date>2018-07-09T15:18:18</date>
  <millis>1531129698119</millis>
  <sequence>121</sequence>
  <level>INFO</level>
  <class>com.kms.katalon.core.logging.KeywordLogger</class>
  <method>logMessage</method>
  <thread>1</thread>
  <message>Switching to iframe: &amp;apos;Object Repository/New Folder/Page_Online Shopping Site in India/iframe_iframeLogin&amp;apos;</message>
  <nestedLevel>1</nestedLevel>
</record>
<record>
  <date>2018-07-09T15:18:18</date>
  <millis>1531129698119</millis>
  <sequence>122</sequence>
  <level>INFO</level>
  <class>com.kms.katalon.core.logging.KeywordLogger</class>
  <method>logMessage</method>
  <thread>1</thread>
  <message>Checking timeout</message>
  <nestedLevel>1</nestedLevel>
</record>
<record>
  <date>2018-07-09T15:18:18</date>
  <millis>1531129698120</millis>
  <sequence>123</sequence>
  <level>INFO</level>
  <class>com.kms.katalon.core.logging.KeywordLogger</class>
  <method>logMessage</method>
  <thread>1</thread>
  <message>Finding web element with id: &amp;apos;Object Repository/New Folder/Page_Online Shopping Site in India/iframe_iframeLogin&amp;apos; located by &amp;apos;By.xpath: //iframe[@id = &amp;apos;loginIframe&amp;apos; and @src = &amp;apos;https://www.snapdeal.com:443/iframeLogin#https://www.snapdeal.com/&amp;apos; and @name = &amp;apos;iframeLogin&amp;apos;]&amp;apos; in &amp;apos;30&amp;apos; second(s)</message>
  <nestedLevel>1</nestedLevel>
</record>
<record>
  <date>2018-07-09T15:18:18</date>
  <millis>1531129698133</millis>
  <sequence>124</sequence>
  <level>INFO</level>
  <class>com.kms.katalon.core.logging.KeywordLogger</class>
  <method>logMessage</method>
  <thread>1</thread>
  <message>Found 1 web elements with id: &amp;apos;Object Repository/New Folder/Page_Online Shopping Site in India/iframe_iframeLogin&amp;apos; located by &amp;apos;By.xpath: //iframe[@id = &amp;apos;loginIframe&amp;apos; and @src = &amp;apos;https://www.snapdeal.com:443/iframeLogin#https://www.snapdeal.com/&amp;apos; and @name = &amp;apos;iframeLogin&amp;apos;]&amp;apos; in &amp;apos;30&amp;apos; second(s)</message>
  <nestedLevel>1</nestedLevel>
</record>
<record>
  <date>2018-07-09T15:18:18</date>
  <millis>1531129698139</millis>
  <sequence>125</sequence>
  <level>INFO</level>
  <class>com.kms.katalon.core.logging.KeywordLogger</class>
  <method>logMessage</method>
  <thread>1</thread>
  <message>Switched to iframe: &amp;apos;Object Repository/New Folder/Page_Online Shopping Site in India/iframe_iframeLogin&amp;apos;</message>
  <nestedLevel>1</nestedLevel>
</record>
<record>
  <date>2018-07-09T15:18:18</date>
  <millis>1531129698140</millis>
  <sequence>126</sequence>
  <level>INFO</level>
  <class>com.kms.katalon.core.logging.KeywordLogger</class>
  <method>logMessage</method>
  <thread>1</thread>
  <message>Checking timeout</message>
  <nestedLevel>1</nestedLevel>
</record>
<record>
  <date>2018-07-09T15:18:18</date>
  <millis>1531129698142</millis>
  <sequence>127</sequence>
  <level>INFO</level>
  <class>com.kms.katalon.core.logging.KeywordLogger</class>
  <method>logMessage</method>
  <thread>1</thread>
  <message>Finding web element with id: &amp;apos;Object Repository/New Folder/Page_Online Shopping Site in India/button_Login Without Password&amp;apos; located by &amp;apos;By.xpath: //button[@type = &amp;apos;button&amp;apos; and @id = &amp;apos;sendOtpUC&amp;apos; and (text() = &amp;apos;Login Without Password&amp;apos; or . = &amp;apos;Login Without Password&amp;apos;)]&amp;apos; in &amp;apos;30&amp;apos; second(s)</message>
  <nestedLevel>1</nestedLevel>
</record>
<record>
  <date>2018-07-09T15:18:18</date>
  <millis>1531129698150</millis>
  <sequence>128</sequence>
  <level>INFO</level>
  <class>com.kms.katalon.core.logging.KeywordLogger</class>
  <method>logMessage</method>
  <thread>1</thread>
  <message>Found 1 web elements with id: &amp;apos;Object Repository/New Folder/Page_Online Shopping Site in India/button_Login Without Password&amp;apos; located by &amp;apos;By.xpath: //button[@type = &amp;apos;button&amp;apos; and @id = &amp;apos;sendOtpUC&amp;apos; and (text() = &amp;apos;Login Without Password&amp;apos; or . = &amp;apos;Login Without Password&amp;apos;)]&amp;apos; in &amp;apos;30&amp;apos; second(s)</message>
  <nestedLevel>1</nestedLevel>
</record>
<record>
  <date>2018-07-09T15:18:18</date>
  <millis>1531129698151</millis>
  <sequence>129</sequence>
  <level>INFO</level>
  <class>com.kms.katalon.core.logging.KeywordLogger</class>
  <method>logMessage</method>
  <thread>1</thread>
  <message>Clicking on object: &amp;apos;Object Repository/New Folder/Page_Online Shopping Site in India/button_Login Without Password&amp;apos;</message>
  <nestedLevel>1</nestedLevel>
</record>
<record>
  <date>2018-07-09T15:18:18</date>
  <millis>1531129698188</millis>
  <sequence>130</sequence>
  <level>INFO</level>
  <class>com.kms.katalon.core.logging.KeywordLogger</class>
  <method>logMessage</method>
  <thread>1</thread>
  <message>Switching to default content</message>
  <nestedLevel>1</nestedLevel>
</record>
<record>
  <date>2018-07-09T15:18:18</date>
  <millis>1531129698431</millis>
  <sequence>131</sequence>
  <level>FAILED</level>
  <class>com.kms.katalon.core.logging.KeywordLogger</class>
  <method>logMessage</method>
  <thread>1</thread>
  <message>Unable to click on object &amp;apos;Object Repository/New Folder/Page_Online Shopping Site in India/button_Login Without Password&amp;apos; (Root cause: org.openqa.selenium.ElementNotInteractableException: Element &amp;lt;button id=\&amp;quot;sendOtpUC\&amp;quot; class=\&amp;quot;continueBtn btn col-xs-24 btn-large btn-line-skyblue marT20\&amp;quot; type=\&amp;quot;button\&amp;quot;&amp;gt; could not be scrolled into view\nBuild info: version: &amp;apos;3.7.1&amp;apos;, revision: &amp;apos;8a0099a&amp;apos;, time: &amp;apos;2017-11-06T21:07:36.161Z&amp;apos;\nSystem info: host: &amp;apos;L-15S7152&amp;apos;, ip: &amp;apos;10.20.86.19&amp;apos;, os.name: &amp;apos;Windows 7&amp;apos;, os.arch: &amp;apos;amd64&amp;apos;, os.version: &amp;apos;6.1&amp;apos;, java.version: &amp;apos;1.8.0_102&amp;apos;\nDriver info: com.kms.katalon.core.webui.driver.firefox.CGeckoDriver\nCapabilities {acceptInsecureCerts: true, browserName: firefox, browserVersion: 62.0, javascriptEnabled: true, moz:accessibilityChecks: false, moz:headless: false, moz:processID: 7560, moz:profile: C:\\Users\\kartik.sehgal.in\\A..., moz:useNonSpecCompliantPointerOrigin: false, moz:webdriverClick: true, pageLoadStrategy: normal, platform: XP, platformName: XP, platformVersion: 6.1, proxy: Proxy(direct), rotatable: false, timeouts: {implicit: 0, pageLoad: 300000, script: 30000}}\nSession ID: 9115b084-cb20-4c8c-8b34-e9ef82239ba2)</message>
  <nestedLevel>1</nestedLevel>
  <property name="attachment">1531129698200.png</property>
</record>
<record>
  <date>2018-07-09T15:18:18</date>
  <millis>1531129698432</millis>
  <sequence>132</sequence>
  <level>END</level>
  <class>com.kms.katalon.core.logging.KeywordLogger</class>
  <method>endKeyword</method>
  <thread>1</thread>
  <message>End action : click</message>
  <nestedLevel>1</nestedLevel>
</record>
<record>
  <date>2018-07-09T15:18:18</date>
  <millis>1531129698432</millis>
  <sequence>133</sequence>
  <logger>com.kms.katalon.core.logging.KeywordLogger</logger>
  <level>FAILED</level>
  <class>com.kms.katalon.core.logging.KeywordLogger</class>
  <method>logMessage</method>
  <thread>1</thread>
  <message>Test Cases/Snapdeal Web Page FAILED because (of) Unable to click on object &amp;apos;Object Repository/New Folder/Page_Online Shopping Site in India/button_Login Without Password&amp;apos; (Root cause: org.openqa.selenium.ElementNotInteractableException: Element &amp;lt;button id=\&amp;quot;sendOtpUC\&amp;quot; class=\&amp;quot;continueBtn btn col-xs-24 btn-large btn-line-skyblue marT20\&amp;quot; type=\&amp;quot;button\&amp;quot;&amp;gt; could not be scrolled into view\nBuild info: version: &amp;apos;3.7.1&amp;apos;, revision: &amp;apos;8a0099a&amp;apos;, time: &amp;apos;2017-11-06T21:07:36.161Z&amp;apos;\nSystem info: host: &amp;apos;L-15S7152&amp;apos;, ip: &amp;apos;10.20.86.19&amp;apos;, os.name: &amp;apos;Windows 7&amp;apos;, os.arch: &amp;apos;amd64&amp;apos;, os.version: &amp;apos;6.1&amp;apos;, java.version: &amp;apos;1.8.0_102&amp;apos;\nDriver info: com.kms.katalon.core.webui.driver.firefox.CGeckoDriver\nCapabilities {acceptInsecureCerts: true, browserName: firefox, browserVersion: 62.0, javascriptEnabled: true, moz:accessibilityChecks: false, moz:headless: false, moz:processID: 7560, moz:profile: C:\\Users\\kartik.sehgal.in\\A..., moz:useNonSpecCompliantPointerOrigin: false, moz:webdriverClick: true, pageLoadStrategy: normal, platform: XP, platformName: XP, platformVersion: 6.1, proxy: Proxy(direct), rotatable: false, timeouts: {implicit: 0, pageLoad: 300000, script: 30000}}\nSession ID: 9115b084-cb20-4c8c-8b34-e9ef82239ba2)</message>
  <exception>
    <message>com.kms.katalon.core.exception.StepFailedException: Unable to click on object 'Object Repository/New Folder/Page_Online Shopping Site in India/button_Login Without Password' (Root cause: org.openqa.selenium.ElementNotInteractableException: Element &lt;button id="sendOtpUC" class="continueBtn btn col-xs-24 btn-large btn-line-skyblue marT20" type="button"&gt; could not be scrolled into view
Build info: version: '3.7.1', revision: '8a0099a', time: '2017-11-06T21:07:36.161Z'
System info: host: 'L-15S7152', ip: '10.20.86.19', os.name: 'Windows 7', os.arch: 'amd64', os.version: '6.1', java.version: '1.8.0_102'
Driver info: com.kms.katalon.core.webui.driver.firefox.CGeckoDriver
Capabilities {acceptInsecureCerts: true, browserName: firefox, browserVersion: 62.0, javascriptEnabled: true, moz:accessibilityChecks: false, moz:headless: false, moz:processID: 7560, moz:profile: C:\Users\kartik.sehgal.in\A..., moz:useNonSpecCompliantPointerOrigin: false, moz:webdriverClick: true, pageLoadStrategy: normal, platform: XP, platformName: XP, platformVersion: 6.1, proxy: Proxy(direct), rotatable: false, timeouts: {implicit: 0, pageLoad: 300000, script: 30000}}
Session ID: 9115b084-cb20-4c8c-8b34-e9ef82239ba2)</message>
    <frame>
      <class>com.kms.katalon.core.keyword.internal.KeywordMain</class>
      <method>stepFailed</method>
      <line>36</line>
    </frame>
    <frame>
      <class>com.kms.katalon.core.webui.keyword.internal.WebUIKeywordMain</class>
      <method>stepFailed</method>
      <line>65</line>
    </frame>
    <frame>
      <class>com.kms.katalon.core.webui.keyword.internal.WebUIKeywordMain</class>
      <method>runKeyword</method>
      <line>27</line>
    </frame>
    <frame>
      <class>com.kms.katalon.core.webui.keyword.builtin.ClickKeyword</class>
      <method>click</method>
      <line>86</line>
    </frame>
    <frame>
      <class>com.kms.katalon.core.webui.keyword.builtin.ClickKeyword</class>
      <method>execute</method>
      <line>67</line>
    </frame>
    <frame>
      <class>com.kms.katalon.core.keyword.internal.KeywordExecutor</class>
      <method>executeKeywordForPlatform</method>
      <line>53</line>
    </frame>
    <frame>
      <class>com.kms.katalon.core.webui.keyword.WebUiBuiltInKeywords</class>
      <method>click</method>
      <line>604</line>
    </frame>
    <frame>
      <class>com.kms.katalon.core.webui.keyword.WebUiBuiltInKeywords$click$5</class>
      <method>call</method>
    </frame>
    <frame>
      <class>org.codehaus.groovy.runtime.callsite.CallSiteArray</class>
      <method>defaultCall</method>
      <line>48</line>
    </frame>
    <frame>
      <class>org.codehaus.groovy.runtime.callsite.AbstractCallSite</class>
      <method>call</method>
      <line>113</line>
    </frame>
    <frame>
      <class>org.codehaus.groovy.runtime.callsite.AbstractCallSite</class>
      <method>call</method>
      <line>133</line>
    </frame>
    <frame>
      <class>Script1531114267591</class>
      <method>run</method>
      <line>46</line>
    </frame>
    <frame>
      <class>com.kms.katalon.core.main.ScriptEngine</class>
      <method>run</method>
      <line>183</line>
    </frame>
    <frame>
      <class>com.kms.katalon.core.main.ScriptEngine</class>
      <method>runScriptAsRawText</method>
      <line>108</line>
    </frame>
    <frame>
      <class>com.kms.katalon.core.main.TestCaseExecutor</class>
      <method>runScript</method>
      <line>295</line>
    </frame>
    <frame>
      <class>com.kms.katalon.core.main.TestCaseExecutor</class>
      <method>doExecute</method>
      <line>286</line>
    </frame>
    <frame>
      <class>com.kms.katalon.core.main.TestCaseExecutor</class>
      <method>processExecutionPhase</method>
      <line>265</line>
    </frame>
    <frame>
      <class>com.kms.katalon.core.main.TestCaseExecutor</class>
      <method>accessMainPhase</method>
      <line>257</line>
    </frame>
    <frame>
      <class>com.kms.katalon.core.main.TestCaseExecutor</class>
      <method>execute</method>
      <line>201</line>
    </frame>
    <frame>
      <class>com.kms.katalon.core.main.TestSuiteExecutor</class>
      <method>accessTestCaseMainPhase</method>
      <line>129</line>
    </frame>
    <frame>
      <class>com.kms.katalon.core.main.TestSuiteExecutor</class>
      <method>accessTestSuiteMainPhase</method>
      <line>112</line>
    </frame>
    <frame>
      <class>com.kms.katalon.core.main.TestSuiteExecutor</class>
      <method>execute</method>
      <line>81</line>
    </frame>
    <frame>
      <class>com.kms.katalon.core.main.TestCaseMain</class>
      <method>startTestSuite</method>
      <line>106</line>
    </frame>
    <frame>
      <class>com.kms.katalon.core.main.TestCaseMain$startTestSuite$0</class>
      <method>call</method>
    </frame>
    <frame>
      <class>org.codehaus.groovy.runtime.callsite.CallSiteArray</class>
      <method>defaultCall</method>
      <line>48</line>
    </frame>
    <frame>
      <class>org.codehaus.groovy.runtime.callsite.AbstractCallSite</class>
      <method>call</method>
      <line>113</line>
    </frame>
    <frame>
      <class>org.codehaus.groovy.runtime.callsite.AbstractCallSite</class>
      <method>call</method>
      <line>141</line>
    </frame>
    <frame>
      <class>TempTestSuite1531129682302</class>
      <method>run</method>
      <line>35</line>
    </frame>
    <frame>
      <class>groovy.lang.GroovyShell</class>
      <method>runScriptOrMainOrTestOrRunnable</method>
      <line>263</line>
    </frame>
    <frame>
      <class>groovy.lang.GroovyShell</class>
      <method>run</method>
      <line>518</line>
    </frame>
    <frame>
      <class>groovy.lang.GroovyShell</class>
      <method>run</method>
      <line>507</line>
    </frame>
    <frame>
      <class>groovy.ui.GroovyMain</class>
      <method>processOnce</method>
      <line>653</line>
    </frame>
    <frame>
      <class>groovy.ui.GroovyMain</class>
      <method>run</method>
      <line>384</line>
    </frame>
    <frame>
      <class>groovy.ui.GroovyMain</class>
      <method>process</method>
      <line>370</line>
    </frame>
    <frame>
      <class>groovy.ui.GroovyMain</class>
      <method>processArgs</method>
      <line>129</line>
    </frame>
    <frame>
      <class>groovy.ui.GroovyMain</class>
      <method>main</method>
      <line>109</line>
    </frame>
    <frame>
      <class>sun.reflect.NativeMethodAccessorImpl</class>
      <method>invoke0</method>
    </frame>
    <frame>
      <class>sun.reflect.NativeMethodAccessorImpl</class>
      <method>invoke</method>
      <line>62</line>
    </frame>
    <frame>
      <class>sun.reflect.DelegatingMethodAccessorImpl</class>
      <method>invoke</method>
      <line>43</line>
    </frame>
    <frame>
      <class>java.lang.reflect.Method</class>
      <method>invoke</method>
      <line>498</line>
    </frame>
    <frame>
      <class>org.codehaus.groovy.tools.GroovyStarter</class>
      <method>rootLoader</method>
      <line>109</line>
    </frame>
    <frame>
      <class>org.codehaus.groovy.tools.GroovyStarter</class>
      <method>main</method>
      <line>131</line>
    </frame>
  </exception>
  <nestedLevel>0</nestedLevel>
</record>
<record>
  <date>2018-07-09T15:18:18</date>
  <millis>1531129698444</millis>
  <sequence>134</sequence>
  <level>END</level>
  <class>com.kms.katalon.core.logging.KeywordLogger</class>
  <method>endTest</method>
  <thread>1</thread>
  <message>End Test Case : Test Cases/Snapdeal Web Page</message>
  <nestedLevel>0</nestedLevel>
</record>
<record>
  <date>2018-07-09T15:18:18</date>
  <millis>1531129698825</millis>
  <sequence>135</sequence>
  <level>END</level>
  <class>com.kms.katalon.core.logging.KeywordLogger</class>
  <method>endSuite</method>
  <thread>1</thread>
  <message>End Test Suite : Test Suites/Snapdeal Web Page</message>
  <nestedLevel>0</nestedLevel>
</record>
</log>
